mode: atomic
github.com/vmware-tanzu/graph-framework-for-microservices/compiler/pkg/crd-generator/helper_generator.go:14.94,17.25 3 1
github.com/vmware-tanzu/graph-framework-for-microservices/compiler/pkg/crd-generator/helper_generator.go:26.2,27.15 2 1
github.com/vmware-tanzu/graph-framework-for-microservices/compiler/pkg/crd-generator/helper_generator.go:17.25,20.31 3 8
github.com/vmware-tanzu/graph-framework-for-microservices/compiler/pkg/crd-generator/helper_generator.go:23.3,24.15 2 8
github.com/vmware-tanzu/graph-framework-for-microservices/compiler/pkg/crd-generator/helper_generator.go:20.31,22.4 1 17
github.com/vmware-tanzu/graph-framework-for-microservices/compiler/pkg/crd-generator/helper_generator.go:30.96,40.25 3 1
github.com/vmware-tanzu/graph-framework-for-microservices/compiler/pkg/crd-generator/helper_generator.go:65.2,65.15 1 1
github.com/vmware-tanzu/graph-framework-for-microservices/compiler/pkg/crd-generator/helper_generator.go:40.25,49.17 4 8
github.com/vmware-tanzu/graph-framework-for-microservices/compiler/pkg/crd-generator/helper_generator.go:53.3,59.17 6 8
github.com/vmware-tanzu/graph-framework-for-microservices/compiler/pkg/crd-generator/helper_generator.go:62.3,62.44 1 8
github.com/vmware-tanzu/graph-framework-for-microservices/compiler/pkg/crd-generator/helper_generator.go:49.17,51.4 1 0
github.com/vmware-tanzu/graph-framework-for-microservices/compiler/pkg/crd-generator/helper_generator.go:59.17,61.4 1 0
github.com/vmware-tanzu/graph-framework-for-microservices/compiler/pkg/crd-generator/template_renderers.go:46.105,51.27 4 0
github.com/vmware-tanzu/graph-framework-for-microservices/compiler/pkg/crd-generator/template_renderers.go:112.2,113.16 2 0
github.com/vmware-tanzu/graph-framework-for-microservices/compiler/pkg/crd-generator/template_renderers.go:117.2,118.16 2 0
github.com/vmware-tanzu/graph-framework-for-microservices/compiler/pkg/crd-generator/template_renderers.go:121.2,122.16 2 0
github.com/vmware-tanzu/graph-framework-for-microservices/compiler/pkg/crd-generator/template_renderers.go:126.2,126.12 1 0
github.com/vmware-tanzu/graph-framework-for-microservices/compiler/pkg/crd-generator/template_renderers.go:51.27,60.17 9 0
github.com/vmware-tanzu/graph-framework-for-microservices/compiler/pkg/crd-generator/template_renderers.go:63.3,64.17 2 0
github.com/vmware-tanzu/graph-framework-for-microservices/compiler/pkg/crd-generator/template_renderers.go:67.3,69.17 3 0
github.com/vmware-tanzu/graph-framework-for-microservices/compiler/pkg/crd-generator/template_renderers.go:72.3,73.17 2 0
github.com/vmware-tanzu/graph-framework-for-microservices/compiler/pkg/crd-generator/template_renderers.go:76.3,78.17 3 0
github.com/vmware-tanzu/graph-framework-for-microservices/compiler/pkg/crd-generator/template_renderers.go:81.3,82.17 2 0
github.com/vmware-tanzu/graph-framework-for-microservices/compiler/pkg/crd-generator/template_renderers.go:85.3,87.17 3 0
github.com/vmware-tanzu/graph-framework-for-microservices/compiler/pkg/crd-generator/template_renderers.go:90.3,91.17 2 0
github.com/vmware-tanzu/graph-framework-for-microservices/compiler/pkg/crd-generator/template_renderers.go:94.3,96.17 3 0
github.com/vmware-tanzu/graph-framework-for-microservices/compiler/pkg/crd-generator/template_renderers.go:99.3,100.17 2 0
github.com/vmware-tanzu/graph-framework-for-microservices/compiler/pkg/crd-generator/template_renderers.go:103.3,103.30 1 0
github.com/vmware-tanzu/graph-framework-for-microservices/compiler/pkg/crd-generator/template_renderers.go:60.17,62.4 1 0
github.com/vmware-tanzu/graph-framework-for-microservices/compiler/pkg/crd-generator/template_renderers.go:64.17,66.4 1 0
github.com/vmware-tanzu/graph-framework-for-microservices/compiler/pkg/crd-generator/template_renderers.go:69.17,71.4 1 0
github.com/vmware-tanzu/graph-framework-for-microservices/compiler/pkg/crd-generator/template_renderers.go:73.17,75.4 1 0
github.com/vmware-tanzu/graph-framework-for-microservices/compiler/pkg/crd-generator/template_renderers.go:78.17,80.4 1 0
github.com/vmware-tanzu/graph-framework-for-microservices/compiler/pkg/crd-generator/template_renderers.go:82.17,84.4 1 0
github.com/vmware-tanzu/graph-framework-for-microservices/compiler/pkg/crd-generator/template_renderers.go:87.17,89.4 1 0
github.com/vmware-tanzu/graph-framework-for-microservices/compiler/pkg/crd-generator/template_renderers.go:91.17,93.4 1 0
github.com/vmware-tanzu/graph-framework-for-microservices/compiler/pkg/crd-generator/template_renderers.go:96.17,98.4 1 0
github.com/vmware-tanzu/graph-framework-for-microservices/compiler/pkg/crd-generator/template_renderers.go:100.17,102.4 1 0
github.com/vmware-tanzu/graph-framework-for-microservices/compiler/pkg/crd-generator/template_renderers.go:103.30,106.18 3 0
github.com/vmware-tanzu/graph-framework-for-microservices/compiler/pkg/crd-generator/template_renderers.go:106.18,108.5 1 0
github.com/vmware-tanzu/graph-framework-for-microservices/compiler/pkg/crd-generator/template_renderers.go:113.16,115.3 1 0
github.com/vmware-tanzu/graph-framework-for-microservices/compiler/pkg/crd-generator/template_renderers.go:118.16,120.3 1 0
github.com/vmware-tanzu/graph-framework-for-microservices/compiler/pkg/crd-generator/template_renderers.go:122.16,124.3 1 0
github.com/vmware-tanzu/graph-framework-for-microservices/compiler/pkg/crd-generator/template_renderers.go:129.106,133.16 4 0
github.com/vmware-tanzu/graph-framework-for-microservices/compiler/pkg/crd-generator/template_renderers.go:137.2,138.16 2 0
github.com/vmware-tanzu/graph-framework-for-microservices/compiler/pkg/crd-generator/template_renderers.go:141.2,143.16 3 0
github.com/vmware-tanzu/graph-framework-for-microservices/compiler/pkg/crd-generator/template_renderers.go:147.2,147.12 1 0
github.com/vmware-tanzu/graph-framework-for-microservices/compiler/pkg/crd-generator/template_renderers.go:133.16,135.3 1 0
github.com/vmware-tanzu/graph-framework-for-microservices/compiler/pkg/crd-generator/template_renderers.go:138.16,140.3 1 0
github.com/vmware-tanzu/graph-framework-for-microservices/compiler/pkg/crd-generator/template_renderers.go:143.16,145.3 1 0
github.com/vmware-tanzu/graph-framework-for-microservices/compiler/pkg/crd-generator/template_renderers.go:150.38,152.16 2 0
github.com/vmware-tanzu/graph-framework-for-microservices/compiler/pkg/crd-generator/template_renderers.go:155.2,155.12 1 0
github.com/vmware-tanzu/graph-framework-for-microservices/compiler/pkg/crd-generator/template_renderers.go:152.16,154.3 1 0
github.com/vmware-tanzu/graph-framework-for-microservices/compiler/pkg/crd-generator/template_renderers.go:158.93,161.16 3 0
github.com/vmware-tanzu/graph-framework-for-microservices/compiler/pkg/crd-generator/template_renderers.go:167.2,168.16 2 0
github.com/vmware-tanzu/graph-framework-for-microservices/compiler/pkg/crd-generator/template_renderers.go:171.2,171.12 1 0
github.com/vmware-tanzu/graph-framework-for-microservices/compiler/pkg/crd-generator/template_renderers.go:161.16,163.17 2 0
github.com/vmware-tanzu/graph-framework-for-microservices/compiler/pkg/crd-generator/template_renderers.go:163.17,165.4 1 0
github.com/vmware-tanzu/graph-framework-for-microservices/compiler/pkg/crd-generator/template_renderers.go:168.16,170.3 1 0
github.com/vmware-tanzu/graph-framework-for-microservices/compiler/pkg/crd-generator/template_renderers.go:174.71,176.2 1 10
github.com/vmware-tanzu/graph-framework-for-microservices/compiler/pkg/crd-generator/template_renderers.go:178.87,179.17 1 37
github.com/vmware-tanzu/graph-framework-for-microservices/compiler/pkg/crd-generator/template_renderers.go:182.2,184.47 2 37
github.com/vmware-tanzu/graph-framework-for-microservices/compiler/pkg/crd-generator/template_renderers.go:189.2,189.16 1 37
github.com/vmware-tanzu/graph-framework-for-microservices/compiler/pkg/crd-generator/template_renderers.go:179.17,181.3 1 0
github.com/vmware-tanzu/graph-framework-for-microservices/compiler/pkg/crd-generator/template_renderers.go:184.47,187.3 2 0
github.com/vmware-tanzu/graph-framework-for-microservices/compiler/pkg/crd-generator/template_renderers.go:198.89,205.52 2 1
github.com/vmware-tanzu/graph-framework-for-microservices/compiler/pkg/crd-generator/template_renderers.go:209.2,210.16 2 1
github.com/vmware-tanzu/graph-framework-for-microservices/compiler/pkg/crd-generator/template_renderers.go:214.2,214.42 1 1
github.com/vmware-tanzu/graph-framework-for-microservices/compiler/pkg/crd-generator/template_renderers.go:205.52,207.3 1 0
github.com/vmware-tanzu/graph-framework-for-microservices/compiler/pkg/crd-generator/template_renderers.go:210.16,212.3 1 0
github.com/vmware-tanzu/graph-framework-for-microservices/compiler/pkg/crd-generator/template_renderers.go:222.99,229.52 3 1
github.com/vmware-tanzu/graph-framework-for-microservices/compiler/pkg/crd-generator/template_renderers.go:233.2,234.16 2 1
github.com/vmware-tanzu/graph-framework-for-microservices/compiler/pkg/crd-generator/template_renderers.go:238.2,238.52 1 1
github.com/vmware-tanzu/graph-framework-for-microservices/compiler/pkg/crd-generator/template_renderers.go:229.52,231.3 1 0
github.com/vmware-tanzu/graph-framework-for-microservices/compiler/pkg/crd-generator/template_renderers.go:234.16,236.3 1 0
github.com/vmware-tanzu/graph-framework-for-microservices/compiler/pkg/crd-generator/template_renderers.go:248.112,251.43 2 1
github.com/vmware-tanzu/graph-framework-for-microservices/compiler/pkg/crd-generator/template_renderers.go:255.2,266.30 3 1
github.com/vmware-tanzu/graph-framework-for-microservices/compiler/pkg/crd-generator/template_renderers.go:270.2,271.16 2 1
github.com/vmware-tanzu/graph-framework-for-microservices/compiler/pkg/crd-generator/template_renderers.go:274.2,274.50 1 1
github.com/vmware-tanzu/graph-framework-for-microservices/compiler/pkg/crd-generator/template_renderers.go:251.43,253.3 1 4
github.com/vmware-tanzu/graph-framework-for-microservices/compiler/pkg/crd-generator/template_renderers.go:266.30,268.3 1 0
github.com/vmware-tanzu/graph-framework-for-microservices/compiler/pkg/crd-generator/template_renderers.go:271.16,273.3 1 0
github.com/vmware-tanzu/graph-framework-for-microservices/compiler/pkg/crd-generator/template_renderers.go:286.91,297.16 10 1
github.com/vmware-tanzu/graph-framework-for-microservices/compiler/pkg/crd-generator/template_renderers.go:301.2,302.16 2 1
github.com/vmware-tanzu/graph-framework-for-microservices/compiler/pkg/crd-generator/template_renderers.go:306.2,307.16 2 1
github.com/vmware-tanzu/graph-framework-for-microservices/compiler/pkg/crd-generator/template_renderers.go:311.2,311.34 1 1
github.com/vmware-tanzu/graph-framework-for-microservices/compiler/pkg/crd-generator/template_renderers.go:297.16,299.3 1 0
github.com/vmware-tanzu/graph-framework-for-microservices/compiler/pkg/crd-generator/template_renderers.go:302.16,304.3 1 0
github.com/vmware-tanzu/graph-framework-for-microservices/compiler/pkg/crd-generator/template_renderers.go:307.16,309.3 1 0
github.com/vmware-tanzu/graph-framework-for-microservices/compiler/pkg/crd-generator/template_renderers.go:341.122,345.43 3 1
github.com/vmware-tanzu/graph-framework-for-microservices/compiler/pkg/crd-generator/template_renderers.go:412.2,412.18 1 1
github.com/vmware-tanzu/graph-framework-for-microservices/compiler/pkg/crd-generator/template_renderers.go:345.43,358.9 11 4
github.com/vmware-tanzu/graph-framework-for-microservices/compiler/pkg/crd-generator/template_renderers.go:365.3,365.79 1 4
github.com/vmware-tanzu/graph-framework-for-microservices/compiler/pkg/crd-generator/template_renderers.go:369.3,369.80 1 4
github.com/vmware-tanzu/graph-framework-for-microservices/compiler/pkg/crd-generator/template_renderers.go:373.3,374.17 2 4
github.com/vmware-tanzu/graph-framework-for-microservices/compiler/pkg/crd-generator/template_renderers.go:378.3,395.31 2 4
github.com/vmware-tanzu/graph-framework-for-microservices/compiler/pkg/crd-generator/template_renderers.go:398.3,399.17 2 4
github.com/vmware-tanzu/graph-framework-for-microservices/compiler/pkg/crd-generator/template_renderers.go:402.3,403.17 2 4
github.com/vmware-tanzu/graph-framework-for-microservices/compiler/pkg/crd-generator/template_renderers.go:406.3,410.27 2 4
github.com/vmware-tanzu/graph-framework-for-microservices/compiler/pkg/crd-generator/template_renderers.go:358.9,363.4 4 2
github.com/vmware-tanzu/graph-framework-for-microservices/compiler/pkg/crd-generator/template_renderers.go:365.79,368.4 2 2
github.com/vmware-tanzu/graph-framework-for-microservices/compiler/pkg/crd-generator/template_renderers.go:369.80,371.4 1 1
github.com/vmware-tanzu/graph-framework-for-microservices/compiler/pkg/crd-generator/template_renderers.go:374.17,376.4 1 0
github.com/vmware-tanzu/graph-framework-for-microservices/compiler/pkg/crd-generator/template_renderers.go:395.31,397.4 1 0
github.com/vmware-tanzu/graph-framework-for-microservices/compiler/pkg/crd-generator/template_renderers.go:399.17,401.4 1 0
github.com/vmware-tanzu/graph-framework-for-microservices/compiler/pkg/crd-generator/template_renderers.go:403.17,405.4 1 0
github.com/vmware-tanzu/graph-framework-for-microservices/compiler/pkg/crd-generator/template_renderers.go:415.67,418.31 3 0
github.com/vmware-tanzu/graph-framework-for-microservices/compiler/pkg/crd-generator/template_renderers.go:421.2,424.57 4 0
github.com/vmware-tanzu/graph-framework-for-microservices/compiler/pkg/crd-generator/template_renderers.go:418.31,420.3 1 0
github.com/vmware-tanzu/graph-framework-for-microservices/compiler/pkg/crd-generator/template_renderers.go:433.113,435.28 2 1
github.com/vmware-tanzu/graph-framework-for-microservices/compiler/pkg/crd-generator/template_renderers.go:438.2,446.16 7 1
github.com/vmware-tanzu/graph-framework-for-microservices/compiler/pkg/crd-generator/template_renderers.go:450.2,451.16 2 1
github.com/vmware-tanzu/graph-framework-for-microservices/compiler/pkg/crd-generator/template_renderers.go:455.2,456.16 2 1
github.com/vmware-tanzu/graph-framework-for-microservices/compiler/pkg/crd-generator/template_renderers.go:460.2,460.34 1 1
github.com/vmware-tanzu/graph-framework-for-microservices/compiler/pkg/crd-generator/template_renderers.go:435.28,437.3 1 8
github.com/vmware-tanzu/graph-framework-for-microservices/compiler/pkg/crd-generator/template_renderers.go:446.16,448.3 1 0
github.com/vmware-tanzu/graph-framework-for-microservices/compiler/pkg/crd-generator/template_renderers.go:451.16,453.3 1 0
github.com/vmware-tanzu/graph-framework-for-microservices/compiler/pkg/crd-generator/template_renderers.go:456.16,458.3 1 0
github.com/vmware-tanzu/graph-framework-for-microservices/compiler/pkg/crd-generator/template_renderers.go:463.136,466.16 3 0
github.com/vmware-tanzu/graph-framework-for-microservices/compiler/pkg/crd-generator/template_renderers.go:469.2,471.16 3 0
github.com/vmware-tanzu/graph-framework-for-microservices/compiler/pkg/crd-generator/template_renderers.go:475.2,475.12 1 0
github.com/vmware-tanzu/graph-framework-for-microservices/compiler/pkg/crd-generator/template_renderers.go:466.16,468.3 1 0
github.com/vmware-tanzu/graph-framework-for-microservices/compiler/pkg/crd-generator/template_renderers.go:471.16,473.3 1 0
github.com/vmware-tanzu/graph-framework-for-microservices/compiler/pkg/crd-generator/template_renderers.go:489.150,491.16 2 1
github.com/vmware-tanzu/graph-framework-for-microservices/compiler/pkg/crd-generator/template_renderers.go:495.2,496.16 2 1
github.com/vmware-tanzu/graph-framework-for-microservices/compiler/pkg/crd-generator/template_renderers.go:500.2,501.16 2 1
github.com/vmware-tanzu/graph-framework-for-microservices/compiler/pkg/crd-generator/template_renderers.go:505.2,506.16 2 1
github.com/vmware-tanzu/graph-framework-for-microservices/compiler/pkg/crd-generator/template_renderers.go:510.2,510.34 1 1
github.com/vmware-tanzu/graph-framework-for-microservices/compiler/pkg/crd-generator/template_renderers.go:491.16,493.3 1 0
github.com/vmware-tanzu/graph-framework-for-microservices/compiler/pkg/crd-generator/template_renderers.go:496.16,498.3 1 0
github.com/vmware-tanzu/graph-framework-for-microservices/compiler/pkg/crd-generator/template_renderers.go:501.16,503.3 1 0
github.com/vmware-tanzu/graph-framework-for-microservices/compiler/pkg/crd-generator/template_renderers.go:506.16,508.3 1 0
github.com/vmware-tanzu/graph-framework-for-microservices/compiler/pkg/crd-generator/types_generator.go:25.82,27.43 2 1
github.com/vmware-tanzu/graph-framework-for-microservices/compiler/pkg/crd-generator/types_generator.go:31.2,31.15 1 1
github.com/vmware-tanzu/graph-framework-for-microservices/compiler/pkg/crd-generator/types_generator.go:27.43,29.3 1 4
github.com/vmware-tanzu/graph-framework-for-microservices/compiler/pkg/crd-generator/types_generator.go:34.98,41.2 5 4
github.com/vmware-tanzu/graph-framework-for-microservices/compiler/pkg/crd-generator/types_generator.go:43.75,54.39 3 4
github.com/vmware-tanzu/graph-framework-for-microservices/compiler/pkg/crd-generator/types_generator.go:57.2,59.24 3 4
github.com/vmware-tanzu/graph-framework-for-microservices/compiler/pkg/crd-generator/types_generator.go:73.2,74.18 2 4
github.com/vmware-tanzu/graph-framework-for-microservices/compiler/pkg/crd-generator/types_generator.go:78.2,108.16 4 4
github.com/vmware-tanzu/graph-framework-for-microservices/compiler/pkg/crd-generator/types_generator.go:111.2,112.16 2 4
github.com/vmware-tanzu/graph-framework-for-microservices/compiler/pkg/crd-generator/types_generator.go:115.2,115.19 1 4
github.com/vmware-tanzu/graph-framework-for-microservices/compiler/pkg/crd-generator/types_generator.go:54.39,56.3 1 3
github.com/vmware-tanzu/graph-framework-for-microservices/compiler/pkg/crd-generator/types_generator.go:59.24,63.17 4 3
github.com/vmware-tanzu/graph-framework-for-microservices/compiler/pkg/crd-generator/types_generator.go:66.3,66.23 1 3
github.com/vmware-tanzu/graph-framework-for-microservices/compiler/pkg/crd-generator/types_generator.go:69.3,70.51 2 3
github.com/vmware-tanzu/graph-framework-for-microservices/compiler/pkg/crd-generator/types_generator.go:63.17,65.4 1 0
github.com/vmware-tanzu/graph-framework-for-microservices/compiler/pkg/crd-generator/types_generator.go:66.23,68.4 1 0
github.com/vmware-tanzu/graph-framework-for-microservices/compiler/pkg/crd-generator/types_generator.go:74.18,76.3 1 0
github.com/vmware-tanzu/graph-framework-for-microservices/compiler/pkg/crd-generator/types_generator.go:108.16,110.3 1 0
github.com/vmware-tanzu/graph-framework-for-microservices/compiler/pkg/crd-generator/types_generator.go:112.16,114.3 1 0
github.com/vmware-tanzu/graph-framework-for-microservices/compiler/pkg/crd-generator/types_generator.go:118.63,121.15 3 10
github.com/vmware-tanzu/graph-framework-for-microservices/compiler/pkg/crd-generator/types_generator.go:125.2,126.49 2 10
github.com/vmware-tanzu/graph-framework-for-microservices/compiler/pkg/crd-generator/types_generator.go:135.2,135.33 1 10
github.com/vmware-tanzu/graph-framework-for-microservices/compiler/pkg/crd-generator/types_generator.go:121.15,123.3 1 3
github.com/vmware-tanzu/graph-framework-for-microservices/compiler/pkg/crd-generator/types_generator.go:126.49,128.43 2 3
github.com/vmware-tanzu/graph-framework-for-microservices/compiler/pkg/crd-generator/types_generator.go:128.43,130.4 1 3
github.com/vmware-tanzu/graph-framework-for-microservices/compiler/pkg/crd-generator/types_generator.go:130.9,132.4 1 0
github.com/vmware-tanzu/graph-framework-for-microservices/compiler/pkg/crd-generator/types_generator.go:138.82,146.40 2 4
github.com/vmware-tanzu/graph-framework-for-microservices/compiler/pkg/crd-generator/types_generator.go:149.2,155.51 3 3
github.com/vmware-tanzu/graph-framework-for-microservices/compiler/pkg/crd-generator/types_generator.go:177.2,177.52 1 3
github.com/vmware-tanzu/graph-framework-for-microservices/compiler/pkg/crd-generator/types_generator.go:191.2,191.50 1 3
github.com/vmware-tanzu/graph-framework-for-microservices/compiler/pkg/crd-generator/types_generator.go:205.2,206.16 2 3
github.com/vmware-tanzu/graph-framework-for-microservices/compiler/pkg/crd-generator/types_generator.go:209.2,210.16 2 3
github.com/vmware-tanzu/graph-framework-for-microservices/compiler/pkg/crd-generator/types_generator.go:213.2,213.19 1 3
github.com/vmware-tanzu/graph-framework-for-microservices/compiler/pkg/crd-generator/types_generator.go:146.40,148.3 1 1
github.com/vmware-tanzu/graph-framework-for-microservices/compiler/pkg/crd-generator/types_generator.go:155.51,158.62 3 7
github.com/vmware-tanzu/graph-framework-for-microservices/compiler/pkg/crd-generator/types_generator.go:163.3,163.17 1 7
github.com/vmware-tanzu/graph-framework-for-microservices/compiler/pkg/crd-generator/types_generator.go:166.3,166.69 1 7
github.com/vmware-tanzu/graph-framework-for-microservices/compiler/pkg/crd-generator/types_generator.go:171.3,174.60 4 7
github.com/vmware-tanzu/graph-framework-for-microservices/compiler/pkg/crd-generator/types_generator.go:158.62,160.4 1 0
github.com/vmware-tanzu/graph-framework-for-microservices/compiler/pkg/crd-generator/types_generator.go:160.9,162.4 1 7
github.com/vmware-tanzu/graph-framework-for-microservices/compiler/pkg/crd-generator/types_generator.go:163.17,165.4 1 0
github.com/vmware-tanzu/graph-framework-for-microservices/compiler/pkg/crd-generator/types_generator.go:166.69,167.37 1 1
github.com/vmware-tanzu/graph-framework-for-microservices/compiler/pkg/crd-generator/types_generator.go:167.37,169.5 1 2
github.com/vmware-tanzu/graph-framework-for-microservices/compiler/pkg/crd-generator/types_generator.go:177.52,179.17 2 2
github.com/vmware-tanzu/graph-framework-for-microservices/compiler/pkg/crd-generator/types_generator.go:182.3,183.39 2 2
github.com/vmware-tanzu/graph-framework-for-microservices/compiler/pkg/crd-generator/types_generator.go:188.3,188.84 1 2
github.com/vmware-tanzu/graph-framework-for-microservices/compiler/pkg/crd-generator/types_generator.go:179.17,180.12 1 0
github.com/vmware-tanzu/graph-framework-for-microservices/compiler/pkg/crd-generator/types_generator.go:183.39,185.4 1 1
github.com/vmware-tanzu/graph-framework-for-microservices/compiler/pkg/crd-generator/types_generator.go:185.9,187.4 1 1
github.com/vmware-tanzu/graph-framework-for-microservices/compiler/pkg/crd-generator/types_generator.go:191.50,193.17 2 1
github.com/vmware-tanzu/graph-framework-for-microservices/compiler/pkg/crd-generator/types_generator.go:196.3,197.38 2 1
github.com/vmware-tanzu/graph-framework-for-microservices/compiler/pkg/crd-generator/types_generator.go:202.3,202.83 1 1
github.com/vmware-tanzu/graph-framework-for-microservices/compiler/pkg/crd-generator/types_generator.go:193.17,195.4 1 0
github.com/vmware-tanzu/graph-framework-for-microservices/compiler/pkg/crd-generator/types_generator.go:197.38,199.4 1 0
github.com/vmware-tanzu/graph-framework-for-microservices/compiler/pkg/crd-generator/types_generator.go:199.9,201.4 1 1
github.com/vmware-tanzu/graph-framework-for-microservices/compiler/pkg/crd-generator/types_generator.go:206.16,208.3 1 0
github.com/vmware-tanzu/graph-framework-for-microservices/compiler/pkg/crd-generator/types_generator.go:210.16,212.3 1 0
github.com/vmware-tanzu/graph-framework-for-microservices/compiler/pkg/crd-generator/types_generator.go:217.49,230.18 4 4
github.com/vmware-tanzu/graph-framework-for-microservices/compiler/pkg/crd-generator/types_generator.go:233.2,234.16 2 4
github.com/vmware-tanzu/graph-framework-for-microservices/compiler/pkg/crd-generator/types_generator.go:237.2,238.16 2 4
github.com/vmware-tanzu/graph-framework-for-microservices/compiler/pkg/crd-generator/types_generator.go:241.2,241.19 1 4
github.com/vmware-tanzu/graph-framework-for-microservices/compiler/pkg/crd-generator/types_generator.go:230.18,232.3 1 0
github.com/vmware-tanzu/graph-framework-for-microservices/compiler/pkg/crd-generator/types_generator.go:234.16,236.3 1 0
github.com/vmware-tanzu/graph-framework-for-microservices/compiler/pkg/crd-generator/types_generator.go:238.16,240.3 1 0
github.com/vmware-tanzu/graph-framework-for-microservices/compiler/pkg/crd-generator/types_generator.go:244.85,246.38 2 1
github.com/vmware-tanzu/graph-framework-for-microservices/compiler/pkg/crd-generator/types_generator.go:249.2,249.15 1 1
github.com/vmware-tanzu/graph-framework-for-microservices/compiler/pkg/crd-generator/types_generator.go:246.38,248.3 1 7
github.com/vmware-tanzu/graph-framework-for-microservices/compiler/pkg/crd-generator/types_generator.go:252.87,264.51 4 7
github.com/vmware-tanzu/graph-framework-for-microservices/compiler/pkg/crd-generator/types_generator.go:286.2,287.16 2 7
github.com/vmware-tanzu/graph-framework-for-microservices/compiler/pkg/crd-generator/types_generator.go:290.2,291.16 2 7
github.com/vmware-tanzu/graph-framework-for-microservices/compiler/pkg/crd-generator/types_generator.go:294.2,294.19 1 7
github.com/vmware-tanzu/graph-framework-for-microservices/compiler/pkg/crd-generator/types_generator.go:264.51,266.17 2 18
github.com/vmware-tanzu/graph-framework-for-microservices/compiler/pkg/crd-generator/types_generator.go:269.3,269.69 1 18
github.com/vmware-tanzu/graph-framework-for-microservices/compiler/pkg/crd-generator/types_generator.go:274.3,278.50 4 18
github.com/vmware-tanzu/graph-framework-for-microservices/compiler/pkg/crd-generator/types_generator.go:266.17,268.4 1 0
github.com/vmware-tanzu/graph-framework-for-microservices/compiler/pkg/crd-generator/types_generator.go:269.69,270.37 1 0
github.com/vmware-tanzu/graph-framework-for-microservices/compiler/pkg/crd-generator/types_generator.go:270.37,272.5 1 0
github.com/vmware-tanzu/graph-framework-for-microservices/compiler/pkg/crd-generator/types_generator.go:278.50,281.4 2 0
github.com/vmware-tanzu/graph-framework-for-microservices/compiler/pkg/crd-generator/types_generator.go:281.9,283.4 1 18
github.com/vmware-tanzu/graph-framework-for-microservices/compiler/pkg/crd-generator/types_generator.go:287.16,289.3 1 0
github.com/vmware-tanzu/graph-framework-for-microservices/compiler/pkg/crd-generator/types_generator.go:291.16,293.3 1 0
github.com/vmware-tanzu/graph-framework-for-microservices/compiler/pkg/crd-generator/types_generator.go:297.51,299.38 2 1
github.com/vmware-tanzu/graph-framework-for-microservices/compiler/pkg/crd-generator/types_generator.go:307.2,307.15 1 1
github.com/vmware-tanzu/graph-framework-for-microservices/compiler/pkg/crd-generator/types_generator.go:299.38,301.17 2 9
github.com/vmware-tanzu/graph-framework-for-microservices/compiler/pkg/crd-generator/types_generator.go:304.3,304.21 1 9
github.com/vmware-tanzu/graph-framework-for-microservices/compiler/pkg/crd-generator/types_generator.go:301.17,303.4 1 0
github.com/vmware-tanzu/graph-framework-for-microservices/compiler/pkg/crd-generator/types_generator.go:310.52,315.43 3 1
github.com/vmware-tanzu/graph-framework-for-microservices/compiler/pkg/crd-generator/types_generator.go:326.2,327.15 2 1
github.com/vmware-tanzu/graph-framework-for-microservices/compiler/pkg/crd-generator/types_generator.go:339.2,340.16 2 1
github.com/vmware-tanzu/graph-framework-for-microservices/compiler/pkg/crd-generator/types_generator.go:343.2,344.16 2 1
github.com/vmware-tanzu/graph-framework-for-microservices/compiler/pkg/crd-generator/types_generator.go:347.2,347.19 1 1
github.com/vmware-tanzu/graph-framework-for-microservices/compiler/pkg/crd-generator/types_generator.go:315.43,317.16 2 9
github.com/vmware-tanzu/graph-framework-for-microservices/compiler/pkg/crd-generator/types_generator.go:320.3,321.17 2 9
github.com/vmware-tanzu/graph-framework-for-microservices/compiler/pkg/crd-generator/types_generator.go:324.3,324.23 1 9
github.com/vmware-tanzu/graph-framework-for-microservices/compiler/pkg/crd-generator/types_generator.go:317.16,319.4 1 8
github.com/vmware-tanzu/graph-framework-for-microservices/compiler/pkg/crd-generator/types_generator.go:321.17,323.4 1 0
github.com/vmware-tanzu/graph-framework-for-microservices/compiler/pkg/crd-generator/types_generator.go:328.9,329.23 1 0
github.com/vmware-tanzu/graph-framework-for-microservices/compiler/pkg/crd-generator/types_generator.go:330.9,331.38 1 0
github.com/vmware-tanzu/graph-framework-for-microservices/compiler/pkg/crd-generator/types_generator.go:332.10,336.3 1 1
github.com/vmware-tanzu/graph-framework-for-microservices/compiler/pkg/crd-generator/types_generator.go:340.16,342.3 1 0
github.com/vmware-tanzu/graph-framework-for-microservices/compiler/pkg/crd-generator/types_generator.go:344.16,346.3 1 0
github.com/vmware-tanzu/graph-framework-for-microservices/compiler/pkg/crd-generator/types_generator.go:350.85,352.58 2 1
github.com/vmware-tanzu/graph-framework-for-microservices/compiler/pkg/crd-generator/types_generator.go:355.2,355.15 1 1
github.com/vmware-tanzu/graph-framework-for-microservices/compiler/pkg/crd-generator/types_generator.go:352.58,354.3 1 7
github.com/vmware-tanzu/graph-framework-for-microservices/compiler/pkg/crd-generator/types_generator.go:358.82,364.30 3 1
github.com/vmware-tanzu/graph-framework-for-microservices/compiler/pkg/crd-generator/types_generator.go:392.2,392.19 1 1
github.com/vmware-tanzu/graph-framework-for-microservices/compiler/pkg/crd-generator/types_generator.go:364.30,367.46 3 7
github.com/vmware-tanzu/graph-framework-for-microservices/compiler/pkg/crd-generator/types_generator.go:383.3,386.37 2 7
github.com/vmware-tanzu/graph-framework-for-microservices/compiler/pkg/crd-generator/types_generator.go:390.3,390.37 1 7
github.com/vmware-tanzu/graph-framework-for-microservices/compiler/pkg/crd-generator/types_generator.go:367.46,368.23 1 5
github.com/vmware-tanzu/graph-framework-for-microservices/compiler/pkg/crd-generator/types_generator.go:368.23,371.5 2 2
github.com/vmware-tanzu/graph-framework-for-microservices/compiler/pkg/crd-generator/types_generator.go:371.10,375.5 3 3
github.com/vmware-tanzu/graph-framework-for-microservices/compiler/pkg/crd-generator/types_generator.go:376.9,379.23 3 2
github.com/vmware-tanzu/graph-framework-for-microservices/compiler/pkg/crd-generator/types_generator.go:379.23,381.5 1 1
github.com/vmware-tanzu/graph-framework-for-microservices/compiler/pkg/crd-generator/types_generator.go:386.37,387.12 1 0
github.com/vmware-tanzu/graph-framework-for-microservices/compiler/pkg/crd-generator/types_generator.go:395.76,397.16 2 5
github.com/vmware-tanzu/graph-framework-for-microservices/compiler/pkg/crd-generator/types_generator.go:400.2,404.30 4 5
github.com/vmware-tanzu/graph-framework-for-microservices/compiler/pkg/crd-generator/types_generator.go:397.16,399.3 1 0
github.com/vmware-tanzu/graph-framework-for-microservices/compiler/pkg/crd-generator/types_generator.go:413.77,417.40 2 25
github.com/vmware-tanzu/graph-framework-for-microservices/compiler/pkg/crd-generator/types_generator.go:421.2,421.9 1 1
github.com/vmware-tanzu/graph-framework-for-microservices/compiler/pkg/crd-generator/types_generator.go:452.2,452.19 1 1
github.com/vmware-tanzu/graph-framework-for-microservices/compiler/pkg/crd-generator/types_generator.go:417.40,419.3 1 24
github.com/vmware-tanzu/graph-framework-for-microservices/compiler/pkg/crd-generator/types_generator.go:422.32,429.30 4 0
github.com/vmware-tanzu/graph-framework-for-microservices/compiler/pkg/crd-generator/types_generator.go:437.3,437.60 1 0
github.com/vmware-tanzu/graph-framework-for-microservices/compiler/pkg/crd-generator/types_generator.go:438.34,441.21 3 0
github.com/vmware-tanzu/graph-framework-for-microservices/compiler/pkg/crd-generator/types_generator.go:445.10,447.21 2 1
github.com/vmware-tanzu/graph-framework-for-microservices/compiler/pkg/crd-generator/types_generator.go:429.30,431.22 2 0
github.com/vmware-tanzu/graph-framework-for-microservices/compiler/pkg/crd-generator/types_generator.go:435.4,435.30 1 0
github.com/vmware-tanzu/graph-framework-for-microservices/compiler/pkg/crd-generator/types_generator.go:431.22,434.5 2 0
github.com/vmware-tanzu/graph-framework-for-microservices/compiler/pkg/crd-generator/types_generator.go:441.21,444.4 2 0
github.com/vmware-tanzu/graph-framework-for-microservices/compiler/pkg/crd-generator/types_generator.go:447.21,450.4 2 1
github.com/vmware-tanzu/graph-framework-for-microservices/compiler/pkg/crd-generator/types_generator.go:455.82,456.37 1 1
github.com/vmware-tanzu/graph-framework-for-microservices/compiler/pkg/crd-generator/types_generator.go:465.2,465.14 1 1
github.com/vmware-tanzu/graph-framework-for-microservices/compiler/pkg/crd-generator/types_generator.go:456.37,457.67 1 0
github.com/vmware-tanzu/graph-framework-for-microservices/compiler/pkg/crd-generator/types_generator.go:457.67,459.4 1 0
github.com/vmware-tanzu/graph-framework-for-microservices/compiler/pkg/crd-generator/types_generator.go:460.8,461.44 1 1
github.com/vmware-tanzu/graph-framework-for-microservices/compiler/pkg/crd-generator/types_generator.go:461.44,463.4 1 0
github.com/vmware-tanzu/graph-framework-for-microservices/compiler/pkg/crd-generator/types_generator.go:468.60,470.22 2 25
github.com/vmware-tanzu/graph-framework-for-microservices/compiler/pkg/crd-generator/types_generator.go:478.2,478.17 1 25
github.com/vmware-tanzu/graph-framework-for-microservices/compiler/pkg/crd-generator/types_generator.go:470.22,471.38 1 1
github.com/vmware-tanzu/graph-framework-for-microservices/compiler/pkg/crd-generator/types_generator.go:471.38,472.55 1 2
github.com/vmware-tanzu/graph-framework-for-microservices/compiler/pkg/crd-generator/types_generator.go:472.55,474.5 1 2
github.com/vmware-tanzu/graph-framework-for-microservices/compiler/pkg/crd-generator/client_generator.go:15.150,24.22 7 1
github.com/vmware-tanzu/graph-framework-for-microservices/compiler/pkg/crd-generator/client_generator.go:27.2,29.31 3 1
github.com/vmware-tanzu/graph-framework-for-microservices/compiler/pkg/crd-generator/client_generator.go:33.2,33.37 1 1
github.com/vmware-tanzu/graph-framework-for-microservices/compiler/pkg/crd-generator/client_generator.go:80.2,80.18 1 1
github.com/vmware-tanzu/graph-framework-for-microservices/compiler/pkg/crd-generator/client_generator.go:24.22,26.3 1 5
github.com/vmware-tanzu/graph-framework-for-microservices/compiler/pkg/crd-generator/client_generator.go:29.31,31.3 1 5
github.com/vmware-tanzu/graph-framework-for-microservices/compiler/pkg/crd-generator/client_generator.go:33.37,34.35 1 5
github.com/vmware-tanzu/graph-framework-for-microservices/compiler/pkg/crd-generator/client_generator.go:34.35,64.45 16 5
github.com/vmware-tanzu/graph-framework-for-microservices/compiler/pkg/crd-generator/client_generator.go:76.4,76.54 1 5
github.com/vmware-tanzu/graph-framework-for-microservices/compiler/pkg/crd-generator/client_generator.go:64.45,70.19 6 12
github.com/vmware-tanzu/graph-framework-for-microservices/compiler/pkg/crd-generator/client_generator.go:73.5,73.53 1 12
github.com/vmware-tanzu/graph-framework-for-microservices/compiler/pkg/crd-generator/client_generator.go:70.19,72.6 1 0
github.com/vmware-tanzu/graph-framework-for-microservices/compiler/pkg/crd-generator/client_generator.go:84.107,99.24 12 12
github.com/vmware-tanzu/graph-framework-for-microservices/compiler/pkg/crd-generator/client_generator.go:116.2,120.23 4 12
github.com/vmware-tanzu/graph-framework-for-microservices/compiler/pkg/crd-generator/client_generator.go:123.2,123.40 1 12
github.com/vmware-tanzu/graph-framework-for-microservices/compiler/pkg/crd-generator/client_generator.go:152.2,152.47 1 12
github.com/vmware-tanzu/graph-framework-for-microservices/compiler/pkg/crd-generator/client_generator.go:161.2,164.33 4 12
github.com/vmware-tanzu/graph-framework-for-microservices/compiler/pkg/crd-generator/client_generator.go:179.2,179.12 1 12
github.com/vmware-tanzu/graph-framework-for-microservices/compiler/pkg/crd-generator/client_generator.go:99.24,103.17 4 6
github.com/vmware-tanzu/graph-framework-for-microservices/compiler/pkg/crd-generator/client_generator.go:106.3,106.23 1 6
github.com/vmware-tanzu/graph-framework-for-microservices/compiler/pkg/crd-generator/client_generator.go:109.3,110.65 2 6
github.com/vmware-tanzu/graph-framework-for-microservices/compiler/pkg/crd-generator/client_generator.go:103.17,105.4 1 0
github.com/vmware-tanzu/graph-framework-for-microservices/compiler/pkg/crd-generator/client_generator.go:106.23,108.4 1 0
github.com/vmware-tanzu/graph-framework-for-microservices/compiler/pkg/crd-generator/client_generator.go:111.8,113.3 1 6
github.com/vmware-tanzu/graph-framework-for-microservices/compiler/pkg/crd-generator/client_generator.go:120.23,122.3 1 4
github.com/vmware-tanzu/graph-framework-for-microservices/compiler/pkg/crd-generator/client_generator.go:123.40,139.38 3 11
github.com/vmware-tanzu/graph-framework-for-microservices/compiler/pkg/crd-generator/client_generator.go:144.3,144.31 1 11
github.com/vmware-tanzu/graph-framework-for-microservices/compiler/pkg/crd-generator/client_generator.go:149.3,149.94 1 11
github.com/vmware-tanzu/graph-framework-for-microservices/compiler/pkg/crd-generator/client_generator.go:139.38,141.4 1 5
github.com/vmware-tanzu/graph-framework-for-microservices/compiler/pkg/crd-generator/client_generator.go:141.9,143.4 1 6
github.com/vmware-tanzu/graph-framework-for-microservices/compiler/pkg/crd-generator/client_generator.go:144.31,146.4 1 4
github.com/vmware-tanzu/graph-framework-for-microservices/compiler/pkg/crd-generator/client_generator.go:146.9,148.4 1 7
github.com/vmware-tanzu/graph-framework-for-microservices/compiler/pkg/crd-generator/client_generator.go:152.47,159.3 5 22
github.com/vmware-tanzu/graph-framework-for-microservices/compiler/pkg/crd-generator/client_generator.go:164.33,177.3 10 7
github.com/vmware-tanzu/graph-framework-for-microservices/compiler/pkg/crd-generator/client_generator.go:188.87,191.20 3 11
github.com/vmware-tanzu/graph-framework-for-microservices/compiler/pkg/crd-generator/client_generator.go:228.2,228.14 1 0
github.com/vmware-tanzu/graph-framework-for-microservices/compiler/pkg/crd-generator/client_generator.go:191.20,193.40 2 9
github.com/vmware-tanzu/graph-framework-for-microservices/compiler/pkg/crd-generator/client_generator.go:193.40,195.23 2 24
github.com/vmware-tanzu/graph-framework-for-microservices/compiler/pkg/crd-generator/client_generator.go:205.4,205.46 1 24
github.com/vmware-tanzu/graph-framework-for-microservices/compiler/pkg/crd-generator/client_generator.go:195.23,197.5 1 11
github.com/vmware-tanzu/graph-framework-for-microservices/compiler/pkg/crd-generator/client_generator.go:197.10,199.19 2 13
github.com/vmware-tanzu/graph-framework-for-microservices/compiler/pkg/crd-generator/client_generator.go:202.5,203.41 2 13
github.com/vmware-tanzu/graph-framework-for-microservices/compiler/pkg/crd-generator/client_generator.go:199.19,200.14 1 0
github.com/vmware-tanzu/graph-framework-for-microservices/compiler/pkg/crd-generator/client_generator.go:205.46,207.19 2 9
github.com/vmware-tanzu/graph-framework-for-microservices/compiler/pkg/crd-generator/client_generator.go:210.5,210.31 1 9
github.com/vmware-tanzu/graph-framework-for-microservices/compiler/pkg/crd-generator/client_generator.go:207.19,208.14 1 0
github.com/vmware-tanzu/graph-framework-for-microservices/compiler/pkg/crd-generator/client_generator.go:210.31,211.38 1 31
github.com/vmware-tanzu/graph-framework-for-microservices/compiler/pkg/crd-generator/client_generator.go:211.38,212.46 1 9
github.com/vmware-tanzu/graph-framework-for-microservices/compiler/pkg/crd-generator/client_generator.go:212.46,213.48 1 17
github.com/vmware-tanzu/graph-framework-for-microservices/compiler/pkg/crd-generator/client_generator.go:213.48,215.9 1 9
github.com/vmware-tanzu/graph-framework-for-microservices/compiler/pkg/crd-generator/client_generator.go:221.8,222.44 1 2
github.com/vmware-tanzu/graph-framework-for-microservices/compiler/pkg/crd-generator/client_generator.go:222.44,223.42 1 6
github.com/vmware-tanzu/graph-framework-for-microservices/compiler/pkg/crd-generator/client_generator.go:223.42,225.5 1 2
github.com/vmware-tanzu/graph-framework-for-microservices/compiler/pkg/crd-generator/client_generator.go:231.88,235.16 4 33
github.com/vmware-tanzu/graph-framework-for-microservices/compiler/pkg/crd-generator/client_generator.go:238.2,246.20 6 33
github.com/vmware-tanzu/graph-framework-for-microservices/compiler/pkg/crd-generator/client_generator.go:268.2,268.13 1 33
github.com/vmware-tanzu/graph-framework-for-microservices/compiler/pkg/crd-generator/client_generator.go:235.16,237.3 1 0
github.com/vmware-tanzu/graph-framework-for-microservices/compiler/pkg/crd-generator/client_generator.go:246.20,249.40 2 12
github.com/vmware-tanzu/graph-framework-for-microservices/compiler/pkg/crd-generator/client_generator.go:264.3,264.55 1 12
github.com/vmware-tanzu/graph-framework-for-microservices/compiler/pkg/crd-generator/client_generator.go:249.40,250.41 1 55
github.com/vmware-tanzu/graph-framework-for-microservices/compiler/pkg/crd-generator/client_generator.go:250.41,252.31 1 7
github.com/vmware-tanzu/graph-framework-for-microservices/compiler/pkg/crd-generator/client_generator.go:252.31,254.20 2 21
github.com/vmware-tanzu/graph-framework-for-microservices/compiler/pkg/crd-generator/client_generator.go:257.6,257.38 1 21
github.com/vmware-tanzu/graph-framework-for-microservices/compiler/pkg/crd-generator/client_generator.go:254.20,255.15 1 0
github.com/vmware-tanzu/graph-framework-for-microservices/compiler/pkg/crd-generator/client_generator.go:257.38,259.12 2 6
github.com/vmware-tanzu/graph-framework-for-microservices/compiler/pkg/crd-generator/client_generator.go:265.8,267.3 1 21
