mode: atomic
github.com/vmware-tanzu/graph-framework-for-microservices/compiler/pkg/crd-generator/client_generator.go:15.150,24.22 7 1
github.com/vmware-tanzu/graph-framework-for-microservices/compiler/pkg/crd-generator/client_generator.go:27.2,29.31 3 1
github.com/vmware-tanzu/graph-framework-for-microservices/compiler/pkg/crd-generator/client_generator.go:33.2,33.37 1 1
github.com/vmware-tanzu/graph-framework-for-microservices/compiler/pkg/crd-generator/client_generator.go:80.2,80.18 1 1
github.com/vmware-tanzu/graph-framework-for-microservices/compiler/pkg/crd-generator/client_generator.go:24.22,26.3 1 5
github.com/vmware-tanzu/graph-framework-for-microservices/compiler/pkg/crd-generator/client_generator.go:29.31,31.3 1 5
github.com/vmware-tanzu/graph-framework-for-microservices/compiler/pkg/crd-generator/client_generator.go:33.37,34.35 1 5
github.com/vmware-tanzu/graph-framework-for-microservices/compiler/pkg/crd-generator/client_generator.go:34.35,64.45 16 5
github.com/vmware-tanzu/graph-framework-for-microservices/compiler/pkg/crd-generator/client_generator.go:76.4,76.54 1 5
github.com/vmware-tanzu/graph-framework-for-microservices/compiler/pkg/crd-generator/client_generator.go:64.45,70.19 6 16
github.com/vmware-tanzu/graph-framework-for-microservices/compiler/pkg/crd-generator/client_generator.go:73.5,73.53 1 16
github.com/vmware-tanzu/graph-framework-for-microservices/compiler/pkg/crd-generator/client_generator.go:70.19,72.6 1 0
github.com/vmware-tanzu/graph-framework-for-microservices/compiler/pkg/crd-generator/client_generator.go:84.107,99.24 12 16
github.com/vmware-tanzu/graph-framework-for-microservices/compiler/pkg/crd-generator/client_generator.go:116.2,120.23 4 16
github.com/vmware-tanzu/graph-framework-for-microservices/compiler/pkg/crd-generator/client_generator.go:123.2,123.40 1 16
github.com/vmware-tanzu/graph-framework-for-microservices/compiler/pkg/crd-generator/client_generator.go:152.2,152.47 1 16
github.com/vmware-tanzu/graph-framework-for-microservices/compiler/pkg/crd-generator/client_generator.go:161.2,164.33 4 16
github.com/vmware-tanzu/graph-framework-for-microservices/compiler/pkg/crd-generator/client_generator.go:179.2,179.12 1 16
github.com/vmware-tanzu/graph-framework-for-microservices/compiler/pkg/crd-generator/client_generator.go:99.24,103.17 4 6
github.com/vmware-tanzu/graph-framework-for-microservices/compiler/pkg/crd-generator/client_generator.go:106.3,106.23 1 6
github.com/vmware-tanzu/graph-framework-for-microservices/compiler/pkg/crd-generator/client_generator.go:109.3,110.65 2 6
github.com/vmware-tanzu/graph-framework-for-microservices/compiler/pkg/crd-generator/client_generator.go:103.17,105.4 1 0
github.com/vmware-tanzu/graph-framework-for-microservices/compiler/pkg/crd-generator/client_generator.go:106.23,108.4 1 0
github.com/vmware-tanzu/graph-framework-for-microservices/compiler/pkg/crd-generator/client_generator.go:111.8,113.3 1 10
github.com/vmware-tanzu/graph-framework-for-microservices/compiler/pkg/crd-generator/client_generator.go:120.23,122.3 1 4
github.com/vmware-tanzu/graph-framework-for-microservices/compiler/pkg/crd-generator/client_generator.go:123.40,139.38 3 15
github.com/vmware-tanzu/graph-framework-for-microservices/compiler/pkg/crd-generator/client_generator.go:144.3,144.31 1 15
github.com/vmware-tanzu/graph-framework-for-microservices/compiler/pkg/crd-generator/client_generator.go:149.3,149.94 1 15
github.com/vmware-tanzu/graph-framework-for-microservices/compiler/pkg/crd-generator/client_generator.go:139.38,141.4 1 6
github.com/vmware-tanzu/graph-framework-for-microservices/compiler/pkg/crd-generator/client_generator.go:141.9,143.4 1 9
github.com/vmware-tanzu/graph-framework-for-microservices/compiler/pkg/crd-generator/client_generator.go:144.31,146.4 1 4
github.com/vmware-tanzu/graph-framework-for-microservices/compiler/pkg/crd-generator/client_generator.go:146.9,148.4 1 11
github.com/vmware-tanzu/graph-framework-for-microservices/compiler/pkg/crd-generator/client_generator.go:152.47,159.3 5 48
github.com/vmware-tanzu/graph-framework-for-microservices/compiler/pkg/crd-generator/client_generator.go:164.33,177.3 10 11
github.com/vmware-tanzu/graph-framework-for-microservices/compiler/pkg/crd-generator/client_generator.go:188.87,191.20 3 15
github.com/vmware-tanzu/graph-framework-for-microservices/compiler/pkg/crd-generator/client_generator.go:228.2,228.14 1 0
github.com/vmware-tanzu/graph-framework-for-microservices/compiler/pkg/crd-generator/client_generator.go:191.20,193.40 2 9
github.com/vmware-tanzu/graph-framework-for-microservices/compiler/pkg/crd-generator/client_generator.go:193.40,195.23 2 22
github.com/vmware-tanzu/graph-framework-for-microservices/compiler/pkg/crd-generator/client_generator.go:205.4,205.46 1 22
github.com/vmware-tanzu/graph-framework-for-microservices/compiler/pkg/crd-generator/client_generator.go:195.23,197.5 1 11
github.com/vmware-tanzu/graph-framework-for-microservices/compiler/pkg/crd-generator/client_generator.go:197.10,199.19 2 11
github.com/vmware-tanzu/graph-framework-for-microservices/compiler/pkg/crd-generator/client_generator.go:202.5,203.41 2 11
github.com/vmware-tanzu/graph-framework-for-microservices/compiler/pkg/crd-generator/client_generator.go:199.19,200.14 1 0
github.com/vmware-tanzu/graph-framework-for-microservices/compiler/pkg/crd-generator/client_generator.go:205.46,207.19 2 9
github.com/vmware-tanzu/graph-framework-for-microservices/compiler/pkg/crd-generator/client_generator.go:210.5,210.31 1 9
github.com/vmware-tanzu/graph-framework-for-microservices/compiler/pkg/crd-generator/client_generator.go:207.19,208.14 1 0
github.com/vmware-tanzu/graph-framework-for-microservices/compiler/pkg/crd-generator/client_generator.go:210.31,211.38 1 23
github.com/vmware-tanzu/graph-framework-for-microservices/compiler/pkg/crd-generator/client_generator.go:211.38,212.46 1 9
github.com/vmware-tanzu/graph-framework-for-microservices/compiler/pkg/crd-generator/client_generator.go:212.46,213.48 1 19
github.com/vmware-tanzu/graph-framework-for-microservices/compiler/pkg/crd-generator/client_generator.go:213.48,215.9 1 9
github.com/vmware-tanzu/graph-framework-for-microservices/compiler/pkg/crd-generator/client_generator.go:221.8,222.44 1 6
github.com/vmware-tanzu/graph-framework-for-microservices/compiler/pkg/crd-generator/client_generator.go:222.44,223.42 1 20
github.com/vmware-tanzu/graph-framework-for-microservices/compiler/pkg/crd-generator/client_generator.go:223.42,225.5 1 6
github.com/vmware-tanzu/graph-framework-for-microservices/compiler/pkg/crd-generator/client_generator.go:231.88,235.16 4 63
github.com/vmware-tanzu/graph-framework-for-microservices/compiler/pkg/crd-generator/client_generator.go:238.2,246.20 6 63
github.com/vmware-tanzu/graph-framework-for-microservices/compiler/pkg/crd-generator/client_generator.go:268.2,268.13 1 63
github.com/vmware-tanzu/graph-framework-for-microservices/compiler/pkg/crd-generator/client_generator.go:235.16,237.3 1 0
github.com/vmware-tanzu/graph-framework-for-microservices/compiler/pkg/crd-generator/client_generator.go:246.20,249.40 2 15
github.com/vmware-tanzu/graph-framework-for-microservices/compiler/pkg/crd-generator/client_generator.go:264.3,264.55 1 15
github.com/vmware-tanzu/graph-framework-for-microservices/compiler/pkg/crd-generator/client_generator.go:249.40,250.41 1 70
github.com/vmware-tanzu/graph-framework-for-microservices/compiler/pkg/crd-generator/client_generator.go:250.41,252.31 1 7
github.com/vmware-tanzu/graph-framework-for-microservices/compiler/pkg/crd-generator/client_generator.go:252.31,254.20 2 22
github.com/vmware-tanzu/graph-framework-for-microservices/compiler/pkg/crd-generator/client_generator.go:257.6,257.38 1 22
github.com/vmware-tanzu/graph-framework-for-microservices/compiler/pkg/crd-generator/client_generator.go:254.20,255.15 1 0
github.com/vmware-tanzu/graph-framework-for-microservices/compiler/pkg/crd-generator/client_generator.go:257.38,259.12 2 6
github.com/vmware-tanzu/graph-framework-for-microservices/compiler/pkg/crd-generator/client_generator.go:265.8,267.3 1 48
github.com/vmware-tanzu/graph-framework-for-microservices/compiler/pkg/crd-generator/graphql_common.go:27.45,30.28 2 644
github.com/vmware-tanzu/graph-framework-for-microservices/compiler/pkg/crd-generator/graphql_common.go:31.16,32.16 1 257
github.com/vmware-tanzu/graph-framework-for-microservices/compiler/pkg/crd-generator/graphql_common.go:33.95,34.13 1 49
github.com/vmware-tanzu/graph-framework-for-microservices/compiler/pkg/crd-generator/graphql_common.go:35.14,36.17 1 37
github.com/vmware-tanzu/graph-framework-for-microservices/compiler/pkg/crd-generator/graphql_common.go:37.28,38.15 1 12
github.com/vmware-tanzu/graph-framework-for-microservices/compiler/pkg/crd-generator/graphql_common.go:39.10,40.12 1 289
github.com/vmware-tanzu/graph-framework-for-microservices/compiler/pkg/crd-generator/graphql_common.go:44.60,46.2 1 313
github.com/vmware-tanzu/graph-framework-for-microservices/compiler/pkg/crd-generator/graphql_common.go:48.98,50.48 2 158
github.com/vmware-tanzu/graph-framework-for-microservices/compiler/pkg/crd-generator/graphql_common.go:59.2,59.190 1 48
github.com/vmware-tanzu/graph-framework-for-microservices/compiler/pkg/crd-generator/graphql_common.go:50.48,52.40 2 110
github.com/vmware-tanzu/graph-framework-for-microservices/compiler/pkg/crd-generator/graphql_common.go:57.3,57.161 1 0
github.com/vmware-tanzu/graph-framework-for-microservices/compiler/pkg/crd-generator/graphql_common.go:52.40,56.4 3 110
github.com/vmware-tanzu/graph-framework-for-microservices/compiler/pkg/crd-generator/graphql_common.go:62.48,63.39 1 158
github.com/vmware-tanzu/graph-framework-for-microservices/compiler/pkg/crd-generator/graphql_common.go:67.2,67.19 1 48
github.com/vmware-tanzu/graph-framework-for-microservices/compiler/pkg/crd-generator/graphql_common.go:63.39,66.3 2 110
github.com/vmware-tanzu/graph-framework-for-microservices/compiler/pkg/crd-generator/graphql_common.go:70.44,71.33 1 509
github.com/vmware-tanzu/graph-framework-for-microservices/compiler/pkg/crd-generator/graphql_common.go:74.2,76.45 3 496
github.com/vmware-tanzu/graph-framework-for-microservices/compiler/pkg/crd-generator/graphql_common.go:71.33,73.3 1 13
github.com/vmware-tanzu/graph-framework-for-microservices/compiler/pkg/crd-generator/graphql_custom_query_generator.go:13.66,16.29 3 50
github.com/vmware-tanzu/graph-framework-for-microservices/compiler/pkg/crd-generator/graphql_custom_query_generator.go:31.2,32.23 2 50
github.com/vmware-tanzu/graph-framework-for-microservices/compiler/pkg/crd-generator/graphql_custom_query_generator.go:41.2,41.68 1 50
github.com/vmware-tanzu/graph-framework-for-microservices/compiler/pkg/crd-generator/graphql_custom_query_generator.go:16.29,18.32 2 37
github.com/vmware-tanzu/graph-framework-for-microservices/compiler/pkg/crd-generator/graphql_custom_query_generator.go:28.3,28.18 1 37
github.com/vmware-tanzu/graph-framework-for-microservices/compiler/pkg/crd-generator/graphql_custom_query_generator.go:18.32,20.25 2 161
github.com/vmware-tanzu/graph-framework-for-microservices/compiler/pkg/crd-generator/graphql_custom_query_generator.go:26.4,26.66 1 161
github.com/vmware-tanzu/graph-framework-for-microservices/compiler/pkg/crd-generator/graphql_custom_query_generator.go:20.25,24.5 1 0
github.com/vmware-tanzu/graph-framework-for-microservices/compiler/pkg/crd-generator/graphql_custom_query_generator.go:33.29,34.38 1 25
github.com/vmware-tanzu/graph-framework-for-microservices/compiler/pkg/crd-generator/graphql_custom_query_generator.go:35.27,36.32 1 25
github.com/vmware-tanzu/graph-framework-for-microservices/compiler/pkg/crd-generator/graphql_custom_query_generator.go:37.10,38.55 1 0
github.com/vmware-tanzu/graph-framework-for-microservices/compiler/pkg/crd-generator/helper_generator.go:16.94,19.25 3 1
github.com/vmware-tanzu/graph-framework-for-microservices/compiler/pkg/crd-generator/helper_generator.go:28.2,29.15 2 1
github.com/vmware-tanzu/graph-framework-for-microservices/compiler/pkg/crd-generator/helper_generator.go:19.25,22.31 3 12
github.com/vmware-tanzu/graph-framework-for-microservices/compiler/pkg/crd-generator/helper_generator.go:25.3,26.15 2 12
github.com/vmware-tanzu/graph-framework-for-microservices/compiler/pkg/crd-generator/helper_generator.go:22.31,24.4 1 27
github.com/vmware-tanzu/graph-framework-for-microservices/compiler/pkg/crd-generator/helper_generator.go:32.96,42.25 3 1
github.com/vmware-tanzu/graph-framework-for-microservices/compiler/pkg/crd-generator/helper_generator.go:67.2,67.15 1 1
github.com/vmware-tanzu/graph-framework-for-microservices/compiler/pkg/crd-generator/helper_generator.go:42.25,51.17 4 12
github.com/vmware-tanzu/graph-framework-for-microservices/compiler/pkg/crd-generator/helper_generator.go:55.3,61.17 6 12
github.com/vmware-tanzu/graph-framework-for-microservices/compiler/pkg/crd-generator/helper_generator.go:64.3,64.44 1 12
github.com/vmware-tanzu/graph-framework-for-microservices/compiler/pkg/crd-generator/helper_generator.go:51.17,53.4 1 0
github.com/vmware-tanzu/graph-framework-for-microservices/compiler/pkg/crd-generator/helper_generator.go:61.17,63.4 1 0
github.com/vmware-tanzu/graph-framework-for-microservices/compiler/pkg/crd-generator/resolver_generator.go:84.132,86.26 2 13
github.com/vmware-tanzu/graph-framework-for-microservices/compiler/pkg/crd-generator/resolver_generator.go:168.2,168.23 1 13
github.com/vmware-tanzu/graph-framework-for-microservices/compiler/pkg/crd-generator/resolver_generator.go:86.26,103.37 15 147
github.com/vmware-tanzu/graph-framework-for-microservices/compiler/pkg/crd-generator/resolver_generator.go:110.3,110.35 1 147
github.com/vmware-tanzu/graph-framework-for-microservices/compiler/pkg/crd-generator/resolver_generator.go:130.3,130.38 1 147
github.com/vmware-tanzu/graph-framework-for-microservices/compiler/pkg/crd-generator/resolver_generator.go:142.3,142.34 1 147
github.com/vmware-tanzu/graph-framework-for-microservices/compiler/pkg/crd-generator/resolver_generator.go:154.3,154.35 1 147
github.com/vmware-tanzu/graph-framework-for-microservices/compiler/pkg/crd-generator/resolver_generator.go:165.3,165.55 1 147
github.com/vmware-tanzu/graph-framework-for-microservices/compiler/pkg/crd-generator/resolver_generator.go:103.37,107.4 3 13
github.com/vmware-tanzu/graph-framework-for-microservices/compiler/pkg/crd-generator/resolver_generator.go:110.35,119.21 9 86
github.com/vmware-tanzu/graph-framework-for-microservices/compiler/pkg/crd-generator/resolver_generator.go:124.4,126.80 3 86
github.com/vmware-tanzu/graph-framework-for-microservices/compiler/pkg/crd-generator/resolver_generator.go:119.21,121.5 1 26
github.com/vmware-tanzu/graph-framework-for-microservices/compiler/pkg/crd-generator/resolver_generator.go:121.10,123.5 1 60
github.com/vmware-tanzu/graph-framework-for-microservices/compiler/pkg/crd-generator/resolver_generator.go:130.38,139.4 8 36
github.com/vmware-tanzu/graph-framework-for-microservices/compiler/pkg/crd-generator/resolver_generator.go:142.34,151.4 8 0
github.com/vmware-tanzu/graph-framework-for-microservices/compiler/pkg/crd-generator/resolver_generator.go:154.35,163.4 8 36
github.com/vmware-tanzu/graph-framework-for-microservices/compiler/pkg/crd-generator/resolver_generator.go:172.94,176.26 3 13
github.com/vmware-tanzu/graph-framework-for-microservices/compiler/pkg/crd-generator/resolver_generator.go:258.2,258.24 1 13
github.com/vmware-tanzu/graph-framework-for-microservices/compiler/pkg/crd-generator/resolver_generator.go:176.26,184.41 3 147
github.com/vmware-tanzu/graph-framework-for-microservices/compiler/pkg/crd-generator/resolver_generator.go:233.3,233.60 1 147
github.com/vmware-tanzu/graph-framework-for-microservices/compiler/pkg/crd-generator/resolver_generator.go:247.3,255.4 2 147
github.com/vmware-tanzu/graph-framework-for-microservices/compiler/pkg/crd-generator/resolver_generator.go:184.41,193.52 7 147
github.com/vmware-tanzu/graph-framework-for-microservices/compiler/pkg/crd-generator/resolver_generator.go:217.4,217.25 1 147
github.com/vmware-tanzu/graph-framework-for-microservices/compiler/pkg/crd-generator/resolver_generator.go:193.52,196.38 2 327
github.com/vmware-tanzu/graph-framework-for-microservices/compiler/pkg/crd-generator/resolver_generator.go:213.5,213.27 1 327
github.com/vmware-tanzu/graph-framework-for-microservices/compiler/pkg/crd-generator/resolver_generator.go:196.38,198.33 1 134
github.com/vmware-tanzu/graph-framework-for-microservices/compiler/pkg/crd-generator/resolver_generator.go:198.33,200.7 1 132
github.com/vmware-tanzu/graph-framework-for-microservices/compiler/pkg/crd-generator/resolver_generator.go:200.12,202.7 1 2
github.com/vmware-tanzu/graph-framework-for-microservices/compiler/pkg/crd-generator/resolver_generator.go:203.11,204.51 1 193
github.com/vmware-tanzu/graph-framework-for-microservices/compiler/pkg/crd-generator/resolver_generator.go:204.51,205.34 1 193
github.com/vmware-tanzu/graph-framework-for-microservices/compiler/pkg/crd-generator/resolver_generator.go:205.34,207.8 1 1
github.com/vmware-tanzu/graph-framework-for-microservices/compiler/pkg/crd-generator/resolver_generator.go:207.13,209.8 1 192
github.com/vmware-tanzu/graph-framework-for-microservices/compiler/pkg/crd-generator/resolver_generator.go:217.25,219.39 2 38
github.com/vmware-tanzu/graph-framework-for-microservices/compiler/pkg/crd-generator/resolver_generator.go:219.39,221.6 1 12
github.com/vmware-tanzu/graph-framework-for-microservices/compiler/pkg/crd-generator/resolver_generator.go:221.11,223.6 1 26
github.com/vmware-tanzu/graph-framework-for-microservices/compiler/pkg/crd-generator/resolver_generator.go:224.10,226.39 2 109
github.com/vmware-tanzu/graph-framework-for-microservices/compiler/pkg/crd-generator/resolver_generator.go:226.39,228.6 1 1
github.com/vmware-tanzu/graph-framework-for-microservices/compiler/pkg/crd-generator/resolver_generator.go:228.11,230.6 1 108
github.com/vmware-tanzu/graph-framework-for-microservices/compiler/pkg/crd-generator/resolver_generator.go:233.60,234.42 1 507
github.com/vmware-tanzu/graph-framework-for-microservices/compiler/pkg/crd-generator/resolver_generator.go:234.42,238.5 3 313
github.com/vmware-tanzu/graph-framework-for-microservices/compiler/pkg/crd-generator/resolver_generator.go:238.10,238.31 1 194
github.com/vmware-tanzu/graph-framework-for-microservices/compiler/pkg/crd-generator/resolver_generator.go:238.31,239.48 1 194
github.com/vmware-tanzu/graph-framework-for-microservices/compiler/pkg/crd-generator/resolver_generator.go:239.48,244.6 4 158
github.com/vmware-tanzu/graph-framework-for-microservices/compiler/pkg/crd-generator/resolver_generator.go:261.69,263.26 2 13
github.com/vmware-tanzu/graph-framework-for-microservices/compiler/pkg/crd-generator/resolver_generator.go:268.2,268.19 1 13
github.com/vmware-tanzu/graph-framework-for-microservices/compiler/pkg/crd-generator/resolver_generator.go:263.26,264.41 1 147
github.com/vmware-tanzu/graph-framework-for-microservices/compiler/pkg/crd-generator/resolver_generator.go:264.41,266.4 1 147
github.com/vmware-tanzu/graph-framework-for-microservices/compiler/pkg/crd-generator/resolver_generator.go:274.54,276.47 2 147
github.com/vmware-tanzu/graph-framework-for-microservices/compiler/pkg/crd-generator/resolver_generator.go:276.47,283.23 3 531
github.com/vmware-tanzu/graph-framework-for-microservices/compiler/pkg/crd-generator/resolver_generator.go:293.3,293.28 1 531
github.com/vmware-tanzu/graph-framework-for-microservices/compiler/pkg/crd-generator/resolver_generator.go:297.3,297.34 1 507
github.com/vmware-tanzu/graph-framework-for-microservices/compiler/pkg/crd-generator/resolver_generator.go:314.3,315.37 2 507
github.com/vmware-tanzu/graph-framework-for-microservices/compiler/pkg/crd-generator/resolver_generator.go:283.23,285.18 2 531
github.com/vmware-tanzu/graph-framework-for-microservices/compiler/pkg/crd-generator/resolver_generator.go:288.4,290.43 3 531
github.com/vmware-tanzu/graph-framework-for-microservices/compiler/pkg/crd-generator/resolver_generator.go:285.18,287.5 1 0
github.com/vmware-tanzu/graph-framework-for-microservices/compiler/pkg/crd-generator/resolver_generator.go:293.28,294.12 1 24
github.com/vmware-tanzu/graph-framework-for-microservices/compiler/pkg/crd-generator/resolver_generator.go:297.34,301.4 3 24
github.com/vmware-tanzu/graph-framework-for-microservices/compiler/pkg/crd-generator/resolver_generator.go:301.9,304.25 2 483
github.com/vmware-tanzu/graph-framework-for-microservices/compiler/pkg/crd-generator/resolver_generator.go:304.25,308.5 3 194
github.com/vmware-tanzu/graph-framework-for-microservices/compiler/pkg/crd-generator/resolver_generator.go:308.10,312.5 3 289
github.com/vmware-tanzu/graph-framework-for-microservices/compiler/pkg/crd-generator/resolver_generator.go:322.54,324.49 2 147
github.com/vmware-tanzu/graph-framework-for-microservices/compiler/pkg/crd-generator/resolver_generator.go:324.49,329.24 2 389
github.com/vmware-tanzu/graph-framework-for-microservices/compiler/pkg/crd-generator/resolver_generator.go:339.3,339.29 1 389
github.com/vmware-tanzu/graph-framework-for-microservices/compiler/pkg/crd-generator/resolver_generator.go:343.3,343.35 1 365
github.com/vmware-tanzu/graph-framework-for-microservices/compiler/pkg/crd-generator/resolver_generator.go:349.3,349.34 1 365
github.com/vmware-tanzu/graph-framework-for-microservices/compiler/pkg/crd-generator/resolver_generator.go:366.3,367.33 2 365
github.com/vmware-tanzu/graph-framework-for-microservices/compiler/pkg/crd-generator/resolver_generator.go:381.3,381.34 1 365
github.com/vmware-tanzu/graph-framework-for-microservices/compiler/pkg/crd-generator/resolver_generator.go:393.3,393.36 1 365
github.com/vmware-tanzu/graph-framework-for-microservices/compiler/pkg/crd-generator/resolver_generator.go:410.3,410.27 1 365
github.com/vmware-tanzu/graph-framework-for-microservices/compiler/pkg/crd-generator/resolver_generator.go:413.3,413.35 1 365
github.com/vmware-tanzu/graph-framework-for-microservices/compiler/pkg/crd-generator/resolver_generator.go:329.24,331.18 2 242
github.com/vmware-tanzu/graph-framework-for-microservices/compiler/pkg/crd-generator/resolver_generator.go:334.4,335.43 2 242
github.com/vmware-tanzu/graph-framework-for-microservices/compiler/pkg/crd-generator/resolver_generator.go:331.18,333.5 1 0
github.com/vmware-tanzu/graph-framework-for-microservices/compiler/pkg/crd-generator/resolver_generator.go:339.29,340.12 1 24
github.com/vmware-tanzu/graph-framework-for-microservices/compiler/pkg/crd-generator/resolver_generator.go:343.35,346.4 2 24
github.com/vmware-tanzu/graph-framework-for-microservices/compiler/pkg/crd-generator/resolver_generator.go:349.34,353.55 3 147
github.com/vmware-tanzu/graph-framework-for-microservices/compiler/pkg/crd-generator/resolver_generator.go:353.55,355.51 2 48
github.com/vmware-tanzu/graph-framework-for-microservices/compiler/pkg/crd-generator/resolver_generator.go:355.51,360.6 4 12
github.com/vmware-tanzu/graph-framework-for-microservices/compiler/pkg/crd-generator/resolver_generator.go:367.33,378.4 9 0
github.com/vmware-tanzu/graph-framework-for-microservices/compiler/pkg/crd-generator/resolver_generator.go:381.34,390.4 8 86
github.com/vmware-tanzu/graph-framework-for-microservices/compiler/pkg/crd-generator/resolver_generator.go:393.36,403.38 10 72
github.com/vmware-tanzu/graph-framework-for-microservices/compiler/pkg/crd-generator/resolver_generator.go:403.38,405.5 1 36
github.com/vmware-tanzu/graph-framework-for-microservices/compiler/pkg/crd-generator/resolver_generator.go:405.10,407.5 1 36
github.com/vmware-tanzu/graph-framework-for-microservices/compiler/pkg/crd-generator/resolver_generator.go:410.27,412.4 1 72
github.com/vmware-tanzu/graph-framework-for-microservices/compiler/pkg/crd-generator/resolver_generator.go:413.35,415.4 1 279
github.com/vmware-tanzu/graph-framework-for-microservices/compiler/pkg/crd-generator/resolver_generator.go:424.76,426.37 2 13
github.com/vmware-tanzu/graph-framework-for-microservices/compiler/pkg/crd-generator/resolver_generator.go:441.2,441.21 1 13
github.com/vmware-tanzu/graph-framework-for-microservices/compiler/pkg/crd-generator/resolver_generator.go:426.37,427.48 1 63
github.com/vmware-tanzu/graph-framework-for-microservices/compiler/pkg/crd-generator/resolver_generator.go:427.48,429.35 2 313
github.com/vmware-tanzu/graph-framework-for-microservices/compiler/pkg/crd-generator/resolver_generator.go:436.4,437.41 2 313
github.com/vmware-tanzu/graph-framework-for-microservices/compiler/pkg/crd-generator/resolver_generator.go:429.35,431.5 1 1
github.com/vmware-tanzu/graph-framework-for-microservices/compiler/pkg/crd-generator/resolver_generator.go:431.10,434.5 2 312
github.com/vmware-tanzu/graph-framework-for-microservices/compiler/pkg/crd-generator/resolver_generator.go:444.99,445.33 1 147
github.com/vmware-tanzu/graph-framework-for-microservices/compiler/pkg/crd-generator/resolver_generator.go:449.2,449.34 1 147
github.com/vmware-tanzu/graph-framework-for-microservices/compiler/pkg/crd-generator/resolver_generator.go:453.2,453.30 1 147
github.com/vmware-tanzu/graph-framework-for-microservices/compiler/pkg/crd-generator/resolver_generator.go:445.33,447.3 1 134
github.com/vmware-tanzu/graph-framework-for-microservices/compiler/pkg/crd-generator/resolver_generator.go:449.34,451.3 1 38
github.com/vmware-tanzu/graph-framework-for-microservices/compiler/pkg/crd-generator/resolver_generator.go:453.30,455.3 1 147
github.com/vmware-tanzu/graph-framework-for-microservices/compiler/pkg/crd-generator/resolver_generator.go:461.61,462.39 1 147
github.com/vmware-tanzu/graph-framework-for-microservices/compiler/pkg/crd-generator/resolver_generator.go:466.2,466.20 1 134
github.com/vmware-tanzu/graph-framework-for-microservices/compiler/pkg/crd-generator/resolver_generator.go:462.39,464.3 1 13
github.com/vmware-tanzu/graph-framework-for-microservices/compiler/pkg/crd-generator/resolver_generator.go:470.158,472.22 2 13
github.com/vmware-tanzu/graph-framework-for-microservices/compiler/pkg/crd-generator/resolver_generator.go:475.2,477.31 3 13
github.com/vmware-tanzu/graph-framework-for-microservices/compiler/pkg/crd-generator/resolver_generator.go:483.2,486.37 4 13
github.com/vmware-tanzu/graph-framework-for-microservices/compiler/pkg/crd-generator/resolver_generator.go:528.2,536.28 5 13
github.com/vmware-tanzu/graph-framework-for-microservices/compiler/pkg/crd-generator/resolver_generator.go:472.22,474.3 1 63
github.com/vmware-tanzu/graph-framework-for-microservices/compiler/pkg/crd-generator/resolver_generator.go:477.31,479.3 1 63
github.com/vmware-tanzu/graph-framework-for-microservices/compiler/pkg/crd-generator/resolver_generator.go:486.37,489.41 2 63
github.com/vmware-tanzu/graph-framework-for-microservices/compiler/pkg/crd-generator/resolver_generator.go:489.41,491.85 1 555
github.com/vmware-tanzu/graph-framework-for-microservices/compiler/pkg/crd-generator/resolver_generator.go:494.4,504.51 9 531
github.com/vmware-tanzu/graph-framework-for-microservices/compiler/pkg/crd-generator/resolver_generator.go:509.4,512.35 3 147
github.com/vmware-tanzu/graph-framework-for-microservices/compiler/pkg/crd-generator/resolver_generator.go:520.4,524.35 3 147
github.com/vmware-tanzu/graph-framework-for-microservices/compiler/pkg/crd-generator/resolver_generator.go:491.85,492.13 1 24
github.com/vmware-tanzu/graph-framework-for-microservices/compiler/pkg/crd-generator/resolver_generator.go:504.51,506.13 2 384
github.com/vmware-tanzu/graph-framework-for-microservices/compiler/pkg/crd-generator/resolver_generator.go:512.35,514.5 1 13
github.com/vmware-tanzu/graph-framework-for-microservices/compiler/pkg/crd-generator/resolver_generator.go:514.10,517.5 2 134
github.com/vmware-tanzu/graph-framework-for-microservices/compiler/pkg/crd-generator/template_renderers.go:60.105,65.27 4 0
github.com/vmware-tanzu/graph-framework-for-microservices/compiler/pkg/crd-generator/template_renderers.go:126.2,127.16 2 0
github.com/vmware-tanzu/graph-framework-for-microservices/compiler/pkg/crd-generator/template_renderers.go:131.2,132.16 2 0
github.com/vmware-tanzu/graph-framework-for-microservices/compiler/pkg/crd-generator/template_renderers.go:135.2,136.16 2 0
github.com/vmware-tanzu/graph-framework-for-microservices/compiler/pkg/crd-generator/template_renderers.go:140.2,141.16 2 0
github.com/vmware-tanzu/graph-framework-for-microservices/compiler/pkg/crd-generator/template_renderers.go:145.2,146.16 2 0
github.com/vmware-tanzu/graph-framework-for-microservices/compiler/pkg/crd-generator/template_renderers.go:149.2,149.12 1 0
github.com/vmware-tanzu/graph-framework-for-microservices/compiler/pkg/crd-generator/template_renderers.go:65.27,74.17 9 0
github.com/vmware-tanzu/graph-framework-for-microservices/compiler/pkg/crd-generator/template_renderers.go:77.3,78.17 2 0
github.com/vmware-tanzu/graph-framework-for-microservices/compiler/pkg/crd-generator/template_renderers.go:81.3,83.17 3 0
github.com/vmware-tanzu/graph-framework-for-microservices/compiler/pkg/crd-generator/template_renderers.go:86.3,87.17 2 0
github.com/vmware-tanzu/graph-framework-for-microservices/compiler/pkg/crd-generator/template_renderers.go:90.3,92.17 3 0
github.com/vmware-tanzu/graph-framework-for-microservices/compiler/pkg/crd-generator/template_renderers.go:95.3,96.17 2 0
github.com/vmware-tanzu/graph-framework-for-microservices/compiler/pkg/crd-generator/template_renderers.go:99.3,101.17 3 0
github.com/vmware-tanzu/graph-framework-for-microservices/compiler/pkg/crd-generator/template_renderers.go:104.3,105.17 2 0
github.com/vmware-tanzu/graph-framework-for-microservices/compiler/pkg/crd-generator/template_renderers.go:108.3,110.17 3 0
github.com/vmware-tanzu/graph-framework-for-microservices/compiler/pkg/crd-generator/template_renderers.go:113.3,114.17 2 0
github.com/vmware-tanzu/graph-framework-for-microservices/compiler/pkg/crd-generator/template_renderers.go:117.3,117.30 1 0
github.com/vmware-tanzu/graph-framework-for-microservices/compiler/pkg/crd-generator/template_renderers.go:74.17,76.4 1 0
github.com/vmware-tanzu/graph-framework-for-microservices/compiler/pkg/crd-generator/template_renderers.go:78.17,80.4 1 0
github.com/vmware-tanzu/graph-framework-for-microservices/compiler/pkg/crd-generator/template_renderers.go:83.17,85.4 1 0
github.com/vmware-tanzu/graph-framework-for-microservices/compiler/pkg/crd-generator/template_renderers.go:87.17,89.4 1 0
github.com/vmware-tanzu/graph-framework-for-microservices/compiler/pkg/crd-generator/template_renderers.go:92.17,94.4 1 0
github.com/vmware-tanzu/graph-framework-for-microservices/compiler/pkg/crd-generator/template_renderers.go:96.17,98.4 1 0
github.com/vmware-tanzu/graph-framework-for-microservices/compiler/pkg/crd-generator/template_renderers.go:101.17,103.4 1 0
github.com/vmware-tanzu/graph-framework-for-microservices/compiler/pkg/crd-generator/template_renderers.go:105.17,107.4 1 0
github.com/vmware-tanzu/graph-framework-for-microservices/compiler/pkg/crd-generator/template_renderers.go:110.17,112.4 1 0
github.com/vmware-tanzu/graph-framework-for-microservices/compiler/pkg/crd-generator/template_renderers.go:114.17,116.4 1 0
github.com/vmware-tanzu/graph-framework-for-microservices/compiler/pkg/crd-generator/template_renderers.go:117.30,120.18 3 0
github.com/vmware-tanzu/graph-framework-for-microservices/compiler/pkg/crd-generator/template_renderers.go:120.18,122.5 1 0
github.com/vmware-tanzu/graph-framework-for-microservices/compiler/pkg/crd-generator/template_renderers.go:127.16,129.3 1 0
github.com/vmware-tanzu/graph-framework-for-microservices/compiler/pkg/crd-generator/template_renderers.go:132.16,134.3 1 0
github.com/vmware-tanzu/graph-framework-for-microservices/compiler/pkg/crd-generator/template_renderers.go:136.16,138.3 1 0
github.com/vmware-tanzu/graph-framework-for-microservices/compiler/pkg/crd-generator/template_renderers.go:141.16,143.3 1 0
github.com/vmware-tanzu/graph-framework-for-microservices/compiler/pkg/crd-generator/template_renderers.go:146.16,148.3 1 0
github.com/vmware-tanzu/graph-framework-for-microservices/compiler/pkg/crd-generator/template_renderers.go:152.106,156.16 4 0
github.com/vmware-tanzu/graph-framework-for-microservices/compiler/pkg/crd-generator/template_renderers.go:160.2,161.16 2 0
github.com/vmware-tanzu/graph-framework-for-microservices/compiler/pkg/crd-generator/template_renderers.go:164.2,166.16 3 0
github.com/vmware-tanzu/graph-framework-for-microservices/compiler/pkg/crd-generator/template_renderers.go:170.2,170.12 1 0
github.com/vmware-tanzu/graph-framework-for-microservices/compiler/pkg/crd-generator/template_renderers.go:156.16,158.3 1 0
github.com/vmware-tanzu/graph-framework-for-microservices/compiler/pkg/crd-generator/template_renderers.go:161.16,163.3 1 0
github.com/vmware-tanzu/graph-framework-for-microservices/compiler/pkg/crd-generator/template_renderers.go:166.16,168.3 1 0
github.com/vmware-tanzu/graph-framework-for-microservices/compiler/pkg/crd-generator/template_renderers.go:173.38,175.16 2 0
github.com/vmware-tanzu/graph-framework-for-microservices/compiler/pkg/crd-generator/template_renderers.go:178.2,178.12 1 0
github.com/vmware-tanzu/graph-framework-for-microservices/compiler/pkg/crd-generator/template_renderers.go:175.16,177.3 1 0
github.com/vmware-tanzu/graph-framework-for-microservices/compiler/pkg/crd-generator/template_renderers.go:181.93,184.16 3 0
github.com/vmware-tanzu/graph-framework-for-microservices/compiler/pkg/crd-generator/template_renderers.go:190.2,191.16 2 0
github.com/vmware-tanzu/graph-framework-for-microservices/compiler/pkg/crd-generator/template_renderers.go:194.2,194.12 1 0
github.com/vmware-tanzu/graph-framework-for-microservices/compiler/pkg/crd-generator/template_renderers.go:184.16,186.17 2 0
github.com/vmware-tanzu/graph-framework-for-microservices/compiler/pkg/crd-generator/template_renderers.go:186.17,188.4 1 0
github.com/vmware-tanzu/graph-framework-for-microservices/compiler/pkg/crd-generator/template_renderers.go:191.16,193.3 1 0
github.com/vmware-tanzu/graph-framework-for-microservices/compiler/pkg/crd-generator/template_renderers.go:197.71,199.2 1 16
github.com/vmware-tanzu/graph-framework-for-microservices/compiler/pkg/crd-generator/template_renderers.go:201.87,202.17 1 57
github.com/vmware-tanzu/graph-framework-for-microservices/compiler/pkg/crd-generator/template_renderers.go:205.2,207.47 2 57
github.com/vmware-tanzu/graph-framework-for-microservices/compiler/pkg/crd-generator/template_renderers.go:212.2,212.16 1 57
github.com/vmware-tanzu/graph-framework-for-microservices/compiler/pkg/crd-generator/template_renderers.go:202.17,204.3 1 0
github.com/vmware-tanzu/graph-framework-for-microservices/compiler/pkg/crd-generator/template_renderers.go:207.47,210.3 2 0
github.com/vmware-tanzu/graph-framework-for-microservices/compiler/pkg/crd-generator/template_renderers.go:221.89,228.52 2 1
github.com/vmware-tanzu/graph-framework-for-microservices/compiler/pkg/crd-generator/template_renderers.go:232.2,233.16 2 1
github.com/vmware-tanzu/graph-framework-for-microservices/compiler/pkg/crd-generator/template_renderers.go:237.2,237.42 1 1
github.com/vmware-tanzu/graph-framework-for-microservices/compiler/pkg/crd-generator/template_renderers.go:228.52,230.3 1 0
github.com/vmware-tanzu/graph-framework-for-microservices/compiler/pkg/crd-generator/template_renderers.go:233.16,235.3 1 0
github.com/vmware-tanzu/graph-framework-for-microservices/compiler/pkg/crd-generator/template_renderers.go:245.99,252.52 3 1
github.com/vmware-tanzu/graph-framework-for-microservices/compiler/pkg/crd-generator/template_renderers.go:256.2,257.16 2 1
github.com/vmware-tanzu/graph-framework-for-microservices/compiler/pkg/crd-generator/template_renderers.go:261.2,261.52 1 1
github.com/vmware-tanzu/graph-framework-for-microservices/compiler/pkg/crd-generator/template_renderers.go:252.52,254.3 1 0
github.com/vmware-tanzu/graph-framework-for-microservices/compiler/pkg/crd-generator/template_renderers.go:257.16,259.3 1 0
github.com/vmware-tanzu/graph-framework-for-microservices/compiler/pkg/crd-generator/template_renderers.go:271.112,274.43 2 1
github.com/vmware-tanzu/graph-framework-for-microservices/compiler/pkg/crd-generator/template_renderers.go:278.2,289.30 3 1
github.com/vmware-tanzu/graph-framework-for-microservices/compiler/pkg/crd-generator/template_renderers.go:293.2,294.16 2 1
github.com/vmware-tanzu/graph-framework-for-microservices/compiler/pkg/crd-generator/template_renderers.go:297.2,297.50 1 1
github.com/vmware-tanzu/graph-framework-for-microservices/compiler/pkg/crd-generator/template_renderers.go:274.43,276.3 1 6
github.com/vmware-tanzu/graph-framework-for-microservices/compiler/pkg/crd-generator/template_renderers.go:289.30,291.3 1 0
github.com/vmware-tanzu/graph-framework-for-microservices/compiler/pkg/crd-generator/template_renderers.go:294.16,296.3 1 0
github.com/vmware-tanzu/graph-framework-for-microservices/compiler/pkg/crd-generator/template_renderers.go:309.91,320.16 10 1
github.com/vmware-tanzu/graph-framework-for-microservices/compiler/pkg/crd-generator/template_renderers.go:324.2,325.16 2 1
github.com/vmware-tanzu/graph-framework-for-microservices/compiler/pkg/crd-generator/template_renderers.go:329.2,330.16 2 1
github.com/vmware-tanzu/graph-framework-for-microservices/compiler/pkg/crd-generator/template_renderers.go:334.2,334.34 1 1
github.com/vmware-tanzu/graph-framework-for-microservices/compiler/pkg/crd-generator/template_renderers.go:320.16,322.3 1 0
github.com/vmware-tanzu/graph-framework-for-microservices/compiler/pkg/crd-generator/template_renderers.go:325.16,327.3 1 0
github.com/vmware-tanzu/graph-framework-for-microservices/compiler/pkg/crd-generator/template_renderers.go:330.16,332.3 1 0
github.com/vmware-tanzu/graph-framework-for-microservices/compiler/pkg/crd-generator/template_renderers.go:364.122,368.43 3 1
github.com/vmware-tanzu/graph-framework-for-microservices/compiler/pkg/crd-generator/template_renderers.go:435.2,435.18 1 1
github.com/vmware-tanzu/graph-framework-for-microservices/compiler/pkg/crd-generator/template_renderers.go:368.43,381.9 11 6
github.com/vmware-tanzu/graph-framework-for-microservices/compiler/pkg/crd-generator/template_renderers.go:388.3,388.79 1 6
github.com/vmware-tanzu/graph-framework-for-microservices/compiler/pkg/crd-generator/template_renderers.go:392.3,392.80 1 6
github.com/vmware-tanzu/graph-framework-for-microservices/compiler/pkg/crd-generator/template_renderers.go:396.3,397.17 2 6
github.com/vmware-tanzu/graph-framework-for-microservices/compiler/pkg/crd-generator/template_renderers.go:401.3,418.31 2 6
github.com/vmware-tanzu/graph-framework-for-microservices/compiler/pkg/crd-generator/template_renderers.go:421.3,422.17 2 6
github.com/vmware-tanzu/graph-framework-for-microservices/compiler/pkg/crd-generator/template_renderers.go:425.3,426.17 2 6
github.com/vmware-tanzu/graph-framework-for-microservices/compiler/pkg/crd-generator/template_renderers.go:429.3,433.27 2 6
github.com/vmware-tanzu/graph-framework-for-microservices/compiler/pkg/crd-generator/template_renderers.go:381.9,386.4 4 4
github.com/vmware-tanzu/graph-framework-for-microservices/compiler/pkg/crd-generator/template_renderers.go:388.79,391.4 2 2
github.com/vmware-tanzu/graph-framework-for-microservices/compiler/pkg/crd-generator/template_renderers.go:392.80,394.4 1 1
github.com/vmware-tanzu/graph-framework-for-microservices/compiler/pkg/crd-generator/template_renderers.go:397.17,399.4 1 0
github.com/vmware-tanzu/graph-framework-for-microservices/compiler/pkg/crd-generator/template_renderers.go:418.31,420.4 1 0
github.com/vmware-tanzu/graph-framework-for-microservices/compiler/pkg/crd-generator/template_renderers.go:422.17,424.4 1 0
github.com/vmware-tanzu/graph-framework-for-microservices/compiler/pkg/crd-generator/template_renderers.go:426.17,428.4 1 0
github.com/vmware-tanzu/graph-framework-for-microservices/compiler/pkg/crd-generator/template_renderers.go:438.67,441.31 3 0
github.com/vmware-tanzu/graph-framework-for-microservices/compiler/pkg/crd-generator/template_renderers.go:444.2,447.57 4 0
github.com/vmware-tanzu/graph-framework-for-microservices/compiler/pkg/crd-generator/template_renderers.go:441.31,443.3 1 0
github.com/vmware-tanzu/graph-framework-for-microservices/compiler/pkg/crd-generator/template_renderers.go:456.113,458.28 2 1
github.com/vmware-tanzu/graph-framework-for-microservices/compiler/pkg/crd-generator/template_renderers.go:461.2,469.16 7 1
github.com/vmware-tanzu/graph-framework-for-microservices/compiler/pkg/crd-generator/template_renderers.go:473.2,474.16 2 1
github.com/vmware-tanzu/graph-framework-for-microservices/compiler/pkg/crd-generator/template_renderers.go:478.2,479.16 2 1
github.com/vmware-tanzu/graph-framework-for-microservices/compiler/pkg/crd-generator/template_renderers.go:483.2,483.34 1 1
github.com/vmware-tanzu/graph-framework-for-microservices/compiler/pkg/crd-generator/template_renderers.go:458.28,460.3 1 12
github.com/vmware-tanzu/graph-framework-for-microservices/compiler/pkg/crd-generator/template_renderers.go:469.16,471.3 1 0
github.com/vmware-tanzu/graph-framework-for-microservices/compiler/pkg/crd-generator/template_renderers.go:474.16,476.3 1 0
github.com/vmware-tanzu/graph-framework-for-microservices/compiler/pkg/crd-generator/template_renderers.go:479.16,481.3 1 0
github.com/vmware-tanzu/graph-framework-for-microservices/compiler/pkg/crd-generator/template_renderers.go:486.136,489.16 3 0
github.com/vmware-tanzu/graph-framework-for-microservices/compiler/pkg/crd-generator/template_renderers.go:492.2,494.16 3 0
github.com/vmware-tanzu/graph-framework-for-microservices/compiler/pkg/crd-generator/template_renderers.go:498.2,498.12 1 0
github.com/vmware-tanzu/graph-framework-for-microservices/compiler/pkg/crd-generator/template_renderers.go:489.16,491.3 1 0
github.com/vmware-tanzu/graph-framework-for-microservices/compiler/pkg/crd-generator/template_renderers.go:494.16,496.3 1 0
github.com/vmware-tanzu/graph-framework-for-microservices/compiler/pkg/crd-generator/template_renderers.go:512.150,514.16 2 1
github.com/vmware-tanzu/graph-framework-for-microservices/compiler/pkg/crd-generator/template_renderers.go:518.2,519.16 2 1
github.com/vmware-tanzu/graph-framework-for-microservices/compiler/pkg/crd-generator/template_renderers.go:523.2,524.16 2 1
github.com/vmware-tanzu/graph-framework-for-microservices/compiler/pkg/crd-generator/template_renderers.go:528.2,529.16 2 1
github.com/vmware-tanzu/graph-framework-for-microservices/compiler/pkg/crd-generator/template_renderers.go:533.2,533.34 1 1
github.com/vmware-tanzu/graph-framework-for-microservices/compiler/pkg/crd-generator/template_renderers.go:514.16,516.3 1 0
github.com/vmware-tanzu/graph-framework-for-microservices/compiler/pkg/crd-generator/template_renderers.go:519.16,521.3 1 0
github.com/vmware-tanzu/graph-framework-for-microservices/compiler/pkg/crd-generator/template_renderers.go:524.16,526.3 1 0
github.com/vmware-tanzu/graph-framework-for-microservices/compiler/pkg/crd-generator/template_renderers.go:529.16,531.3 1 0
github.com/vmware-tanzu/graph-framework-for-microservices/compiler/pkg/crd-generator/template_renderers.go:541.137,550.16 5 0
github.com/vmware-tanzu/graph-framework-for-microservices/compiler/pkg/crd-generator/template_renderers.go:554.2,555.16 2 0
github.com/vmware-tanzu/graph-framework-for-microservices/compiler/pkg/crd-generator/template_renderers.go:558.2,560.16 3 0
github.com/vmware-tanzu/graph-framework-for-microservices/compiler/pkg/crd-generator/template_renderers.go:565.2,566.16 2 0
github.com/vmware-tanzu/graph-framework-for-microservices/compiler/pkg/crd-generator/template_renderers.go:569.2,570.80 2 0
github.com/vmware-tanzu/graph-framework-for-microservices/compiler/pkg/crd-generator/template_renderers.go:574.2,578.16 3 0
github.com/vmware-tanzu/graph-framework-for-microservices/compiler/pkg/crd-generator/template_renderers.go:581.2,583.16 3 0
github.com/vmware-tanzu/graph-framework-for-microservices/compiler/pkg/crd-generator/template_renderers.go:587.2,587.12 1 0
github.com/vmware-tanzu/graph-framework-for-microservices/compiler/pkg/crd-generator/template_renderers.go:550.16,552.3 1 0
github.com/vmware-tanzu/graph-framework-for-microservices/compiler/pkg/crd-generator/template_renderers.go:555.16,557.3 1 0
github.com/vmware-tanzu/graph-framework-for-microservices/compiler/pkg/crd-generator/template_renderers.go:560.16,562.3 1 0
github.com/vmware-tanzu/graph-framework-for-microservices/compiler/pkg/crd-generator/template_renderers.go:566.16,568.3 1 0
github.com/vmware-tanzu/graph-framework-for-microservices/compiler/pkg/crd-generator/template_renderers.go:570.80,572.3 1 0
github.com/vmware-tanzu/graph-framework-for-microservices/compiler/pkg/crd-generator/template_renderers.go:578.16,580.3 1 0
github.com/vmware-tanzu/graph-framework-for-microservices/compiler/pkg/crd-generator/template_renderers.go:583.16,585.3 1 0
github.com/vmware-tanzu/graph-framework-for-microservices/compiler/pkg/crd-generator/template_renderers.go:590.98,593.16 3 1
github.com/vmware-tanzu/graph-framework-for-microservices/compiler/pkg/crd-generator/template_renderers.go:597.2,597.45 1 1
github.com/vmware-tanzu/graph-framework-for-microservices/compiler/pkg/crd-generator/template_renderers.go:593.16,595.3 1 0
github.com/vmware-tanzu/graph-framework-for-microservices/compiler/pkg/crd-generator/template_renderers.go:600.91,603.16 3 1
github.com/vmware-tanzu/graph-framework-for-microservices/compiler/pkg/crd-generator/template_renderers.go:607.2,607.48 1 1
github.com/vmware-tanzu/graph-framework-for-microservices/compiler/pkg/crd-generator/template_renderers.go:603.16,605.3 1 0
github.com/vmware-tanzu/graph-framework-for-microservices/compiler/pkg/crd-generator/template_renderers.go:610.100,613.16 3 1
github.com/vmware-tanzu/graph-framework-for-microservices/compiler/pkg/crd-generator/template_renderers.go:617.2,617.50 1 1
github.com/vmware-tanzu/graph-framework-for-microservices/compiler/pkg/crd-generator/template_renderers.go:613.16,615.3 1 0
github.com/vmware-tanzu/graph-framework-for-microservices/compiler/pkg/crd-generator/template_renderers.go:624.61,631.16 5 0
github.com/vmware-tanzu/graph-framework-for-microservices/compiler/pkg/crd-generator/template_renderers.go:634.2,636.16 3 0
github.com/vmware-tanzu/graph-framework-for-microservices/compiler/pkg/crd-generator/template_renderers.go:640.2,640.12 1 0
github.com/vmware-tanzu/graph-framework-for-microservices/compiler/pkg/crd-generator/template_renderers.go:631.16,633.3 1 0
github.com/vmware-tanzu/graph-framework-for-microservices/compiler/pkg/crd-generator/template_renderers.go:636.16,638.3 1 0
github.com/vmware-tanzu/graph-framework-for-microservices/compiler/pkg/crd-generator/template_renderers.go:643.70,645.16 2 1
github.com/vmware-tanzu/graph-framework-for-microservices/compiler/pkg/crd-generator/template_renderers.go:648.2,648.56 1 1
github.com/vmware-tanzu/graph-framework-for-microservices/compiler/pkg/crd-generator/template_renderers.go:645.16,647.3 1 0
github.com/vmware-tanzu/graph-framework-for-microservices/compiler/pkg/crd-generator/types_generator.go:25.82,27.43 2 1
github.com/vmware-tanzu/graph-framework-for-microservices/compiler/pkg/crd-generator/types_generator.go:31.2,31.15 1 1
github.com/vmware-tanzu/graph-framework-for-microservices/compiler/pkg/crd-generator/types_generator.go:27.43,29.3 1 6
github.com/vmware-tanzu/graph-framework-for-microservices/compiler/pkg/crd-generator/types_generator.go:34.98,41.2 5 6
github.com/vmware-tanzu/graph-framework-for-microservices/compiler/pkg/crd-generator/types_generator.go:43.75,54.39 3 6
github.com/vmware-tanzu/graph-framework-for-microservices/compiler/pkg/crd-generator/types_generator.go:57.2,59.24 3 6
github.com/vmware-tanzu/graph-framework-for-microservices/compiler/pkg/crd-generator/types_generator.go:73.2,74.18 2 6
github.com/vmware-tanzu/graph-framework-for-microservices/compiler/pkg/crd-generator/types_generator.go:78.2,108.16 4 6
github.com/vmware-tanzu/graph-framework-for-microservices/compiler/pkg/crd-generator/types_generator.go:111.2,112.16 2 6
github.com/vmware-tanzu/graph-framework-for-microservices/compiler/pkg/crd-generator/types_generator.go:115.2,115.19 1 6
github.com/vmware-tanzu/graph-framework-for-microservices/compiler/pkg/crd-generator/types_generator.go:54.39,56.3 1 5
github.com/vmware-tanzu/graph-framework-for-microservices/compiler/pkg/crd-generator/types_generator.go:59.24,63.17 4 3
github.com/vmware-tanzu/graph-framework-for-microservices/compiler/pkg/crd-generator/types_generator.go:66.3,66.23 1 3
github.com/vmware-tanzu/graph-framework-for-microservices/compiler/pkg/crd-generator/types_generator.go:69.3,70.51 2 3
github.com/vmware-tanzu/graph-framework-for-microservices/compiler/pkg/crd-generator/types_generator.go:63.17,65.4 1 0
github.com/vmware-tanzu/graph-framework-for-microservices/compiler/pkg/crd-generator/types_generator.go:66.23,68.4 1 0
github.com/vmware-tanzu/graph-framework-for-microservices/compiler/pkg/crd-generator/types_generator.go:74.18,76.3 1 0
github.com/vmware-tanzu/graph-framework-for-microservices/compiler/pkg/crd-generator/types_generator.go:108.16,110.3 1 0
github.com/vmware-tanzu/graph-framework-for-microservices/compiler/pkg/crd-generator/types_generator.go:112.16,114.3 1 0
github.com/vmware-tanzu/graph-framework-for-microservices/compiler/pkg/crd-generator/types_generator.go:118.63,121.15 3 19
github.com/vmware-tanzu/graph-framework-for-microservices/compiler/pkg/crd-generator/types_generator.go:125.2,126.49 2 19
github.com/vmware-tanzu/graph-framework-for-microservices/compiler/pkg/crd-generator/types_generator.go:135.2,135.33 1 19
github.com/vmware-tanzu/graph-framework-for-microservices/compiler/pkg/crd-generator/types_generator.go:121.15,123.3 1 5
github.com/vmware-tanzu/graph-framework-for-microservices/compiler/pkg/crd-generator/types_generator.go:126.49,128.17 2 5
github.com/vmware-tanzu/graph-framework-for-microservices/compiler/pkg/crd-generator/types_generator.go:128.17,130.4 1 5
github.com/vmware-tanzu/graph-framework-for-microservices/compiler/pkg/crd-generator/types_generator.go:130.9,132.4 1 0
github.com/vmware-tanzu/graph-framework-for-microservices/compiler/pkg/crd-generator/types_generator.go:138.82,146.40 2 6
github.com/vmware-tanzu/graph-framework-for-microservices/compiler/pkg/crd-generator/types_generator.go:149.2,155.51 3 5
github.com/vmware-tanzu/graph-framework-for-microservices/compiler/pkg/crd-generator/types_generator.go:177.2,177.52 1 5
github.com/vmware-tanzu/graph-framework-for-microservices/compiler/pkg/crd-generator/types_generator.go:191.2,191.50 1 5
github.com/vmware-tanzu/graph-framework-for-microservices/compiler/pkg/crd-generator/types_generator.go:205.2,206.16 2 5
github.com/vmware-tanzu/graph-framework-for-microservices/compiler/pkg/crd-generator/types_generator.go:209.2,210.16 2 5
github.com/vmware-tanzu/graph-framework-for-microservices/compiler/pkg/crd-generator/types_generator.go:213.2,213.19 1 5
github.com/vmware-tanzu/graph-framework-for-microservices/compiler/pkg/crd-generator/types_generator.go:146.40,148.3 1 1
github.com/vmware-tanzu/graph-framework-for-microservices/compiler/pkg/crd-generator/types_generator.go:155.51,158.62 3 14
github.com/vmware-tanzu/graph-framework-for-microservices/compiler/pkg/crd-generator/types_generator.go:163.3,163.17 1 14
github.com/vmware-tanzu/graph-framework-for-microservices/compiler/pkg/crd-generator/types_generator.go:166.3,166.69 1 14
github.com/vmware-tanzu/graph-framework-for-microservices/compiler/pkg/crd-generator/types_generator.go:171.3,174.60 4 14
github.com/vmware-tanzu/graph-framework-for-microservices/compiler/pkg/crd-generator/types_generator.go:158.62,160.4 1 0
github.com/vmware-tanzu/graph-framework-for-microservices/compiler/pkg/crd-generator/types_generator.go:160.9,162.4 1 14
github.com/vmware-tanzu/graph-framework-for-microservices/compiler/pkg/crd-generator/types_generator.go:163.17,165.4 1 0
github.com/vmware-tanzu/graph-framework-for-microservices/compiler/pkg/crd-generator/types_generator.go:166.69,167.37 1 1
github.com/vmware-tanzu/graph-framework-for-microservices/compiler/pkg/crd-generator/types_generator.go:167.37,169.5 1 2
github.com/vmware-tanzu/graph-framework-for-microservices/compiler/pkg/crd-generator/types_generator.go:177.52,179.17 2 4
github.com/vmware-tanzu/graph-framework-for-microservices/compiler/pkg/crd-generator/types_generator.go:182.3,183.39 2 4
github.com/vmware-tanzu/graph-framework-for-microservices/compiler/pkg/crd-generator/types_generator.go:188.3,188.84 1 4
github.com/vmware-tanzu/graph-framework-for-microservices/compiler/pkg/crd-generator/types_generator.go:179.17,180.12 1 0
github.com/vmware-tanzu/graph-framework-for-microservices/compiler/pkg/crd-generator/types_generator.go:183.39,185.4 1 1
github.com/vmware-tanzu/graph-framework-for-microservices/compiler/pkg/crd-generator/types_generator.go:185.9,187.4 1 3
github.com/vmware-tanzu/graph-framework-for-microservices/compiler/pkg/crd-generator/types_generator.go:191.50,193.17 2 1
github.com/vmware-tanzu/graph-framework-for-microservices/compiler/pkg/crd-generator/types_generator.go:196.3,197.38 2 1
github.com/vmware-tanzu/graph-framework-for-microservices/compiler/pkg/crd-generator/types_generator.go:202.3,202.83 1 1
github.com/vmware-tanzu/graph-framework-for-microservices/compiler/pkg/crd-generator/types_generator.go:193.17,195.4 1 0
github.com/vmware-tanzu/graph-framework-for-microservices/compiler/pkg/crd-generator/types_generator.go:197.38,199.4 1 0
github.com/vmware-tanzu/graph-framework-for-microservices/compiler/pkg/crd-generator/types_generator.go:199.9,201.4 1 1
github.com/vmware-tanzu/graph-framework-for-microservices/compiler/pkg/crd-generator/types_generator.go:206.16,208.3 1 0
github.com/vmware-tanzu/graph-framework-for-microservices/compiler/pkg/crd-generator/types_generator.go:210.16,212.3 1 0
github.com/vmware-tanzu/graph-framework-for-microservices/compiler/pkg/crd-generator/types_generator.go:217.49,230.18 4 6
github.com/vmware-tanzu/graph-framework-for-microservices/compiler/pkg/crd-generator/types_generator.go:233.2,234.16 2 6
github.com/vmware-tanzu/graph-framework-for-microservices/compiler/pkg/crd-generator/types_generator.go:237.2,238.16 2 6
github.com/vmware-tanzu/graph-framework-for-microservices/compiler/pkg/crd-generator/types_generator.go:241.2,241.19 1 6
github.com/vmware-tanzu/graph-framework-for-microservices/compiler/pkg/crd-generator/types_generator.go:230.18,232.3 1 0
github.com/vmware-tanzu/graph-framework-for-microservices/compiler/pkg/crd-generator/types_generator.go:234.16,236.3 1 0
github.com/vmware-tanzu/graph-framework-for-microservices/compiler/pkg/crd-generator/types_generator.go:238.16,240.3 1 0
github.com/vmware-tanzu/graph-framework-for-microservices/compiler/pkg/crd-generator/types_generator.go:244.85,246.38 2 1
github.com/vmware-tanzu/graph-framework-for-microservices/compiler/pkg/crd-generator/types_generator.go:249.2,249.15 1 1
github.com/vmware-tanzu/graph-framework-for-microservices/compiler/pkg/crd-generator/types_generator.go:246.38,248.3 1 11
github.com/vmware-tanzu/graph-framework-for-microservices/compiler/pkg/crd-generator/types_generator.go:252.87,264.51 4 11
github.com/vmware-tanzu/graph-framework-for-microservices/compiler/pkg/crd-generator/types_generator.go:286.2,287.16 2 11
github.com/vmware-tanzu/graph-framework-for-microservices/compiler/pkg/crd-generator/types_generator.go:290.2,291.16 2 11
github.com/vmware-tanzu/graph-framework-for-microservices/compiler/pkg/crd-generator/types_generator.go:294.2,294.19 1 11
github.com/vmware-tanzu/graph-framework-for-microservices/compiler/pkg/crd-generator/types_generator.go:264.51,266.17 2 32
github.com/vmware-tanzu/graph-framework-for-microservices/compiler/pkg/crd-generator/types_generator.go:269.3,269.69 1 32
github.com/vmware-tanzu/graph-framework-for-microservices/compiler/pkg/crd-generator/types_generator.go:274.3,278.50 4 32
github.com/vmware-tanzu/graph-framework-for-microservices/compiler/pkg/crd-generator/types_generator.go:266.17,268.4 1 0
github.com/vmware-tanzu/graph-framework-for-microservices/compiler/pkg/crd-generator/types_generator.go:269.69,270.37 1 0
github.com/vmware-tanzu/graph-framework-for-microservices/compiler/pkg/crd-generator/types_generator.go:270.37,272.5 1 0
github.com/vmware-tanzu/graph-framework-for-microservices/compiler/pkg/crd-generator/types_generator.go:278.50,281.4 2 0
github.com/vmware-tanzu/graph-framework-for-microservices/compiler/pkg/crd-generator/types_generator.go:281.9,283.4 1 32
github.com/vmware-tanzu/graph-framework-for-microservices/compiler/pkg/crd-generator/types_generator.go:287.16,289.3 1 0
github.com/vmware-tanzu/graph-framework-for-microservices/compiler/pkg/crd-generator/types_generator.go:291.16,293.3 1 0
github.com/vmware-tanzu/graph-framework-for-microservices/compiler/pkg/crd-generator/types_generator.go:297.51,299.38 2 1
github.com/vmware-tanzu/graph-framework-for-microservices/compiler/pkg/crd-generator/types_generator.go:307.2,307.15 1 1
github.com/vmware-tanzu/graph-framework-for-microservices/compiler/pkg/crd-generator/types_generator.go:299.38,301.17 2 13
github.com/vmware-tanzu/graph-framework-for-microservices/compiler/pkg/crd-generator/types_generator.go:304.3,304.21 1 13
github.com/vmware-tanzu/graph-framework-for-microservices/compiler/pkg/crd-generator/types_generator.go:301.17,303.4 1 0
github.com/vmware-tanzu/graph-framework-for-microservices/compiler/pkg/crd-generator/types_generator.go:310.52,315.43 3 1
github.com/vmware-tanzu/graph-framework-for-microservices/compiler/pkg/crd-generator/types_generator.go:326.2,327.15 2 1
github.com/vmware-tanzu/graph-framework-for-microservices/compiler/pkg/crd-generator/types_generator.go:339.2,340.16 2 1
github.com/vmware-tanzu/graph-framework-for-microservices/compiler/pkg/crd-generator/types_generator.go:343.2,344.16 2 1
github.com/vmware-tanzu/graph-framework-for-microservices/compiler/pkg/crd-generator/types_generator.go:347.2,347.19 1 1
github.com/vmware-tanzu/graph-framework-for-microservices/compiler/pkg/crd-generator/types_generator.go:315.43,317.16 2 9
github.com/vmware-tanzu/graph-framework-for-microservices/compiler/pkg/crd-generator/types_generator.go:320.3,321.17 2 9
github.com/vmware-tanzu/graph-framework-for-microservices/compiler/pkg/crd-generator/types_generator.go:324.3,324.23 1 9
github.com/vmware-tanzu/graph-framework-for-microservices/compiler/pkg/crd-generator/types_generator.go:317.16,319.4 1 8
github.com/vmware-tanzu/graph-framework-for-microservices/compiler/pkg/crd-generator/types_generator.go:321.17,323.4 1 0
github.com/vmware-tanzu/graph-framework-for-microservices/compiler/pkg/crd-generator/types_generator.go:328.9,329.23 1 0
github.com/vmware-tanzu/graph-framework-for-microservices/compiler/pkg/crd-generator/types_generator.go:330.9,331.38 1 0
github.com/vmware-tanzu/graph-framework-for-microservices/compiler/pkg/crd-generator/types_generator.go:332.10,336.3 1 1
github.com/vmware-tanzu/graph-framework-for-microservices/compiler/pkg/crd-generator/types_generator.go:340.16,342.3 1 0
github.com/vmware-tanzu/graph-framework-for-microservices/compiler/pkg/crd-generator/types_generator.go:344.16,346.3 1 0
github.com/vmware-tanzu/graph-framework-for-microservices/compiler/pkg/crd-generator/types_generator.go:350.85,352.58 2 1
github.com/vmware-tanzu/graph-framework-for-microservices/compiler/pkg/crd-generator/types_generator.go:355.2,355.15 1 1
github.com/vmware-tanzu/graph-framework-for-microservices/compiler/pkg/crd-generator/types_generator.go:352.58,354.3 1 7
github.com/vmware-tanzu/graph-framework-for-microservices/compiler/pkg/crd-generator/types_generator.go:358.82,364.30 3 1
github.com/vmware-tanzu/graph-framework-for-microservices/compiler/pkg/crd-generator/types_generator.go:392.2,392.19 1 1
github.com/vmware-tanzu/graph-framework-for-microservices/compiler/pkg/crd-generator/types_generator.go:364.30,367.46 3 7
github.com/vmware-tanzu/graph-framework-for-microservices/compiler/pkg/crd-generator/types_generator.go:383.3,386.37 2 7
github.com/vmware-tanzu/graph-framework-for-microservices/compiler/pkg/crd-generator/types_generator.go:390.3,390.37 1 7
github.com/vmware-tanzu/graph-framework-for-microservices/compiler/pkg/crd-generator/types_generator.go:367.46,368.23 1 4
github.com/vmware-tanzu/graph-framework-for-microservices/compiler/pkg/crd-generator/types_generator.go:368.23,371.5 2 2
github.com/vmware-tanzu/graph-framework-for-microservices/compiler/pkg/crd-generator/types_generator.go:371.10,375.5 3 2
github.com/vmware-tanzu/graph-framework-for-microservices/compiler/pkg/crd-generator/types_generator.go:376.9,379.23 3 3
github.com/vmware-tanzu/graph-framework-for-microservices/compiler/pkg/crd-generator/types_generator.go:379.23,381.5 1 1
github.com/vmware-tanzu/graph-framework-for-microservices/compiler/pkg/crd-generator/types_generator.go:386.37,387.12 1 0
github.com/vmware-tanzu/graph-framework-for-microservices/compiler/pkg/crd-generator/types_generator.go:395.76,397.16 2 4
github.com/vmware-tanzu/graph-framework-for-microservices/compiler/pkg/crd-generator/types_generator.go:400.2,404.30 4 4
github.com/vmware-tanzu/graph-framework-for-microservices/compiler/pkg/crd-generator/types_generator.go:397.16,399.3 1 0
github.com/vmware-tanzu/graph-framework-for-microservices/compiler/pkg/crd-generator/types_generator.go:413.77,417.40 2 942
github.com/vmware-tanzu/graph-framework-for-microservices/compiler/pkg/crd-generator/types_generator.go:421.2,421.9 1 355
github.com/vmware-tanzu/graph-framework-for-microservices/compiler/pkg/crd-generator/types_generator.go:452.2,452.19 1 355
github.com/vmware-tanzu/graph-framework-for-microservices/compiler/pkg/crd-generator/types_generator.go:417.40,419.3 1 587
github.com/vmware-tanzu/graph-framework-for-microservices/compiler/pkg/crd-generator/types_generator.go:422.32,429.30 4 12
github.com/vmware-tanzu/graph-framework-for-microservices/compiler/pkg/crd-generator/types_generator.go:437.3,437.60 1 12
github.com/vmware-tanzu/graph-framework-for-microservices/compiler/pkg/crd-generator/types_generator.go:438.34,441.21 3 24
github.com/vmware-tanzu/graph-framework-for-microservices/compiler/pkg/crd-generator/types_generator.go:445.10,447.21 2 319
github.com/vmware-tanzu/graph-framework-for-microservices/compiler/pkg/crd-generator/types_generator.go:429.30,431.22 2 24
github.com/vmware-tanzu/graph-framework-for-microservices/compiler/pkg/crd-generator/types_generator.go:435.4,435.30 1 24
github.com/vmware-tanzu/graph-framework-for-microservices/compiler/pkg/crd-generator/types_generator.go:431.22,434.5 2 12
github.com/vmware-tanzu/graph-framework-for-microservices/compiler/pkg/crd-generator/types_generator.go:441.21,444.4 2 24
github.com/vmware-tanzu/graph-framework-for-microservices/compiler/pkg/crd-generator/types_generator.go:447.21,450.4 2 319
github.com/vmware-tanzu/graph-framework-for-microservices/compiler/pkg/crd-generator/types_generator.go:455.82,456.37 1 355
github.com/vmware-tanzu/graph-framework-for-microservices/compiler/pkg/crd-generator/types_generator.go:465.2,465.14 1 355
github.com/vmware-tanzu/graph-framework-for-microservices/compiler/pkg/crd-generator/types_generator.go:456.37,457.67 1 37
github.com/vmware-tanzu/graph-framework-for-microservices/compiler/pkg/crd-generator/types_generator.go:457.67,459.4 1 0
github.com/vmware-tanzu/graph-framework-for-microservices/compiler/pkg/crd-generator/types_generator.go:460.8,461.44 1 318
github.com/vmware-tanzu/graph-framework-for-microservices/compiler/pkg/crd-generator/types_generator.go:461.44,463.4 1 0
github.com/vmware-tanzu/graph-framework-for-microservices/compiler/pkg/crd-generator/types_generator.go:468.60,470.22 2 46
github.com/vmware-tanzu/graph-framework-for-microservices/compiler/pkg/crd-generator/types_generator.go:478.2,478.17 1 46
github.com/vmware-tanzu/graph-framework-for-microservices/compiler/pkg/crd-generator/types_generator.go:470.22,471.38 1 1
github.com/vmware-tanzu/graph-framework-for-microservices/compiler/pkg/crd-generator/types_generator.go:471.38,472.55 1 2
github.com/vmware-tanzu/graph-framework-for-microservices/compiler/pkg/crd-generator/types_generator.go:472.55,474.5 1 2
github.com/vmware-tanzu/graph-framework-for-microservices/compiler/pkg/crd-generator/types_generator.go:481.40,482.11 1 510
github.com/vmware-tanzu/graph-framework-for-microservices/compiler/pkg/crd-generator/types_generator.go:483.16,484.18 1 402
github.com/vmware-tanzu/graph-framework-for-microservices/compiler/pkg/crd-generator/types_generator.go:485.95,486.15 1 0
github.com/vmware-tanzu/graph-framework-for-microservices/compiler/pkg/crd-generator/types_generator.go:487.14,488.16 1 36
github.com/vmware-tanzu/graph-framework-for-microservices/compiler/pkg/crd-generator/types_generator.go:489.28,490.19 1 36
github.com/vmware-tanzu/graph-framework-for-microservices/compiler/pkg/crd-generator/types_generator.go:491.10,492.12 1 36
