mode: atomic
github.com/vmware-tanzu/graph-framework-for-microservices/compiler/pkg/parser/pkg.go:61.50,63.37 2 2
github.com/vmware-tanzu/graph-framework-for-microservices/compiler/pkg/parser/pkg.go:70.2,70.16 1 2
github.com/vmware-tanzu/graph-framework-for-microservices/compiler/pkg/parser/pkg.go:63.37,64.38 1 34
github.com/vmware-tanzu/graph-framework-for-microservices/compiler/pkg/parser/pkg.go:64.38,65.50 1 45
github.com/vmware-tanzu/graph-framework-for-microservices/compiler/pkg/parser/pkg.go:65.50,67.5 1 9
github.com/vmware-tanzu/graph-framework-for-microservices/compiler/pkg/parser/pkg.go:73.47,76.30 3 1
github.com/vmware-tanzu/graph-framework-for-microservices/compiler/pkg/parser/pkg.go:83.2,83.19 1 1
github.com/vmware-tanzu/graph-framework-for-microservices/compiler/pkg/parser/pkg.go:76.30,78.22 2 7
github.com/vmware-tanzu/graph-framework-for-microservices/compiler/pkg/parser/pkg.go:81.3,81.37 1 7
github.com/vmware-tanzu/graph-framework-for-microservices/compiler/pkg/parser/pkg.go:78.22,80.4 1 3
github.com/vmware-tanzu/graph-framework-for-microservices/compiler/pkg/parser/pkg.go:86.46,89.30 3 1
github.com/vmware-tanzu/graph-framework-for-microservices/compiler/pkg/parser/pkg.go:94.2,94.14 1 1
github.com/vmware-tanzu/graph-framework-for-microservices/compiler/pkg/parser/pkg.go:89.30,90.24 1 11
github.com/vmware-tanzu/graph-framework-for-microservices/compiler/pkg/parser/pkg.go:90.24,92.4 1 7
github.com/vmware-tanzu/graph-framework-for-microservices/compiler/pkg/parser/pkg.go:97.51,100.30 3 9
github.com/vmware-tanzu/graph-framework-for-microservices/compiler/pkg/parser/pkg.go:105.2,105.14 1 9
github.com/vmware-tanzu/graph-framework-for-microservices/compiler/pkg/parser/pkg.go:100.30,101.23 1 63
github.com/vmware-tanzu/graph-framework-for-microservices/compiler/pkg/parser/pkg.go:101.23,103.4 1 24
github.com/vmware-tanzu/graph-framework-for-microservices/compiler/pkg/parser/pkg.go:108.48,110.37 2 11
github.com/vmware-tanzu/graph-framework-for-microservices/compiler/pkg/parser/pkg.go:119.2,119.16 1 11
github.com/vmware-tanzu/graph-framework-for-microservices/compiler/pkg/parser/pkg.go:110.37,111.38 1 229
github.com/vmware-tanzu/graph-framework-for-microservices/compiler/pkg/parser/pkg.go:111.38,112.48 1 303
github.com/vmware-tanzu/graph-framework-for-microservices/compiler/pkg/parser/pkg.go:112.48,113.53 1 148
github.com/vmware-tanzu/graph-framework-for-microservices/compiler/pkg/parser/pkg.go:113.53,115.6 1 85
github.com/vmware-tanzu/graph-framework-for-microservices/compiler/pkg/parser/pkg.go:122.44,124.37 2 1
github.com/vmware-tanzu/graph-framework-for-microservices/compiler/pkg/parser/pkg.go:133.2,133.17 1 1
github.com/vmware-tanzu/graph-framework-for-microservices/compiler/pkg/parser/pkg.go:124.37,125.38 1 31
github.com/vmware-tanzu/graph-framework-for-microservices/compiler/pkg/parser/pkg.go:125.38,126.48 1 41
github.com/vmware-tanzu/graph-framework-for-microservices/compiler/pkg/parser/pkg.go:126.48,127.54 1 20
github.com/vmware-tanzu/graph-framework-for-microservices/compiler/pkg/parser/pkg.go:127.54,129.6 1 9
github.com/vmware-tanzu/graph-framework-for-microservices/compiler/pkg/parser/pkg.go:136.48,138.37 2 1
github.com/vmware-tanzu/graph-framework-for-microservices/compiler/pkg/parser/pkg.go:147.2,147.15 1 1
github.com/vmware-tanzu/graph-framework-for-microservices/compiler/pkg/parser/pkg.go:138.37,139.33 1 31
github.com/vmware-tanzu/graph-framework-for-microservices/compiler/pkg/parser/pkg.go:139.33,140.39 1 3
github.com/vmware-tanzu/graph-framework-for-microservices/compiler/pkg/parser/pkg.go:140.39,141.51 1 9
github.com/vmware-tanzu/graph-framework-for-microservices/compiler/pkg/parser/pkg.go:141.51,143.6 1 9
github.com/vmware-tanzu/graph-framework-for-microservices/compiler/pkg/parser/pkg.go:150.40,151.14 1 334
github.com/vmware-tanzu/graph-framework-for-microservices/compiler/pkg/parser/pkg.go:155.2,155.45 1 334
github.com/vmware-tanzu/graph-framework-for-microservices/compiler/pkg/parser/pkg.go:164.2,164.14 1 221
github.com/vmware-tanzu/graph-framework-for-microservices/compiler/pkg/parser/pkg.go:151.14,153.3 1 0
github.com/vmware-tanzu/graph-framework-for-microservices/compiler/pkg/parser/pkg.go:155.45,156.41 1 334
github.com/vmware-tanzu/graph-framework-for-microservices/compiler/pkg/parser/pkg.go:156.41,158.73 2 557
github.com/vmware-tanzu/graph-framework-for-microservices/compiler/pkg/parser/pkg.go:158.73,160.5 1 113
github.com/vmware-tanzu/graph-framework-for-microservices/compiler/pkg/parser/pkg.go:167.44,168.14 1 146
github.com/vmware-tanzu/graph-framework-for-microservices/compiler/pkg/parser/pkg.go:172.2,172.45 1 146
github.com/vmware-tanzu/graph-framework-for-microservices/compiler/pkg/parser/pkg.go:181.2,181.14 1 130
github.com/vmware-tanzu/graph-framework-for-microservices/compiler/pkg/parser/pkg.go:168.14,170.3 1 0
github.com/vmware-tanzu/graph-framework-for-microservices/compiler/pkg/parser/pkg.go:172.45,173.41 1 146
github.com/vmware-tanzu/graph-framework-for-microservices/compiler/pkg/parser/pkg.go:173.41,175.43 2 676
github.com/vmware-tanzu/graph-framework-for-microservices/compiler/pkg/parser/pkg.go:175.43,177.5 1 16
github.com/vmware-tanzu/graph-framework-for-microservices/compiler/pkg/parser/pkg.go:184.38,185.14 1 10
github.com/vmware-tanzu/graph-framework-for-microservices/compiler/pkg/parser/pkg.go:189.2,189.18 1 10
github.com/vmware-tanzu/graph-framework-for-microservices/compiler/pkg/parser/pkg.go:196.2,196.14 1 6
github.com/vmware-tanzu/graph-framework-for-microservices/compiler/pkg/parser/pkg.go:185.14,187.3 1 0
github.com/vmware-tanzu/graph-framework-for-microservices/compiler/pkg/parser/pkg.go:189.18,191.46 2 4
github.com/vmware-tanzu/graph-framework-for-microservices/compiler/pkg/parser/pkg.go:191.46,193.4 1 4
github.com/vmware-tanzu/graph-framework-for-microservices/compiler/pkg/parser/pkg.go:199.42,200.14 1 156
github.com/vmware-tanzu/graph-framework-for-microservices/compiler/pkg/parser/pkg.go:204.2,205.99 2 156
github.com/vmware-tanzu/graph-framework-for-microservices/compiler/pkg/parser/pkg.go:209.2,209.14 1 155
github.com/vmware-tanzu/graph-framework-for-microservices/compiler/pkg/parser/pkg.go:200.14,202.3 1 0
github.com/vmware-tanzu/graph-framework-for-microservices/compiler/pkg/parser/pkg.go:205.99,207.3 1 1
github.com/vmware-tanzu/graph-framework-for-microservices/compiler/pkg/parser/pkg.go:212.42,214.2 1 0
github.com/vmware-tanzu/graph-framework-for-microservices/compiler/pkg/parser/pkg.go:216.50,218.14 2 1
github.com/vmware-tanzu/graph-framework-for-microservices/compiler/pkg/parser/pkg.go:221.2,221.45 1 1
github.com/vmware-tanzu/graph-framework-for-microservices/compiler/pkg/parser/pkg.go:229.2,229.15 1 1
github.com/vmware-tanzu/graph-framework-for-microservices/compiler/pkg/parser/pkg.go:218.14,220.3 1 0
github.com/vmware-tanzu/graph-framework-for-microservices/compiler/pkg/parser/pkg.go:221.45,222.37 1 1
github.com/vmware-tanzu/graph-framework-for-microservices/compiler/pkg/parser/pkg.go:222.37,223.48 1 10
github.com/vmware-tanzu/graph-framework-for-microservices/compiler/pkg/parser/pkg.go:223.48,225.5 1 5
github.com/vmware-tanzu/graph-framework-for-microservices/compiler/pkg/parser/pkg.go:232.51,234.14 2 121
github.com/vmware-tanzu/graph-framework-for-microservices/compiler/pkg/parser/pkg.go:238.2,238.45 1 119
github.com/vmware-tanzu/graph-framework-for-microservices/compiler/pkg/parser/pkg.go:245.2,245.15 1 119
github.com/vmware-tanzu/graph-framework-for-microservices/compiler/pkg/parser/pkg.go:234.14,236.3 1 2
github.com/vmware-tanzu/graph-framework-for-microservices/compiler/pkg/parser/pkg.go:238.45,239.37 1 119
github.com/vmware-tanzu/graph-framework-for-microservices/compiler/pkg/parser/pkg.go:239.37,240.47 1 575
github.com/vmware-tanzu/graph-framework-for-microservices/compiler/pkg/parser/pkg.go:240.47,242.5 1 101
github.com/vmware-tanzu/graph-framework-for-microservices/compiler/pkg/parser/pkg.go:248.50,250.14 2 115
github.com/vmware-tanzu/graph-framework-for-microservices/compiler/pkg/parser/pkg.go:254.2,254.45 1 113
github.com/vmware-tanzu/graph-framework-for-microservices/compiler/pkg/parser/pkg.go:261.2,261.15 1 113
github.com/vmware-tanzu/graph-framework-for-microservices/compiler/pkg/parser/pkg.go:250.14,252.3 1 2
github.com/vmware-tanzu/graph-framework-for-microservices/compiler/pkg/parser/pkg.go:254.45,255.37 1 113
github.com/vmware-tanzu/graph-framework-for-microservices/compiler/pkg/parser/pkg.go:255.37,256.46 1 539
github.com/vmware-tanzu/graph-framework-for-microservices/compiler/pkg/parser/pkg.go:256.46,258.5 1 48
github.com/vmware-tanzu/graph-framework-for-microservices/compiler/pkg/parser/pkg.go:264.38,265.14 1 575
github.com/vmware-tanzu/graph-framework-for-microservices/compiler/pkg/parser/pkg.go:269.2,269.18 1 575
github.com/vmware-tanzu/graph-framework-for-microservices/compiler/pkg/parser/pkg.go:278.2,278.14 1 474
github.com/vmware-tanzu/graph-framework-for-microservices/compiler/pkg/parser/pkg.go:265.14,267.3 1 0
github.com/vmware-tanzu/graph-framework-for-microservices/compiler/pkg/parser/pkg.go:269.18,271.48 2 227
github.com/vmware-tanzu/graph-framework-for-microservices/compiler/pkg/parser/pkg.go:271.48,272.87 1 215
github.com/vmware-tanzu/graph-framework-for-microservices/compiler/pkg/parser/pkg.go:272.87,274.5 1 101
github.com/vmware-tanzu/graph-framework-for-microservices/compiler/pkg/parser/pkg.go:281.44,282.14 1 141
github.com/vmware-tanzu/graph-framework-for-microservices/compiler/pkg/parser/pkg.go:286.2,286.19 1 141
github.com/vmware-tanzu/graph-framework-for-microservices/compiler/pkg/parser/pkg.go:290.2,290.18 1 117
github.com/vmware-tanzu/graph-framework-for-microservices/compiler/pkg/parser/pkg.go:299.2,299.14 1 78
github.com/vmware-tanzu/graph-framework-for-microservices/compiler/pkg/parser/pkg.go:282.14,284.3 1 0
github.com/vmware-tanzu/graph-framework-for-microservices/compiler/pkg/parser/pkg.go:286.19,288.3 1 24
github.com/vmware-tanzu/graph-framework-for-microservices/compiler/pkg/parser/pkg.go:290.18,292.48 2 117
github.com/vmware-tanzu/graph-framework-for-microservices/compiler/pkg/parser/pkg.go:292.48,293.87 1 117
github.com/vmware-tanzu/graph-framework-for-microservices/compiler/pkg/parser/pkg.go:293.87,295.5 1 39
github.com/vmware-tanzu/graph-framework-for-microservices/compiler/pkg/parser/pkg.go:302.37,303.14 1 539
github.com/vmware-tanzu/graph-framework-for-microservices/compiler/pkg/parser/pkg.go:307.2,307.18 1 539
github.com/vmware-tanzu/graph-framework-for-microservices/compiler/pkg/parser/pkg.go:315.2,315.14 1 491
github.com/vmware-tanzu/graph-framework-for-microservices/compiler/pkg/parser/pkg.go:303.14,305.3 1 0
github.com/vmware-tanzu/graph-framework-for-microservices/compiler/pkg/parser/pkg.go:307.18,309.48 2 212
github.com/vmware-tanzu/graph-framework-for-microservices/compiler/pkg/parser/pkg.go:309.48,310.83 1 200
github.com/vmware-tanzu/graph-framework-for-microservices/compiler/pkg/parser/pkg.go:310.83,312.5 1 48
github.com/vmware-tanzu/graph-framework-for-microservices/compiler/pkg/parser/pkg.go:318.49,319.14 1 1
github.com/vmware-tanzu/graph-framework-for-microservices/compiler/pkg/parser/pkg.go:323.2,324.45 2 1
github.com/vmware-tanzu/graph-framework-for-microservices/compiler/pkg/parser/pkg.go:334.2,334.14 1 1
github.com/vmware-tanzu/graph-framework-for-microservices/compiler/pkg/parser/pkg.go:319.14,321.3 1 0
github.com/vmware-tanzu/graph-framework-for-microservices/compiler/pkg/parser/pkg.go:324.45,325.37 1 1
github.com/vmware-tanzu/graph-framework-for-microservices/compiler/pkg/parser/pkg.go:325.37,326.48 1 10
github.com/vmware-tanzu/graph-framework-for-microservices/compiler/pkg/parser/pkg.go:326.48,327.21 1 1
github.com/vmware-tanzu/graph-framework-for-microservices/compiler/pkg/parser/pkg.go:330.5,330.14 1 1
github.com/vmware-tanzu/graph-framework-for-microservices/compiler/pkg/parser/pkg.go:327.21,329.6 1 0
github.com/vmware-tanzu/graph-framework-for-microservices/compiler/pkg/parser/pkg.go:337.39,338.14 1 10
github.com/vmware-tanzu/graph-framework-for-microservices/compiler/pkg/parser/pkg.go:341.2,341.18 1 10
github.com/vmware-tanzu/graph-framework-for-microservices/compiler/pkg/parser/pkg.go:349.2,349.14 1 9
github.com/vmware-tanzu/graph-framework-for-microservices/compiler/pkg/parser/pkg.go:338.14,340.3 1 0
github.com/vmware-tanzu/graph-framework-for-microservices/compiler/pkg/parser/pkg.go:341.18,343.48 2 4
github.com/vmware-tanzu/graph-framework-for-microservices/compiler/pkg/parser/pkg.go:343.48,344.45 1 4
github.com/vmware-tanzu/graph-framework-for-microservices/compiler/pkg/parser/pkg.go:344.45,346.5 1 1
github.com/vmware-tanzu/graph-framework-for-microservices/compiler/pkg/parser/pkg.go:352.36,353.14 1 141
github.com/vmware-tanzu/graph-framework-for-microservices/compiler/pkg/parser/pkg.go:357.2,357.40 1 141
github.com/vmware-tanzu/graph-framework-for-microservices/compiler/pkg/parser/pkg.go:361.2,361.48 1 117
github.com/vmware-tanzu/graph-framework-for-microservices/compiler/pkg/parser/pkg.go:366.2,366.14 1 117
github.com/vmware-tanzu/graph-framework-for-microservices/compiler/pkg/parser/pkg.go:353.14,355.3 1 0
github.com/vmware-tanzu/graph-framework-for-microservices/compiler/pkg/parser/pkg.go:357.40,359.3 1 24
github.com/vmware-tanzu/graph-framework-for-microservices/compiler/pkg/parser/pkg.go:361.48,362.45 1 2
github.com/vmware-tanzu/graph-framework-for-microservices/compiler/pkg/parser/pkg.go:362.45,364.4 1 0
github.com/vmware-tanzu/graph-framework-for-microservices/compiler/pkg/parser/pkg.go:369.38,370.14 1 140
github.com/vmware-tanzu/graph-framework-for-microservices/compiler/pkg/parser/pkg.go:374.2,374.42 1 140
github.com/vmware-tanzu/graph-framework-for-microservices/compiler/pkg/parser/pkg.go:377.2,377.14 1 138
github.com/vmware-tanzu/graph-framework-for-microservices/compiler/pkg/parser/pkg.go:370.14,372.3 1 0
github.com/vmware-tanzu/graph-framework-for-microservices/compiler/pkg/parser/pkg.go:374.42,376.3 1 2
github.com/vmware-tanzu/graph-framework-for-microservices/compiler/pkg/parser/pkg.go:380.53,381.14 1 141
github.com/vmware-tanzu/graph-framework-for-microservices/compiler/pkg/parser/pkg.go:385.2,385.23 1 141
github.com/vmware-tanzu/graph-framework-for-microservices/compiler/pkg/parser/pkg.go:391.2,391.29 1 141
github.com/vmware-tanzu/graph-framework-for-microservices/compiler/pkg/parser/pkg.go:381.14,383.3 1 0
github.com/vmware-tanzu/graph-framework-for-microservices/compiler/pkg/parser/pkg.go:385.23,387.3 1 0
github.com/vmware-tanzu/graph-framework-for-microservices/compiler/pkg/parser/pkg.go:387.8,387.29 1 141
github.com/vmware-tanzu/graph-framework-for-microservices/compiler/pkg/parser/pkg.go:387.29,389.3 1 0
github.com/vmware-tanzu/graph-framework-for-microservices/compiler/pkg/parser/pkg.go:394.49,395.14 1 0
github.com/vmware-tanzu/graph-framework-for-microservices/compiler/pkg/parser/pkg.go:398.2,398.23 1 0
github.com/vmware-tanzu/graph-framework-for-microservices/compiler/pkg/parser/pkg.go:401.2,401.29 1 0
github.com/vmware-tanzu/graph-framework-for-microservices/compiler/pkg/parser/pkg.go:395.14,397.3 1 0
github.com/vmware-tanzu/graph-framework-for-microservices/compiler/pkg/parser/pkg.go:398.23,400.3 1 0
github.com/vmware-tanzu/graph-framework-for-microservices/compiler/pkg/parser/pkg.go:404.51,405.30 1 0
github.com/vmware-tanzu/graph-framework-for-microservices/compiler/pkg/parser/pkg.go:409.2,410.46 2 0
github.com/vmware-tanzu/graph-framework-for-microservices/compiler/pkg/parser/pkg.go:414.2,414.12 1 0
github.com/vmware-tanzu/graph-framework-for-microservices/compiler/pkg/parser/pkg.go:405.30,407.3 1 0
github.com/vmware-tanzu/graph-framework-for-microservices/compiler/pkg/parser/pkg.go:410.46,412.3 1 0
github.com/vmware-tanzu/graph-framework-for-microservices/compiler/pkg/parser/pkg.go:417.49,418.30 1 0
github.com/vmware-tanzu/graph-framework-for-microservices/compiler/pkg/parser/pkg.go:422.2,422.36 1 0
github.com/vmware-tanzu/graph-framework-for-microservices/compiler/pkg/parser/pkg.go:418.30,420.3 1 0
github.com/vmware-tanzu/graph-framework-for-microservices/compiler/pkg/parser/pkg.go:425.40,426.14 1 204
github.com/vmware-tanzu/graph-framework-for-microservices/compiler/pkg/parser/pkg.go:430.2,432.36 3 204
github.com/vmware-tanzu/graph-framework-for-microservices/compiler/pkg/parser/pkg.go:466.2,467.13 2 204
github.com/vmware-tanzu/graph-framework-for-microservices/compiler/pkg/parser/pkg.go:470.2,470.10 1 204
github.com/vmware-tanzu/graph-framework-for-microservices/compiler/pkg/parser/pkg.go:474.2,474.18 1 204
github.com/vmware-tanzu/graph-framework-for-microservices/compiler/pkg/parser/pkg.go:426.14,428.3 1 0
github.com/vmware-tanzu/graph-framework-for-microservices/compiler/pkg/parser/pkg.go:433.25,435.31 2 136
github.com/vmware-tanzu/graph-framework-for-microservices/compiler/pkg/parser/pkg.go:436.20,437.61 1 48
github.com/vmware-tanzu/graph-framework-for-microservices/compiler/pkg/parser/pkg.go:442.3,442.52 1 48
github.com/vmware-tanzu/graph-framework-for-microservices/compiler/pkg/parser/pkg.go:445.21,447.54 2 2
github.com/vmware-tanzu/graph-framework-for-microservices/compiler/pkg/parser/pkg.go:452.3,452.52 1 2
github.com/vmware-tanzu/graph-framework-for-microservices/compiler/pkg/parser/pkg.go:462.18,463.27 1 16
github.com/vmware-tanzu/graph-framework-for-microservices/compiler/pkg/parser/pkg.go:437.61,440.4 2 24
github.com/vmware-tanzu/graph-framework-for-microservices/compiler/pkg/parser/pkg.go:442.52,444.4 1 24
github.com/vmware-tanzu/graph-framework-for-microservices/compiler/pkg/parser/pkg.go:447.54,450.4 2 2
github.com/vmware-tanzu/graph-framework-for-microservices/compiler/pkg/parser/pkg.go:452.52,453.60 1 0
github.com/vmware-tanzu/graph-framework-for-microservices/compiler/pkg/parser/pkg.go:458.4,458.51 1 0
github.com/vmware-tanzu/graph-framework-for-microservices/compiler/pkg/parser/pkg.go:453.60,456.5 2 0
github.com/vmware-tanzu/graph-framework-for-microservices/compiler/pkg/parser/pkg.go:458.51,460.5 1 0
github.com/vmware-tanzu/graph-framework-for-microservices/compiler/pkg/parser/pkg.go:467.13,469.3 1 42
github.com/vmware-tanzu/graph-framework-for-microservices/compiler/pkg/parser/pkg.go:470.10,472.3 1 2
github.com/vmware-tanzu/graph-framework-for-microservices/compiler/pkg/parser/pkg.go:477.40,478.14 1 140
github.com/vmware-tanzu/graph-framework-for-microservices/compiler/pkg/parser/pkg.go:482.2,483.36 2 140
github.com/vmware-tanzu/graph-framework-for-microservices/compiler/pkg/parser/pkg.go:491.2,491.13 1 140
github.com/vmware-tanzu/graph-framework-for-microservices/compiler/pkg/parser/pkg.go:478.14,480.3 1 0
github.com/vmware-tanzu/graph-framework-for-microservices/compiler/pkg/parser/pkg.go:484.20,485.51 1 24
github.com/vmware-tanzu/graph-framework-for-microservices/compiler/pkg/parser/pkg.go:488.21,489.14 1 2
github.com/vmware-tanzu/graph-framework-for-microservices/compiler/pkg/parser/pkg.go:485.51,487.4 1 0
github.com/vmware-tanzu/graph-framework-for-microservices/compiler/pkg/parser/pkg.go:494.49,496.16 2 565
github.com/vmware-tanzu/graph-framework-for-microservices/compiler/pkg/parser/pkg.go:499.2,500.16 2 565
github.com/vmware-tanzu/graph-framework-for-microservices/compiler/pkg/parser/pkg.go:504.2,504.13 1 565
github.com/vmware-tanzu/graph-framework-for-microservices/compiler/pkg/parser/pkg.go:496.16,498.3 1 0
github.com/vmware-tanzu/graph-framework-for-microservices/compiler/pkg/parser/pkg.go:500.16,502.3 1 1
github.com/vmware-tanzu/graph-framework-for-microservices/compiler/pkg/parser/pkg.go:507.69,508.14 1 0
github.com/vmware-tanzu/graph-framework-for-microservices/compiler/pkg/parser/pkg.go:512.2,514.16 3 0
github.com/vmware-tanzu/graph-framework-for-microservices/compiler/pkg/parser/pkg.go:517.2,517.26 1 0
github.com/vmware-tanzu/graph-framework-for-microservices/compiler/pkg/parser/pkg.go:508.14,510.3 1 0
github.com/vmware-tanzu/graph-framework-for-microservices/compiler/pkg/parser/pkg.go:514.16,516.3 1 0
github.com/vmware-tanzu/graph-framework-for-microservices/compiler/pkg/parser/pkg.go:520.67,521.14 1 0
github.com/vmware-tanzu/graph-framework-for-microservices/compiler/pkg/parser/pkg.go:525.2,527.16 3 0
github.com/vmware-tanzu/graph-framework-for-microservices/compiler/pkg/parser/pkg.go:530.2,530.26 1 0
github.com/vmware-tanzu/graph-framework-for-microservices/compiler/pkg/parser/pkg.go:521.14,523.3 1 0
github.com/vmware-tanzu/graph-framework-for-microservices/compiler/pkg/parser/pkg.go:527.16,529.3 1 0
github.com/vmware-tanzu/graph-framework-for-microservices/compiler/pkg/parser/pkg.go:533.71,534.14 1 0
github.com/vmware-tanzu/graph-framework-for-microservices/compiler/pkg/parser/pkg.go:538.2,540.16 3 0
github.com/vmware-tanzu/graph-framework-for-microservices/compiler/pkg/parser/pkg.go:543.2,543.26 1 0
github.com/vmware-tanzu/graph-framework-for-microservices/compiler/pkg/parser/pkg.go:534.14,536.3 1 0
github.com/vmware-tanzu/graph-framework-for-microservices/compiler/pkg/parser/pkg.go:540.16,542.3 1 0
github.com/vmware-tanzu/graph-framework-for-microservices/compiler/pkg/parser/pkg_parser.go:16.45,20.87 3 18
github.com/vmware-tanzu/graph-framework-for-microservices/compiler/pkg/parser/pkg_parser.go:58.2,58.16 1 18
github.com/vmware-tanzu/graph-framework-for-microservices/compiler/pkg/parser/pkg_parser.go:62.2,62.17 1 18
github.com/vmware-tanzu/graph-framework-for-microservices/compiler/pkg/parser/pkg_parser.go:20.87,21.19 1 360
github.com/vmware-tanzu/graph-framework-for-microservices/compiler/pkg/parser/pkg_parser.go:56.3,56.13 1 342
github.com/vmware-tanzu/graph-framework-for-microservices/compiler/pkg/parser/pkg_parser.go:21.19,22.30 1 126
github.com/vmware-tanzu/graph-framework-for-microservices/compiler/pkg/parser/pkg_parser.go:26.4,26.31 1 108
github.com/vmware-tanzu/graph-framework-for-microservices/compiler/pkg/parser/pkg_parser.go:30.4,32.18 3 108
github.com/vmware-tanzu/graph-framework-for-microservices/compiler/pkg/parser/pkg_parser.go:35.4,35.27 1 108
github.com/vmware-tanzu/graph-framework-for-microservices/compiler/pkg/parser/pkg_parser.go:22.30,25.5 2 18
github.com/vmware-tanzu/graph-framework-for-microservices/compiler/pkg/parser/pkg_parser.go:26.31,29.5 2 0
github.com/vmware-tanzu/graph-framework-for-microservices/compiler/pkg/parser/pkg_parser.go:32.18,34.5 1 0
github.com/vmware-tanzu/graph-framework-for-microservices/compiler/pkg/parser/pkg_parser.go:35.27,36.26 1 108
github.com/vmware-tanzu/graph-framework-for-microservices/compiler/pkg/parser/pkg_parser.go:41.5,41.36 1 90
github.com/vmware-tanzu/graph-framework-for-microservices/compiler/pkg/parser/pkg_parser.go:44.5,53.30 4 90
github.com/vmware-tanzu/graph-framework-for-microservices/compiler/pkg/parser/pkg_parser.go:36.26,38.14 2 18
github.com/vmware-tanzu/graph-framework-for-microservices/compiler/pkg/parser/pkg_parser.go:41.36,43.6 1 0
github.com/vmware-tanzu/graph-framework-for-microservices/compiler/pkg/parser/pkg_parser.go:58.16,60.3 1 0
github.com/vmware-tanzu/graph-framework-for-microservices/compiler/pkg/parser/pkg_parser.go:65.50,67.25 2 90
github.com/vmware-tanzu/graph-framework-for-microservices/compiler/pkg/parser/pkg_parser.go:70.2,71.31 2 90
github.com/vmware-tanzu/graph-framework-for-microservices/compiler/pkg/parser/pkg_parser.go:67.25,69.3 1 162
github.com/vmware-tanzu/graph-framework-for-microservices/compiler/pkg/parser/pkg_parser.go:71.31,73.35 2 162
github.com/vmware-tanzu/graph-framework-for-microservices/compiler/pkg/parser/pkg_parser.go:73.35,74.46 1 1368
github.com/vmware-tanzu/graph-framework-for-microservices/compiler/pkg/parser/pkg_parser.go:74.46,76.5 1 1368
github.com/vmware-tanzu/graph-framework-for-microservices/compiler/pkg/parser/util.go:12.45,14.16 2 29
github.com/vmware-tanzu/graph-framework-for-microservices/compiler/pkg/parser/util.go:17.2,17.33 1 29
github.com/vmware-tanzu/graph-framework-for-microservices/compiler/pkg/parser/util.go:14.16,16.3 1 0
github.com/vmware-tanzu/graph-framework-for-microservices/compiler/pkg/parser/util.go:20.44,22.16 2 90
github.com/vmware-tanzu/graph-framework-for-microservices/compiler/pkg/parser/util.go:25.2,25.29 1 90
github.com/vmware-tanzu/graph-framework-for-microservices/compiler/pkg/parser/util.go:22.16,24.3 1 0
github.com/vmware-tanzu/graph-framework-for-microservices/compiler/pkg/parser/node.go:38.45,41.42 2 66
github.com/vmware-tanzu/graph-framework-for-microservices/compiler/pkg/parser/node.go:45.2,45.40 1 66
github.com/vmware-tanzu/graph-framework-for-microservices/compiler/pkg/parser/node.go:41.42,43.3 1 15
github.com/vmware-tanzu/graph-framework-for-microservices/compiler/pkg/parser/node.go:45.40,47.3 1 38
github.com/vmware-tanzu/graph-framework-for-microservices/compiler/pkg/parser/node_config.go:14.76,16.2 1 1
github.com/vmware-tanzu/graph-framework-for-microservices/compiler/pkg/parser/node_config.go:18.77,20.2 1 0
github.com/vmware-tanzu/graph-framework-for-microservices/compiler/pkg/parser/node_config.go:22.89,26.28 3 1
github.com/vmware-tanzu/graph-framework-for-microservices/compiler/pkg/parser/node_config.go:35.2,35.27 1 1
github.com/vmware-tanzu/graph-framework-for-microservices/compiler/pkg/parser/node_config.go:44.2,44.31 1 0
github.com/vmware-tanzu/graph-framework-for-microservices/compiler/pkg/parser/node_config.go:26.28,27.21 1 20
github.com/vmware-tanzu/graph-framework-for-microservices/compiler/pkg/parser/node_config.go:27.21,28.47 1 1
github.com/vmware-tanzu/graph-framework-for-microservices/compiler/pkg/parser/node_config.go:28.47,31.5 2 1
github.com/vmware-tanzu/graph-framework-for-microservices/compiler/pkg/parser/node_config.go:35.27,37.20 2 1
github.com/vmware-tanzu/graph-framework-for-microservices/compiler/pkg/parser/node_config.go:41.3,41.32 1 0
github.com/vmware-tanzu/graph-framework-for-microservices/compiler/pkg/parser/node_config.go:37.20,39.4 1 1
github.com/vmware-tanzu/graph-framework-for-microservices/compiler/pkg/parser/node_parser.go:19.76,25.87 5 11
github.com/vmware-tanzu/graph-framework-for-microservices/compiler/pkg/parser/node_parser.go:94.2,94.16 1 11
github.com/vmware-tanzu/graph-framework-for-microservices/compiler/pkg/parser/node_parser.go:100.2,102.26 2 11
github.com/vmware-tanzu/graph-framework-for-microservices/compiler/pkg/parser/node_parser.go:123.2,123.52 1 11
github.com/vmware-tanzu/graph-framework-for-microservices/compiler/pkg/parser/node_parser.go:25.87,26.19 1 150
github.com/vmware-tanzu/graph-framework-for-microservices/compiler/pkg/parser/node_parser.go:92.3,92.13 1 144
github.com/vmware-tanzu/graph-framework-for-microservices/compiler/pkg/parser/node_parser.go:26.19,27.30 1 52
github.com/vmware-tanzu/graph-framework-for-microservices/compiler/pkg/parser/node_parser.go:31.4,31.31 1 46
github.com/vmware-tanzu/graph-framework-for-microservices/compiler/pkg/parser/node_parser.go:35.4,37.18 3 46
github.com/vmware-tanzu/graph-framework-for-microservices/compiler/pkg/parser/node_parser.go:40.4,40.27 1 46
github.com/vmware-tanzu/graph-framework-for-microservices/compiler/pkg/parser/node_parser.go:27.30,30.5 2 6
github.com/vmware-tanzu/graph-framework-for-microservices/compiler/pkg/parser/node_parser.go:31.31,34.5 2 0
github.com/vmware-tanzu/graph-framework-for-microservices/compiler/pkg/parser/node_parser.go:37.18,39.5 1 0
github.com/vmware-tanzu/graph-framework-for-microservices/compiler/pkg/parser/node_parser.go:40.27,41.21 1 46
github.com/vmware-tanzu/graph-framework-for-microservices/compiler/pkg/parser/node_parser.go:44.5,44.37 1 46
github.com/vmware-tanzu/graph-framework-for-microservices/compiler/pkg/parser/node_parser.go:48.5,50.34 3 46
github.com/vmware-tanzu/graph-framework-for-microservices/compiler/pkg/parser/node_parser.go:41.21,43.6 1 0
github.com/vmware-tanzu/graph-framework-for-microservices/compiler/pkg/parser/node_parser.go:44.37,46.6 1 1
github.com/vmware-tanzu/graph-framework-for-microservices/compiler/pkg/parser/node_parser.go:50.34,51.38 1 70
github.com/vmware-tanzu/graph-framework-for-microservices/compiler/pkg/parser/node_parser.go:51.38,53.13 2 608
github.com/vmware-tanzu/graph-framework-for-microservices/compiler/pkg/parser/node_parser.go:53.13,54.43 1 608
github.com/vmware-tanzu/graph-framework-for-microservices/compiler/pkg/parser/node_parser.go:54.43,55.53 1 750
github.com/vmware-tanzu/graph-framework-for-microservices/compiler/pkg/parser/node_parser.go:55.53,56.58 1 393
github.com/vmware-tanzu/graph-framework-for-microservices/compiler/pkg/parser/node_parser.go:56.58,59.36 3 257
github.com/vmware-tanzu/graph-framework-for-microservices/compiler/pkg/parser/node_parser.go:59.36,61.33 1 82
github.com/vmware-tanzu/graph-framework-for-microservices/compiler/pkg/parser/node_parser.go:65.12,79.34 2 82
github.com/vmware-tanzu/graph-framework-for-microservices/compiler/pkg/parser/node_parser.go:82.12,82.33 1 82
github.com/vmware-tanzu/graph-framework-for-microservices/compiler/pkg/parser/node_parser.go:61.33,63.13 1 12
github.com/vmware-tanzu/graph-framework-for-microservices/compiler/pkg/parser/node_parser.go:79.34,81.13 1 0
github.com/vmware-tanzu/graph-framework-for-microservices/compiler/pkg/parser/node_parser.go:94.16,96.3 1 0
github.com/vmware-tanzu/graph-framework-for-microservices/compiler/pkg/parser/node_parser.go:102.26,103.27 1 12
github.com/vmware-tanzu/graph-framework-for-microservices/compiler/pkg/parser/node_parser.go:103.27,105.45 1 58
github.com/vmware-tanzu/graph-framework-for-microservices/compiler/pkg/parser/node_parser.go:105.45,107.47 2 59
github.com/vmware-tanzu/graph-framework-for-microservices/compiler/pkg/parser/node_parser.go:113.5,113.49 1 59
github.com/vmware-tanzu/graph-framework-for-microservices/compiler/pkg/parser/node_parser.go:107.47,109.35 1 33
github.com/vmware-tanzu/graph-framework-for-microservices/compiler/pkg/parser/node_parser.go:109.35,111.7 1 0
github.com/vmware-tanzu/graph-framework-for-microservices/compiler/pkg/parser/node_parser.go:113.49,115.35 1 14
github.com/vmware-tanzu/graph-framework-for-microservices/compiler/pkg/parser/node_parser.go:115.35,117.7 1 1
github.com/vmware-tanzu/graph-framework-for-microservices/compiler/pkg/parser/node_parser.go:126.98,128.33 2 22
github.com/vmware-tanzu/graph-framework-for-microservices/compiler/pkg/parser/node_parser.go:133.2,133.14 1 22
github.com/vmware-tanzu/graph-framework-for-microservices/compiler/pkg/parser/node_parser.go:128.33,132.3 3 23
github.com/vmware-tanzu/graph-framework-for-microservices/compiler/pkg/parser/node_parser.go:136.68,138.29 2 0
github.com/vmware-tanzu/graph-framework-for-microservices/compiler/pkg/parser/node_parser.go:199.2,199.16 1 0
github.com/vmware-tanzu/graph-framework-for-microservices/compiler/pkg/parser/node_parser.go:138.29,139.30 1 0
github.com/vmware-tanzu/graph-framework-for-microservices/compiler/pkg/parser/node_parser.go:139.30,141.48 2 0
github.com/vmware-tanzu/graph-framework-for-microservices/compiler/pkg/parser/node_parser.go:152.4,152.50 1 0
github.com/vmware-tanzu/graph-framework-for-microservices/compiler/pkg/parser/node_parser.go:162.4,163.43 2 0
github.com/vmware-tanzu/graph-framework-for-microservices/compiler/pkg/parser/node_parser.go:174.4,174.45 1 0
github.com/vmware-tanzu/graph-framework-for-microservices/compiler/pkg/parser/node_parser.go:185.4,185.26 1 0
github.com/vmware-tanzu/graph-framework-for-microservices/compiler/pkg/parser/node_parser.go:189.4,196.5 1 0
github.com/vmware-tanzu/graph-framework-for-microservices/compiler/pkg/parser/node_parser.go:141.48,142.28 1 0
github.com/vmware-tanzu/graph-framework-for-microservices/compiler/pkg/parser/node_parser.go:145.5,149.6 1 0
github.com/vmware-tanzu/graph-framework-for-microservices/compiler/pkg/parser/node_parser.go:142.28,144.6 1 0
github.com/vmware-tanzu/graph-framework-for-microservices/compiler/pkg/parser/node_parser.go:152.50,153.28 1 0
github.com/vmware-tanzu/graph-framework-for-microservices/compiler/pkg/parser/node_parser.go:156.5,160.6 1 0
github.com/vmware-tanzu/graph-framework-for-microservices/compiler/pkg/parser/node_parser.go:153.28,155.6 1 0
github.com/vmware-tanzu/graph-framework-for-microservices/compiler/pkg/parser/node_parser.go:163.43,164.27 1 0
github.com/vmware-tanzu/graph-framework-for-microservices/compiler/pkg/parser/node_parser.go:167.5,171.6 1 0
github.com/vmware-tanzu/graph-framework-for-microservices/compiler/pkg/parser/node_parser.go:164.27,166.6 1 0
github.com/vmware-tanzu/graph-framework-for-microservices/compiler/pkg/parser/node_parser.go:174.45,175.27 1 0
github.com/vmware-tanzu/graph-framework-for-microservices/compiler/pkg/parser/node_parser.go:178.5,182.6 1 0
github.com/vmware-tanzu/graph-framework-for-microservices/compiler/pkg/parser/node_parser.go:175.27,177.6 1 0
github.com/vmware-tanzu/graph-framework-for-microservices/compiler/pkg/parser/node_parser.go:185.26,187.5 1 0
github.com/vmware-tanzu/graph-framework-for-microservices/compiler/pkg/parser/node_parser.go:202.75,206.64 3 115
github.com/vmware-tanzu/graph-framework-for-microservices/compiler/pkg/parser/node_parser.go:264.2,264.36 1 115
github.com/vmware-tanzu/graph-framework-for-microservices/compiler/pkg/parser/node_parser.go:268.2,268.34 1 115
github.com/vmware-tanzu/graph-framework-for-microservices/compiler/pkg/parser/node_parser.go:206.64,207.24 1 140
github.com/vmware-tanzu/graph-framework-for-microservices/compiler/pkg/parser/node_parser.go:215.3,215.24 1 140
github.com/vmware-tanzu/graph-framework-for-microservices/compiler/pkg/parser/node_parser.go:219.3,221.14 2 140
github.com/vmware-tanzu/graph-framework-for-microservices/compiler/pkg/parser/node_parser.go:231.3,232.22 2 140
github.com/vmware-tanzu/graph-framework-for-microservices/compiler/pkg/parser/node_parser.go:235.3,236.16 2 140
github.com/vmware-tanzu/graph-framework-for-microservices/compiler/pkg/parser/node_parser.go:239.3,239.14 1 140
github.com/vmware-tanzu/graph-framework-for-microservices/compiler/pkg/parser/node_parser.go:255.3,255.13 1 140
github.com/vmware-tanzu/graph-framework-for-microservices/compiler/pkg/parser/node_parser.go:207.24,208.23 1 140
github.com/vmware-tanzu/graph-framework-for-microservices/compiler/pkg/parser/node_parser.go:208.23,212.5 1 2
github.com/vmware-tanzu/graph-framework-for-microservices/compiler/pkg/parser/node_parser.go:215.24,217.4 1 2
github.com/vmware-tanzu/graph-framework-for-microservices/compiler/pkg/parser/node_parser.go:221.14,223.24 2 62
github.com/vmware-tanzu/graph-framework-for-microservices/compiler/pkg/parser/node_parser.go:226.4,226.43 1 62
github.com/vmware-tanzu/graph-framework-for-microservices/compiler/pkg/parser/node_parser.go:223.24,225.5 1 0
github.com/vmware-tanzu/graph-framework-for-microservices/compiler/pkg/parser/node_parser.go:226.43,229.5 1 2
github.com/vmware-tanzu/graph-framework-for-microservices/compiler/pkg/parser/node_parser.go:232.22,234.4 1 0
github.com/vmware-tanzu/graph-framework-for-microservices/compiler/pkg/parser/node_parser.go:236.16,238.4 1 0
github.com/vmware-tanzu/graph-framework-for-microservices/compiler/pkg/parser/node_parser.go:239.14,241.11 2 92
github.com/vmware-tanzu/graph-framework-for-microservices/compiler/pkg/parser/node_parser.go:244.4,248.15 4 92
github.com/vmware-tanzu/graph-framework-for-microservices/compiler/pkg/parser/node_parser.go:241.11,243.5 1 2
github.com/vmware-tanzu/graph-framework-for-microservices/compiler/pkg/parser/node_parser.go:248.15,250.5 1 26
github.com/vmware-tanzu/graph-framework-for-microservices/compiler/pkg/parser/node_parser.go:250.10,252.5 1 66
github.com/vmware-tanzu/graph-framework-for-microservices/compiler/pkg/parser/node_parser.go:255.13,256.15 1 48
github.com/vmware-tanzu/graph-framework-for-microservices/compiler/pkg/parser/node_parser.go:256.15,258.5 1 36
github.com/vmware-tanzu/graph-framework-for-microservices/compiler/pkg/parser/node_parser.go:258.10,260.5 1 12
github.com/vmware-tanzu/graph-framework-for-microservices/compiler/pkg/parser/node_parser.go:264.36,266.3 1 92
github.com/vmware-tanzu/graph-framework-for-microservices/compiler/pkg/parser/node_parser.go:268.34,270.3 1 48
github.com/vmware-tanzu/graph-framework-for-microservices/compiler/pkg/parser/node_parser.go:273.110,276.25 3 140
github.com/vmware-tanzu/graph-framework-for-microservices/compiler/pkg/parser/node_parser.go:301.2,301.8 1 0
github.com/vmware-tanzu/graph-framework-for-microservices/compiler/pkg/parser/node_parser.go:276.25,279.3 2 28
github.com/vmware-tanzu/graph-framework-for-microservices/compiler/pkg/parser/node_parser.go:279.8,279.32 1 112
github.com/vmware-tanzu/graph-framework-for-microservices/compiler/pkg/parser/node_parser.go:279.32,280.43 1 112
github.com/vmware-tanzu/graph-framework-for-microservices/compiler/pkg/parser/node_parser.go:280.43,282.18 2 244
github.com/vmware-tanzu/graph-framework-for-microservices/compiler/pkg/parser/node_parser.go:285.4,288.60 3 244
github.com/vmware-tanzu/graph-framework-for-microservices/compiler/pkg/parser/node_parser.go:282.18,284.5 1 0
github.com/vmware-tanzu/graph-framework-for-microservices/compiler/pkg/parser/node_parser.go:288.60,291.5 2 0
github.com/vmware-tanzu/graph-framework-for-microservices/compiler/pkg/parser/node_parser.go:291.10,292.29 1 244
github.com/vmware-tanzu/graph-framework-for-microservices/compiler/pkg/parser/node_parser.go:292.29,293.60 1 2277
github.com/vmware-tanzu/graph-framework-for-microservices/compiler/pkg/parser/node_parser.go:293.60,296.7 2 112
github.com/vmware-tanzu/graph-framework-for-microservices/compiler/pkg/parser/node_parser.go:304.88,309.25 5 62
github.com/vmware-tanzu/graph-framework-for-microservices/compiler/pkg/parser/node_parser.go:316.2,316.29 1 62
github.com/vmware-tanzu/graph-framework-for-microservices/compiler/pkg/parser/node_parser.go:321.2,321.12 1 0
github.com/vmware-tanzu/graph-framework-for-microservices/compiler/pkg/parser/node_parser.go:309.25,312.3 2 14
github.com/vmware-tanzu/graph-framework-for-microservices/compiler/pkg/parser/node_parser.go:312.8,312.32 1 48
github.com/vmware-tanzu/graph-framework-for-microservices/compiler/pkg/parser/node_parser.go:312.32,315.3 2 48
github.com/vmware-tanzu/graph-framework-for-microservices/compiler/pkg/parser/node_parser.go:316.29,317.59 1 392
github.com/vmware-tanzu/graph-framework-for-microservices/compiler/pkg/parser/node_parser.go:317.59,319.4 1 62
github.com/vmware-tanzu/graph-framework-for-microservices/compiler/pkg/parser/node_parser.go:324.102,325.37 1 48
github.com/vmware-tanzu/graph-framework-for-microservices/compiler/pkg/parser/node_parser.go:342.2,342.11 1 0
github.com/vmware-tanzu/graph-framework-for-microservices/compiler/pkg/parser/node_parser.go:325.37,327.17 2 84
github.com/vmware-tanzu/graph-framework-for-microservices/compiler/pkg/parser/node_parser.go:330.3,332.55 3 84
github.com/vmware-tanzu/graph-framework-for-microservices/compiler/pkg/parser/node_parser.go:327.17,329.4 1 0
github.com/vmware-tanzu/graph-framework-for-microservices/compiler/pkg/parser/node_parser.go:332.55,334.4 1 0
github.com/vmware-tanzu/graph-framework-for-microservices/compiler/pkg/parser/node_parser.go:334.9,335.31 1 84
github.com/vmware-tanzu/graph-framework-for-microservices/compiler/pkg/parser/node_parser.go:335.31,336.55 1 756
github.com/vmware-tanzu/graph-framework-for-microservices/compiler/pkg/parser/node_parser.go:336.55,338.6 1 48
github.com/vmware-tanzu/graph-framework-for-microservices/compiler/pkg/parser/node_parser.go:345.35,346.49 1 257
github.com/vmware-tanzu/graph-framework-for-microservices/compiler/pkg/parser/node_parser.go:346.49,347.27 1 2313
github.com/vmware-tanzu/graph-framework-for-microservices/compiler/pkg/parser/node_parser.go:347.27,349.4 1 1
