mode: atomic
github.com/vmware-tanzu/graph-framework-for-microservices/compiler/pkg/parser/pkg.go:61.50,63.37 2 2
github.com/vmware-tanzu/graph-framework-for-microservices/compiler/pkg/parser/pkg.go:70.2,70.16 1 2
github.com/vmware-tanzu/graph-framework-for-microservices/compiler/pkg/parser/pkg.go:63.37,64.38 1 47
github.com/vmware-tanzu/graph-framework-for-microservices/compiler/pkg/parser/pkg.go:64.38,65.50 1 58
github.com/vmware-tanzu/graph-framework-for-microservices/compiler/pkg/parser/pkg.go:65.50,67.5 1 9
github.com/vmware-tanzu/graph-framework-for-microservices/compiler/pkg/parser/pkg.go:73.47,76.30 3 1
github.com/vmware-tanzu/graph-framework-for-microservices/compiler/pkg/parser/pkg.go:83.2,83.19 1 1
github.com/vmware-tanzu/graph-framework-for-microservices/compiler/pkg/parser/pkg.go:76.30,78.22 2 7
github.com/vmware-tanzu/graph-framework-for-microservices/compiler/pkg/parser/pkg.go:81.3,81.37 1 7
github.com/vmware-tanzu/graph-framework-for-microservices/compiler/pkg/parser/pkg.go:78.22,80.4 1 3
github.com/vmware-tanzu/graph-framework-for-microservices/compiler/pkg/parser/pkg.go:86.52,90.30 4 0
github.com/vmware-tanzu/graph-framework-for-microservices/compiler/pkg/parser/pkg.go:99.2,99.18 1 0
github.com/vmware-tanzu/graph-framework-for-microservices/compiler/pkg/parser/pkg.go:90.30,92.22 2 0
github.com/vmware-tanzu/graph-framework-for-microservices/compiler/pkg/parser/pkg.go:97.3,97.35 1 0
github.com/vmware-tanzu/graph-framework-for-microservices/compiler/pkg/parser/pkg.go:92.22,94.4 1 0
github.com/vmware-tanzu/graph-framework-for-microservices/compiler/pkg/parser/pkg.go:94.9,96.4 1 0
github.com/vmware-tanzu/graph-framework-for-microservices/compiler/pkg/parser/pkg.go:102.46,105.30 3 1
github.com/vmware-tanzu/graph-framework-for-microservices/compiler/pkg/parser/pkg.go:110.2,110.14 1 1
github.com/vmware-tanzu/graph-framework-for-microservices/compiler/pkg/parser/pkg.go:105.30,106.24 1 17
github.com/vmware-tanzu/graph-framework-for-microservices/compiler/pkg/parser/pkg.go:106.24,108.4 1 11
github.com/vmware-tanzu/graph-framework-for-microservices/compiler/pkg/parser/pkg.go:113.51,116.30 3 10
github.com/vmware-tanzu/graph-framework-for-microservices/compiler/pkg/parser/pkg.go:121.2,121.14 1 10
github.com/vmware-tanzu/graph-framework-for-microservices/compiler/pkg/parser/pkg.go:116.30,117.23 1 114
github.com/vmware-tanzu/graph-framework-for-microservices/compiler/pkg/parser/pkg.go:117.23,119.4 1 40
github.com/vmware-tanzu/graph-framework-for-microservices/compiler/pkg/parser/pkg.go:124.48,126.37 2 12
github.com/vmware-tanzu/graph-framework-for-microservices/compiler/pkg/parser/pkg.go:135.2,135.16 1 12
github.com/vmware-tanzu/graph-framework-for-microservices/compiler/pkg/parser/pkg.go:126.37,127.38 1 356
github.com/vmware-tanzu/graph-framework-for-microservices/compiler/pkg/parser/pkg.go:127.38,128.48 1 440
github.com/vmware-tanzu/graph-framework-for-microservices/compiler/pkg/parser/pkg.go:128.48,129.53 1 252
github.com/vmware-tanzu/graph-framework-for-microservices/compiler/pkg/parser/pkg.go:129.53,131.6 1 148
github.com/vmware-tanzu/graph-framework-for-microservices/compiler/pkg/parser/pkg.go:138.55,140.37 2 0
github.com/vmware-tanzu/graph-framework-for-microservices/compiler/pkg/parser/pkg.go:149.2,149.19 1 0
github.com/vmware-tanzu/graph-framework-for-microservices/compiler/pkg/parser/pkg.go:140.37,141.38 1 0
github.com/vmware-tanzu/graph-framework-for-microservices/compiler/pkg/parser/pkg.go:141.38,142.48 1 0
github.com/vmware-tanzu/graph-framework-for-microservices/compiler/pkg/parser/pkg.go:142.48,143.54 1 0
github.com/vmware-tanzu/graph-framework-for-microservices/compiler/pkg/parser/pkg.go:143.54,145.6 1 0
github.com/vmware-tanzu/graph-framework-for-microservices/compiler/pkg/parser/pkg.go:152.44,154.37 2 1
github.com/vmware-tanzu/graph-framework-for-microservices/compiler/pkg/parser/pkg.go:163.2,163.17 1 1
github.com/vmware-tanzu/graph-framework-for-microservices/compiler/pkg/parser/pkg.go:154.37,155.38 1 42
github.com/vmware-tanzu/graph-framework-for-microservices/compiler/pkg/parser/pkg.go:155.38,156.48 1 52
github.com/vmware-tanzu/graph-framework-for-microservices/compiler/pkg/parser/pkg.go:156.48,157.54 1 30
github.com/vmware-tanzu/graph-framework-for-microservices/compiler/pkg/parser/pkg.go:157.54,159.6 1 13
github.com/vmware-tanzu/graph-framework-for-microservices/compiler/pkg/parser/pkg.go:166.48,168.37 2 1
github.com/vmware-tanzu/graph-framework-for-microservices/compiler/pkg/parser/pkg.go:177.2,177.15 1 1
github.com/vmware-tanzu/graph-framework-for-microservices/compiler/pkg/parser/pkg.go:168.37,169.33 1 42
github.com/vmware-tanzu/graph-framework-for-microservices/compiler/pkg/parser/pkg.go:169.33,170.39 1 3
github.com/vmware-tanzu/graph-framework-for-microservices/compiler/pkg/parser/pkg.go:170.39,171.51 1 9
github.com/vmware-tanzu/graph-framework-for-microservices/compiler/pkg/parser/pkg.go:171.51,173.6 1 9
github.com/vmware-tanzu/graph-framework-for-microservices/compiler/pkg/parser/pkg.go:180.40,181.14 1 611
github.com/vmware-tanzu/graph-framework-for-microservices/compiler/pkg/parser/pkg.go:185.2,185.45 1 611
github.com/vmware-tanzu/graph-framework-for-microservices/compiler/pkg/parser/pkg.go:194.2,194.14 1 392
github.com/vmware-tanzu/graph-framework-for-microservices/compiler/pkg/parser/pkg.go:181.14,183.3 1 0
github.com/vmware-tanzu/graph-framework-for-microservices/compiler/pkg/parser/pkg.go:185.45,186.41 1 611
github.com/vmware-tanzu/graph-framework-for-microservices/compiler/pkg/parser/pkg.go:186.41,188.73 2 1185
github.com/vmware-tanzu/graph-framework-for-microservices/compiler/pkg/parser/pkg.go:188.73,190.5 1 219
github.com/vmware-tanzu/graph-framework-for-microservices/compiler/pkg/parser/pkg.go:197.44,198.14 1 294
github.com/vmware-tanzu/graph-framework-for-microservices/compiler/pkg/parser/pkg.go:202.2,202.45 1 294
github.com/vmware-tanzu/graph-framework-for-microservices/compiler/pkg/parser/pkg.go:211.2,211.14 1 260
github.com/vmware-tanzu/graph-framework-for-microservices/compiler/pkg/parser/pkg.go:198.14,200.3 1 0
github.com/vmware-tanzu/graph-framework-for-microservices/compiler/pkg/parser/pkg.go:202.45,203.41 1 294
github.com/vmware-tanzu/graph-framework-for-microservices/compiler/pkg/parser/pkg.go:203.41,205.43 2 1581
github.com/vmware-tanzu/graph-framework-for-microservices/compiler/pkg/parser/pkg.go:205.43,207.5 1 34
github.com/vmware-tanzu/graph-framework-for-microservices/compiler/pkg/parser/pkg.go:214.38,215.14 1 60
github.com/vmware-tanzu/graph-framework-for-microservices/compiler/pkg/parser/pkg.go:219.2,219.18 1 60
github.com/vmware-tanzu/graph-framework-for-microservices/compiler/pkg/parser/pkg.go:226.2,226.14 1 48
github.com/vmware-tanzu/graph-framework-for-microservices/compiler/pkg/parser/pkg.go:215.14,217.3 1 0
github.com/vmware-tanzu/graph-framework-for-microservices/compiler/pkg/parser/pkg.go:219.18,221.46 2 12
github.com/vmware-tanzu/graph-framework-for-microservices/compiler/pkg/parser/pkg.go:221.46,223.4 1 12
github.com/vmware-tanzu/graph-framework-for-microservices/compiler/pkg/parser/pkg.go:229.42,230.14 1 372
github.com/vmware-tanzu/graph-framework-for-microservices/compiler/pkg/parser/pkg.go:234.2,235.99 2 372
github.com/vmware-tanzu/graph-framework-for-microservices/compiler/pkg/parser/pkg.go:239.2,239.14 1 370
github.com/vmware-tanzu/graph-framework-for-microservices/compiler/pkg/parser/pkg.go:230.14,232.3 1 0
github.com/vmware-tanzu/graph-framework-for-microservices/compiler/pkg/parser/pkg.go:235.99,237.3 1 2
github.com/vmware-tanzu/graph-framework-for-microservices/compiler/pkg/parser/pkg.go:242.42,244.2 1 0
github.com/vmware-tanzu/graph-framework-for-microservices/compiler/pkg/parser/pkg.go:246.50,248.14 2 8
github.com/vmware-tanzu/graph-framework-for-microservices/compiler/pkg/parser/pkg.go:251.2,251.45 1 8
github.com/vmware-tanzu/graph-framework-for-microservices/compiler/pkg/parser/pkg.go:259.2,259.15 1 8
github.com/vmware-tanzu/graph-framework-for-microservices/compiler/pkg/parser/pkg.go:248.14,250.3 1 0
github.com/vmware-tanzu/graph-framework-for-microservices/compiler/pkg/parser/pkg.go:251.45,252.37 1 8
github.com/vmware-tanzu/graph-framework-for-microservices/compiler/pkg/parser/pkg.go:252.37,253.48 1 60
github.com/vmware-tanzu/graph-framework-for-microservices/compiler/pkg/parser/pkg.go:253.48,255.5 1 46
github.com/vmware-tanzu/graph-framework-for-microservices/compiler/pkg/parser/pkg.go:262.51,264.14 2 0
github.com/vmware-tanzu/graph-framework-for-microservices/compiler/pkg/parser/pkg.go:267.2,267.45 1 0
github.com/vmware-tanzu/graph-framework-for-microservices/compiler/pkg/parser/pkg.go:275.2,275.15 1 0
github.com/vmware-tanzu/graph-framework-for-microservices/compiler/pkg/parser/pkg.go:264.14,266.3 1 0
github.com/vmware-tanzu/graph-framework-for-microservices/compiler/pkg/parser/pkg.go:267.45,268.37 1 0
github.com/vmware-tanzu/graph-framework-for-microservices/compiler/pkg/parser/pkg.go:268.37,269.46 1 0
github.com/vmware-tanzu/graph-framework-for-microservices/compiler/pkg/parser/pkg.go:269.46,271.5 1 0
github.com/vmware-tanzu/graph-framework-for-microservices/compiler/pkg/parser/pkg.go:278.51,280.14 2 265
github.com/vmware-tanzu/graph-framework-for-microservices/compiler/pkg/parser/pkg.go:284.2,284.45 1 263
github.com/vmware-tanzu/graph-framework-for-microservices/compiler/pkg/parser/pkg.go:291.2,291.15 1 263
github.com/vmware-tanzu/graph-framework-for-microservices/compiler/pkg/parser/pkg.go:280.14,282.3 1 2
github.com/vmware-tanzu/graph-framework-for-microservices/compiler/pkg/parser/pkg.go:284.45,285.37 1 263
github.com/vmware-tanzu/graph-framework-for-microservices/compiler/pkg/parser/pkg.go:285.37,286.47 1 1612
github.com/vmware-tanzu/graph-framework-for-microservices/compiler/pkg/parser/pkg.go:286.47,288.5 1 243
github.com/vmware-tanzu/graph-framework-for-microservices/compiler/pkg/parser/pkg.go:294.50,296.14 2 259
github.com/vmware-tanzu/graph-framework-for-microservices/compiler/pkg/parser/pkg.go:300.2,300.45 1 257
github.com/vmware-tanzu/graph-framework-for-microservices/compiler/pkg/parser/pkg.go:307.2,307.15 1 257
github.com/vmware-tanzu/graph-framework-for-microservices/compiler/pkg/parser/pkg.go:296.14,298.3 1 2
github.com/vmware-tanzu/graph-framework-for-microservices/compiler/pkg/parser/pkg.go:300.45,301.37 1 257
github.com/vmware-tanzu/graph-framework-for-microservices/compiler/pkg/parser/pkg.go:301.37,302.46 1 1555
github.com/vmware-tanzu/graph-framework-for-microservices/compiler/pkg/parser/pkg.go:302.46,304.5 1 80
github.com/vmware-tanzu/graph-framework-for-microservices/compiler/pkg/parser/pkg.go:310.38,311.14 1 1612
github.com/vmware-tanzu/graph-framework-for-microservices/compiler/pkg/parser/pkg.go:315.2,315.18 1 1612
github.com/vmware-tanzu/graph-framework-for-microservices/compiler/pkg/parser/pkg.go:324.2,324.14 1 1369
github.com/vmware-tanzu/graph-framework-for-microservices/compiler/pkg/parser/pkg.go:311.14,313.3 1 0
github.com/vmware-tanzu/graph-framework-for-microservices/compiler/pkg/parser/pkg.go:315.18,317.48 2 529
github.com/vmware-tanzu/graph-framework-for-microservices/compiler/pkg/parser/pkg.go:317.48,318.87 1 429
github.com/vmware-tanzu/graph-framework-for-microservices/compiler/pkg/parser/pkg.go:318.87,320.5 1 243
github.com/vmware-tanzu/graph-framework-for-microservices/compiler/pkg/parser/pkg.go:327.44,328.14 1 309
github.com/vmware-tanzu/graph-framework-for-microservices/compiler/pkg/parser/pkg.go:332.2,332.19 1 309
github.com/vmware-tanzu/graph-framework-for-microservices/compiler/pkg/parser/pkg.go:336.2,336.18 1 309
github.com/vmware-tanzu/graph-framework-for-microservices/compiler/pkg/parser/pkg.go:345.2,345.14 1 186
github.com/vmware-tanzu/graph-framework-for-microservices/compiler/pkg/parser/pkg.go:328.14,330.3 1 0
github.com/vmware-tanzu/graph-framework-for-microservices/compiler/pkg/parser/pkg.go:332.19,334.3 1 0
github.com/vmware-tanzu/graph-framework-for-microservices/compiler/pkg/parser/pkg.go:336.18,338.48 2 309
github.com/vmware-tanzu/graph-framework-for-microservices/compiler/pkg/parser/pkg.go:338.48,339.87 1 309
github.com/vmware-tanzu/graph-framework-for-microservices/compiler/pkg/parser/pkg.go:339.87,341.5 1 123
github.com/vmware-tanzu/graph-framework-for-microservices/compiler/pkg/parser/pkg.go:348.45,349.14 1 1
github.com/vmware-tanzu/graph-framework-for-microservices/compiler/pkg/parser/pkg.go:353.2,353.18 1 0
github.com/vmware-tanzu/graph-framework-for-microservices/compiler/pkg/parser/pkg.go:361.2,361.14 1 0
github.com/vmware-tanzu/graph-framework-for-microservices/compiler/pkg/parser/pkg.go:349.14,351.3 1 1
github.com/vmware-tanzu/graph-framework-for-microservices/compiler/pkg/parser/pkg.go:353.18,355.48 2 0
github.com/vmware-tanzu/graph-framework-for-microservices/compiler/pkg/parser/pkg.go:355.48,356.47 1 0
github.com/vmware-tanzu/graph-framework-for-microservices/compiler/pkg/parser/pkg.go:356.47,358.5 1 0
github.com/vmware-tanzu/graph-framework-for-microservices/compiler/pkg/parser/pkg.go:364.42,365.14 1 1
github.com/vmware-tanzu/graph-framework-for-microservices/compiler/pkg/parser/pkg.go:369.2,369.18 1 0
github.com/vmware-tanzu/graph-framework-for-microservices/compiler/pkg/parser/pkg.go:377.2,377.14 1 0
github.com/vmware-tanzu/graph-framework-for-microservices/compiler/pkg/parser/pkg.go:365.14,367.3 1 1
github.com/vmware-tanzu/graph-framework-for-microservices/compiler/pkg/parser/pkg.go:369.18,371.48 2 0
github.com/vmware-tanzu/graph-framework-for-microservices/compiler/pkg/parser/pkg.go:371.48,372.44 1 0
github.com/vmware-tanzu/graph-framework-for-microservices/compiler/pkg/parser/pkg.go:372.44,374.5 1 0
github.com/vmware-tanzu/graph-framework-for-microservices/compiler/pkg/parser/pkg.go:380.41,381.14 1 1
github.com/vmware-tanzu/graph-framework-for-microservices/compiler/pkg/parser/pkg.go:385.2,385.18 1 0
github.com/vmware-tanzu/graph-framework-for-microservices/compiler/pkg/parser/pkg.go:393.2,393.14 1 0
github.com/vmware-tanzu/graph-framework-for-microservices/compiler/pkg/parser/pkg.go:381.14,383.3 1 1
github.com/vmware-tanzu/graph-framework-for-microservices/compiler/pkg/parser/pkg.go:385.18,387.48 2 0
github.com/vmware-tanzu/graph-framework-for-microservices/compiler/pkg/parser/pkg.go:387.48,388.43 1 0
github.com/vmware-tanzu/graph-framework-for-microservices/compiler/pkg/parser/pkg.go:388.43,390.5 1 0
github.com/vmware-tanzu/graph-framework-for-microservices/compiler/pkg/parser/pkg.go:396.37,397.14 1 16
github.com/vmware-tanzu/graph-framework-for-microservices/compiler/pkg/parser/pkg.go:401.2,401.18 1 15
github.com/vmware-tanzu/graph-framework-for-microservices/compiler/pkg/parser/pkg.go:410.2,410.14 1 15
github.com/vmware-tanzu/graph-framework-for-microservices/compiler/pkg/parser/pkg.go:397.14,399.3 1 1
github.com/vmware-tanzu/graph-framework-for-microservices/compiler/pkg/parser/pkg.go:401.18,403.56 2 7
github.com/vmware-tanzu/graph-framework-for-microservices/compiler/pkg/parser/pkg.go:403.56,404.50 1 0
github.com/vmware-tanzu/graph-framework-for-microservices/compiler/pkg/parser/pkg.go:404.50,406.5 1 0
github.com/vmware-tanzu/graph-framework-for-microservices/compiler/pkg/parser/pkg.go:413.43,414.14 1 16
github.com/vmware-tanzu/graph-framework-for-microservices/compiler/pkg/parser/pkg.go:418.2,418.18 1 15
github.com/vmware-tanzu/graph-framework-for-microservices/compiler/pkg/parser/pkg.go:427.2,427.14 1 15
github.com/vmware-tanzu/graph-framework-for-microservices/compiler/pkg/parser/pkg.go:414.14,416.3 1 1
github.com/vmware-tanzu/graph-framework-for-microservices/compiler/pkg/parser/pkg.go:418.18,420.56 2 7
github.com/vmware-tanzu/graph-framework-for-microservices/compiler/pkg/parser/pkg.go:420.56,421.50 1 0
github.com/vmware-tanzu/graph-framework-for-microservices/compiler/pkg/parser/pkg.go:421.50,423.5 1 0
github.com/vmware-tanzu/graph-framework-for-microservices/compiler/pkg/parser/pkg.go:430.37,431.14 1 1555
github.com/vmware-tanzu/graph-framework-for-microservices/compiler/pkg/parser/pkg.go:435.2,435.18 1 1555
github.com/vmware-tanzu/graph-framework-for-microservices/compiler/pkg/parser/pkg.go:443.2,443.14 1 1475
github.com/vmware-tanzu/graph-framework-for-microservices/compiler/pkg/parser/pkg.go:431.14,433.3 1 0
github.com/vmware-tanzu/graph-framework-for-microservices/compiler/pkg/parser/pkg.go:435.18,437.48 2 508
github.com/vmware-tanzu/graph-framework-for-microservices/compiler/pkg/parser/pkg.go:437.48,438.83 1 408
github.com/vmware-tanzu/graph-framework-for-microservices/compiler/pkg/parser/pkg.go:438.83,440.5 1 80
github.com/vmware-tanzu/graph-framework-for-microservices/compiler/pkg/parser/pkg.go:446.49,447.14 1 1
github.com/vmware-tanzu/graph-framework-for-microservices/compiler/pkg/parser/pkg.go:451.2,452.45 2 1
github.com/vmware-tanzu/graph-framework-for-microservices/compiler/pkg/parser/pkg.go:462.2,462.14 1 1
github.com/vmware-tanzu/graph-framework-for-microservices/compiler/pkg/parser/pkg.go:447.14,449.3 1 0
github.com/vmware-tanzu/graph-framework-for-microservices/compiler/pkg/parser/pkg.go:452.45,453.37 1 1
github.com/vmware-tanzu/graph-framework-for-microservices/compiler/pkg/parser/pkg.go:453.37,454.48 1 17
github.com/vmware-tanzu/graph-framework-for-microservices/compiler/pkg/parser/pkg.go:454.48,455.21 1 1
github.com/vmware-tanzu/graph-framework-for-microservices/compiler/pkg/parser/pkg.go:458.5,458.14 1 1
github.com/vmware-tanzu/graph-framework-for-microservices/compiler/pkg/parser/pkg.go:455.21,457.6 1 0
github.com/vmware-tanzu/graph-framework-for-microservices/compiler/pkg/parser/pkg.go:465.39,466.14 1 17
github.com/vmware-tanzu/graph-framework-for-microservices/compiler/pkg/parser/pkg.go:469.2,469.18 1 17
github.com/vmware-tanzu/graph-framework-for-microservices/compiler/pkg/parser/pkg.go:477.2,477.14 1 16
github.com/vmware-tanzu/graph-framework-for-microservices/compiler/pkg/parser/pkg.go:466.14,468.3 1 0
github.com/vmware-tanzu/graph-framework-for-microservices/compiler/pkg/parser/pkg.go:469.18,471.48 2 6
github.com/vmware-tanzu/graph-framework-for-microservices/compiler/pkg/parser/pkg.go:471.48,472.45 1 6
github.com/vmware-tanzu/graph-framework-for-microservices/compiler/pkg/parser/pkg.go:472.45,474.5 1 1
github.com/vmware-tanzu/graph-framework-for-microservices/compiler/pkg/parser/pkg.go:480.36,481.14 1 309
github.com/vmware-tanzu/graph-framework-for-microservices/compiler/pkg/parser/pkg.go:485.2,485.40 1 309
github.com/vmware-tanzu/graph-framework-for-microservices/compiler/pkg/parser/pkg.go:489.2,489.48 1 309
github.com/vmware-tanzu/graph-framework-for-microservices/compiler/pkg/parser/pkg.go:494.2,494.14 1 309
github.com/vmware-tanzu/graph-framework-for-microservices/compiler/pkg/parser/pkg.go:481.14,483.3 1 0
github.com/vmware-tanzu/graph-framework-for-microservices/compiler/pkg/parser/pkg.go:485.40,487.3 1 0
github.com/vmware-tanzu/graph-framework-for-microservices/compiler/pkg/parser/pkg.go:489.48,490.45 1 2
github.com/vmware-tanzu/graph-framework-for-microservices/compiler/pkg/parser/pkg.go:490.45,492.4 1 0
github.com/vmware-tanzu/graph-framework-for-microservices/compiler/pkg/parser/pkg.go:497.38,498.14 1 308
github.com/vmware-tanzu/graph-framework-for-microservices/compiler/pkg/parser/pkg.go:502.2,502.42 1 308
github.com/vmware-tanzu/graph-framework-for-microservices/compiler/pkg/parser/pkg.go:505.2,505.14 1 306
github.com/vmware-tanzu/graph-framework-for-microservices/compiler/pkg/parser/pkg.go:498.14,500.3 1 0
github.com/vmware-tanzu/graph-framework-for-microservices/compiler/pkg/parser/pkg.go:502.42,504.3 1 2
github.com/vmware-tanzu/graph-framework-for-microservices/compiler/pkg/parser/pkg.go:508.47,509.14 1 0
github.com/vmware-tanzu/graph-framework-for-microservices/compiler/pkg/parser/pkg.go:512.2,512.48 1 0
github.com/vmware-tanzu/graph-framework-for-microservices/compiler/pkg/parser/pkg.go:517.2,517.14 1 0
github.com/vmware-tanzu/graph-framework-for-microservices/compiler/pkg/parser/pkg.go:509.14,511.3 1 0
github.com/vmware-tanzu/graph-framework-for-microservices/compiler/pkg/parser/pkg.go:512.48,513.47 1 0
github.com/vmware-tanzu/graph-framework-for-microservices/compiler/pkg/parser/pkg.go:513.47,515.4 1 0
github.com/vmware-tanzu/graph-framework-for-microservices/compiler/pkg/parser/pkg.go:520.53,521.14 1 309
github.com/vmware-tanzu/graph-framework-for-microservices/compiler/pkg/parser/pkg.go:525.2,525.23 1 309
github.com/vmware-tanzu/graph-framework-for-microservices/compiler/pkg/parser/pkg.go:531.2,531.29 1 309
github.com/vmware-tanzu/graph-framework-for-microservices/compiler/pkg/parser/pkg.go:521.14,523.3 1 0
github.com/vmware-tanzu/graph-framework-for-microservices/compiler/pkg/parser/pkg.go:525.23,527.3 1 0
github.com/vmware-tanzu/graph-framework-for-microservices/compiler/pkg/parser/pkg.go:527.8,527.29 1 309
github.com/vmware-tanzu/graph-framework-for-microservices/compiler/pkg/parser/pkg.go:527.29,529.3 1 0
github.com/vmware-tanzu/graph-framework-for-microservices/compiler/pkg/parser/pkg.go:534.49,535.14 1 25
github.com/vmware-tanzu/graph-framework-for-microservices/compiler/pkg/parser/pkg.go:538.2,538.23 1 25
github.com/vmware-tanzu/graph-framework-for-microservices/compiler/pkg/parser/pkg.go:541.2,541.29 1 24
github.com/vmware-tanzu/graph-framework-for-microservices/compiler/pkg/parser/pkg.go:535.14,537.3 1 0
github.com/vmware-tanzu/graph-framework-for-microservices/compiler/pkg/parser/pkg.go:538.23,540.3 1 1
github.com/vmware-tanzu/graph-framework-for-microservices/compiler/pkg/parser/pkg.go:544.51,545.30 1 0
github.com/vmware-tanzu/graph-framework-for-microservices/compiler/pkg/parser/pkg.go:549.2,550.46 2 0
github.com/vmware-tanzu/graph-framework-for-microservices/compiler/pkg/parser/pkg.go:554.2,554.12 1 0
github.com/vmware-tanzu/graph-framework-for-microservices/compiler/pkg/parser/pkg.go:545.30,547.3 1 0
github.com/vmware-tanzu/graph-framework-for-microservices/compiler/pkg/parser/pkg.go:550.46,552.3 1 0
github.com/vmware-tanzu/graph-framework-for-microservices/compiler/pkg/parser/pkg.go:557.49,558.30 1 0
github.com/vmware-tanzu/graph-framework-for-microservices/compiler/pkg/parser/pkg.go:562.2,562.36 1 0
github.com/vmware-tanzu/graph-framework-for-microservices/compiler/pkg/parser/pkg.go:558.30,560.3 1 0
github.com/vmware-tanzu/graph-framework-for-microservices/compiler/pkg/parser/pkg.go:565.40,566.14 1 464
github.com/vmware-tanzu/graph-framework-for-microservices/compiler/pkg/parser/pkg.go:570.2,572.36 3 464
github.com/vmware-tanzu/graph-framework-for-microservices/compiler/pkg/parser/pkg.go:596.2,597.13 2 464
github.com/vmware-tanzu/graph-framework-for-microservices/compiler/pkg/parser/pkg.go:600.2,600.21 1 464
github.com/vmware-tanzu/graph-framework-for-microservices/compiler/pkg/parser/pkg.go:604.2,604.18 1 464
github.com/vmware-tanzu/graph-framework-for-microservices/compiler/pkg/parser/pkg.go:566.14,568.3 1 0
github.com/vmware-tanzu/graph-framework-for-microservices/compiler/pkg/parser/pkg.go:573.25,575.31 2 265
github.com/vmware-tanzu/graph-framework-for-microservices/compiler/pkg/parser/pkg.go:576.20,577.61 1 0
github.com/vmware-tanzu/graph-framework-for-microservices/compiler/pkg/parser/pkg.go:582.3,582.52 1 0
github.com/vmware-tanzu/graph-framework-for-microservices/compiler/pkg/parser/pkg.go:585.21,588.54 3 7
github.com/vmware-tanzu/graph-framework-for-microservices/compiler/pkg/parser/pkg.go:592.18,593.27 1 190
github.com/vmware-tanzu/graph-framework-for-microservices/compiler/pkg/parser/pkg.go:577.61,580.4 2 0
github.com/vmware-tanzu/graph-framework-for-microservices/compiler/pkg/parser/pkg.go:582.52,584.4 1 0
github.com/vmware-tanzu/graph-framework-for-microservices/compiler/pkg/parser/pkg.go:588.54,591.4 2 3
github.com/vmware-tanzu/graph-framework-for-microservices/compiler/pkg/parser/pkg.go:597.13,599.3 1 196
github.com/vmware-tanzu/graph-framework-for-microservices/compiler/pkg/parser/pkg.go:600.21,602.3 1 3
github.com/vmware-tanzu/graph-framework-for-microservices/compiler/pkg/parser/pkg.go:607.40,608.14 1 308
github.com/vmware-tanzu/graph-framework-for-microservices/compiler/pkg/parser/pkg.go:612.2,613.36 2 308
github.com/vmware-tanzu/graph-framework-for-microservices/compiler/pkg/parser/pkg.go:621.2,621.13 1 308
github.com/vmware-tanzu/graph-framework-for-microservices/compiler/pkg/parser/pkg.go:608.14,610.3 1 0
github.com/vmware-tanzu/graph-framework-for-microservices/compiler/pkg/parser/pkg.go:614.20,615.51 1 0
github.com/vmware-tanzu/graph-framework-for-microservices/compiler/pkg/parser/pkg.go:618.21,619.14 1 2
github.com/vmware-tanzu/graph-framework-for-microservices/compiler/pkg/parser/pkg.go:615.51,617.4 1 0
github.com/vmware-tanzu/graph-framework-for-microservices/compiler/pkg/parser/pkg.go:624.49,626.16 2 1379
github.com/vmware-tanzu/graph-framework-for-microservices/compiler/pkg/parser/pkg.go:629.2,630.16 2 1379
github.com/vmware-tanzu/graph-framework-for-microservices/compiler/pkg/parser/pkg.go:634.2,634.13 1 1379
github.com/vmware-tanzu/graph-framework-for-microservices/compiler/pkg/parser/pkg.go:626.16,628.3 1 0
github.com/vmware-tanzu/graph-framework-for-microservices/compiler/pkg/parser/pkg.go:630.16,632.3 1 1
github.com/vmware-tanzu/graph-framework-for-microservices/compiler/pkg/parser/pkg.go:637.69,638.14 1 0
github.com/vmware-tanzu/graph-framework-for-microservices/compiler/pkg/parser/pkg.go:642.2,644.16 3 0
github.com/vmware-tanzu/graph-framework-for-microservices/compiler/pkg/parser/pkg.go:647.2,647.26 1 0
github.com/vmware-tanzu/graph-framework-for-microservices/compiler/pkg/parser/pkg.go:638.14,640.3 1 0
github.com/vmware-tanzu/graph-framework-for-microservices/compiler/pkg/parser/pkg.go:644.16,646.3 1 0
github.com/vmware-tanzu/graph-framework-for-microservices/compiler/pkg/parser/pkg.go:650.67,651.14 1 0
github.com/vmware-tanzu/graph-framework-for-microservices/compiler/pkg/parser/pkg.go:655.2,657.16 3 0
github.com/vmware-tanzu/graph-framework-for-microservices/compiler/pkg/parser/pkg.go:660.2,660.26 1 0
github.com/vmware-tanzu/graph-framework-for-microservices/compiler/pkg/parser/pkg.go:651.14,653.3 1 0
github.com/vmware-tanzu/graph-framework-for-microservices/compiler/pkg/parser/pkg.go:657.16,659.3 1 0
github.com/vmware-tanzu/graph-framework-for-microservices/compiler/pkg/parser/pkg.go:663.71,664.14 1 0
github.com/vmware-tanzu/graph-framework-for-microservices/compiler/pkg/parser/pkg.go:668.2,670.16 3 0
github.com/vmware-tanzu/graph-framework-for-microservices/compiler/pkg/parser/pkg.go:673.2,673.26 1 0
github.com/vmware-tanzu/graph-framework-for-microservices/compiler/pkg/parser/pkg.go:664.14,666.3 1 0
github.com/vmware-tanzu/graph-framework-for-microservices/compiler/pkg/parser/pkg.go:670.16,672.3 1 0
github.com/vmware-tanzu/graph-framework-for-microservices/compiler/pkg/parser/pkg_parser.go:16.45,20.87 3 22
github.com/vmware-tanzu/graph-framework-for-microservices/compiler/pkg/parser/pkg_parser.go:58.2,58.16 1 22
github.com/vmware-tanzu/graph-framework-for-microservices/compiler/pkg/parser/pkg_parser.go:62.2,62.17 1 22
github.com/vmware-tanzu/graph-framework-for-microservices/compiler/pkg/parser/pkg_parser.go:20.87,21.19 1 396
github.com/vmware-tanzu/graph-framework-for-microservices/compiler/pkg/parser/pkg_parser.go:56.3,56.13 1 374
github.com/vmware-tanzu/graph-framework-for-microservices/compiler/pkg/parser/pkg_parser.go:21.19,22.30 1 132
github.com/vmware-tanzu/graph-framework-for-microservices/compiler/pkg/parser/pkg_parser.go:26.4,26.31 1 110
github.com/vmware-tanzu/graph-framework-for-microservices/compiler/pkg/parser/pkg_parser.go:30.4,32.18 3 110
github.com/vmware-tanzu/graph-framework-for-microservices/compiler/pkg/parser/pkg_parser.go:35.4,35.27 1 110
github.com/vmware-tanzu/graph-framework-for-microservices/compiler/pkg/parser/pkg_parser.go:22.30,25.5 2 22
github.com/vmware-tanzu/graph-framework-for-microservices/compiler/pkg/parser/pkg_parser.go:26.31,29.5 2 0
github.com/vmware-tanzu/graph-framework-for-microservices/compiler/pkg/parser/pkg_parser.go:32.18,34.5 1 0
github.com/vmware-tanzu/graph-framework-for-microservices/compiler/pkg/parser/pkg_parser.go:35.27,36.26 1 110
github.com/vmware-tanzu/graph-framework-for-microservices/compiler/pkg/parser/pkg_parser.go:41.5,41.36 1 110
github.com/vmware-tanzu/graph-framework-for-microservices/compiler/pkg/parser/pkg_parser.go:44.5,53.30 4 110
github.com/vmware-tanzu/graph-framework-for-microservices/compiler/pkg/parser/pkg_parser.go:36.26,38.14 2 0
github.com/vmware-tanzu/graph-framework-for-microservices/compiler/pkg/parser/pkg_parser.go:41.36,43.6 1 0
github.com/vmware-tanzu/graph-framework-for-microservices/compiler/pkg/parser/pkg_parser.go:58.16,60.3 1 0
github.com/vmware-tanzu/graph-framework-for-microservices/compiler/pkg/parser/pkg_parser.go:65.50,67.25 2 110
github.com/vmware-tanzu/graph-framework-for-microservices/compiler/pkg/parser/pkg_parser.go:70.2,71.31 2 110
github.com/vmware-tanzu/graph-framework-for-microservices/compiler/pkg/parser/pkg_parser.go:67.25,69.3 1 198
github.com/vmware-tanzu/graph-framework-for-microservices/compiler/pkg/parser/pkg_parser.go:71.31,73.35 2 198
github.com/vmware-tanzu/graph-framework-for-microservices/compiler/pkg/parser/pkg_parser.go:73.35,74.46 1 2156
github.com/vmware-tanzu/graph-framework-for-microservices/compiler/pkg/parser/pkg_parser.go:74.46,76.5 1 2156
github.com/vmware-tanzu/graph-framework-for-microservices/compiler/pkg/parser/util.go:14.45,16.16 2 37
github.com/vmware-tanzu/graph-framework-for-microservices/compiler/pkg/parser/util.go:19.2,19.33 1 37
github.com/vmware-tanzu/graph-framework-for-microservices/compiler/pkg/parser/util.go:16.16,18.3 1 0
github.com/vmware-tanzu/graph-framework-for-microservices/compiler/pkg/parser/util.go:22.44,24.16 2 110
github.com/vmware-tanzu/graph-framework-for-microservices/compiler/pkg/parser/util.go:27.2,27.29 1 110
github.com/vmware-tanzu/graph-framework-for-microservices/compiler/pkg/parser/util.go:24.16,26.3 1 0
github.com/vmware-tanzu/graph-framework-for-microservices/compiler/pkg/parser/util.go:59.52,60.58 1 60
github.com/vmware-tanzu/graph-framework-for-microservices/compiler/pkg/parser/util.go:63.2,63.13 1 58
github.com/vmware-tanzu/graph-framework-for-microservices/compiler/pkg/parser/util.go:60.58,62.3 1 2
github.com/vmware-tanzu/graph-framework-for-microservices/compiler/pkg/parser/util.go:71.69,72.37 1 10
github.com/vmware-tanzu/graph-framework-for-microservices/compiler/pkg/parser/util.go:90.2,90.8 1 10
github.com/vmware-tanzu/graph-framework-for-microservices/compiler/pkg/parser/util.go:72.37,73.38 1 196
github.com/vmware-tanzu/graph-framework-for-microservices/compiler/pkg/parser/util.go:73.38,75.41 2 240
github.com/vmware-tanzu/graph-framework-for-microservices/compiler/pkg/parser/util.go:78.4,80.56 3 58
github.com/vmware-tanzu/graph-framework-for-microservices/compiler/pkg/parser/util.go:83.4,86.6 1 4
github.com/vmware-tanzu/graph-framework-for-microservices/compiler/pkg/parser/util.go:75.41,76.13 1 182
github.com/vmware-tanzu/graph-framework-for-microservices/compiler/pkg/parser/util.go:80.56,81.13 1 54
github.com/vmware-tanzu/graph-framework-for-microservices/compiler/pkg/parser/graphql_queries_parser.go:11.78,13.27 2 2
github.com/vmware-tanzu/graph-framework-for-microservices/compiler/pkg/parser/graphql_queries_parser.go:16.2,16.24 1 2
github.com/vmware-tanzu/graph-framework-for-microservices/compiler/pkg/parser/graphql_queries_parser.go:13.27,15.3 1 10
github.com/vmware-tanzu/graph-framework-for-microservices/compiler/pkg/parser/graphql_queries_parser.go:19.82,20.66 1 10
github.com/vmware-tanzu/graph-framework-for-microservices/compiler/pkg/parser/graphql_queries_parser.go:20.66,22.3 1 4
github.com/vmware-tanzu/graph-framework-for-microservices/compiler/pkg/parser/graphql_queries_parser.go:25.76,27.34 2 4
github.com/vmware-tanzu/graph-framework-for-microservices/compiler/pkg/parser/graphql_queries_parser.go:46.2,46.13 1 4
github.com/vmware-tanzu/graph-framework-for-microservices/compiler/pkg/parser/graphql_queries_parser.go:27.34,29.10 2 4
github.com/vmware-tanzu/graph-framework-for-microservices/compiler/pkg/parser/graphql_queries_parser.go:32.3,33.10 2 4
github.com/vmware-tanzu/graph-framework-for-microservices/compiler/pkg/parser/graphql_queries_parser.go:36.3,36.41 1 4
github.com/vmware-tanzu/graph-framework-for-microservices/compiler/pkg/parser/graphql_queries_parser.go:29.10,31.4 1 0
github.com/vmware-tanzu/graph-framework-for-microservices/compiler/pkg/parser/graphql_queries_parser.go:33.10,35.4 1 0
github.com/vmware-tanzu/graph-framework-for-microservices/compiler/pkg/parser/graphql_queries_parser.go:36.41,38.11 2 8
github.com/vmware-tanzu/graph-framework-for-microservices/compiler/pkg/parser/graphql_queries_parser.go:42.4,43.49 2 8
github.com/vmware-tanzu/graph-framework-for-microservices/compiler/pkg/parser/graphql_queries_parser.go:38.11,40.5 1 0
github.com/vmware-tanzu/graph-framework-for-microservices/compiler/pkg/parser/graphql_queries_parser.go:49.87,51.51 2 8
github.com/vmware-tanzu/graph-framework-for-microservices/compiler/pkg/parser/graphql_queries_parser.go:116.2,116.8 1 8
github.com/vmware-tanzu/graph-framework-for-microservices/compiler/pkg/parser/graphql_queries_parser.go:51.51,53.10 2 30
github.com/vmware-tanzu/graph-framework-for-microservices/compiler/pkg/parser/graphql_queries_parser.go:57.3,58.34 2 30
github.com/vmware-tanzu/graph-framework-for-microservices/compiler/pkg/parser/graphql_queries_parser.go:53.10,55.4 1 0
github.com/vmware-tanzu/graph-framework-for-microservices/compiler/pkg/parser/graphql_queries_parser.go:59.15,62.18 3 8
github.com/vmware-tanzu/graph-framework-for-microservices/compiler/pkg/parser/graphql_queries_parser.go:65.4,65.24 1 8
github.com/vmware-tanzu/graph-framework-for-microservices/compiler/pkg/parser/graphql_queries_parser.go:66.26,68.62 2 8
github.com/vmware-tanzu/graph-framework-for-microservices/compiler/pkg/parser/graphql_queries_parser.go:88.15,90.11 2 8
github.com/vmware-tanzu/graph-framework-for-microservices/compiler/pkg/parser/graphql_queries_parser.go:93.4,94.11 2 6
github.com/vmware-tanzu/graph-framework-for-microservices/compiler/pkg/parser/graphql_queries_parser.go:98.4,99.24 2 6
github.com/vmware-tanzu/graph-framework-for-microservices/compiler/pkg/parser/graphql_queries_parser.go:100.18,102.11 2 6
github.com/vmware-tanzu/graph-framework-for-microservices/compiler/pkg/parser/graphql_queries_parser.go:105.4,106.15 2 6
github.com/vmware-tanzu/graph-framework-for-microservices/compiler/pkg/parser/graphql_queries_parser.go:62.18,64.5 1 0
github.com/vmware-tanzu/graph-framework-for-microservices/compiler/pkg/parser/graphql_queries_parser.go:68.62,71.51 3 16
github.com/vmware-tanzu/graph-framework-for-microservices/compiler/pkg/parser/graphql_queries_parser.go:79.5,79.53 1 16
github.com/vmware-tanzu/graph-framework-for-microservices/compiler/pkg/parser/graphql_queries_parser.go:71.51,74.20 3 8
github.com/vmware-tanzu/graph-framework-for-microservices/compiler/pkg/parser/graphql_queries_parser.go:77.6,77.42 1 8
github.com/vmware-tanzu/graph-framework-for-microservices/compiler/pkg/parser/graphql_queries_parser.go:74.20,76.7 1 0
github.com/vmware-tanzu/graph-framework-for-microservices/compiler/pkg/parser/graphql_queries_parser.go:79.53,82.20 3 8
github.com/vmware-tanzu/graph-framework-for-microservices/compiler/pkg/parser/graphql_queries_parser.go:85.6,85.46 1 8
github.com/vmware-tanzu/graph-framework-for-microservices/compiler/pkg/parser/graphql_queries_parser.go:82.20,84.7 1 0
github.com/vmware-tanzu/graph-framework-for-microservices/compiler/pkg/parser/graphql_queries_parser.go:90.11,91.13 1 2
github.com/vmware-tanzu/graph-framework-for-microservices/compiler/pkg/parser/graphql_queries_parser.go:94.11,96.5 1 0
github.com/vmware-tanzu/graph-framework-for-microservices/compiler/pkg/parser/graphql_queries_parser.go:102.11,104.5 1 0
github.com/vmware-tanzu/graph-framework-for-microservices/compiler/pkg/parser/graphql_queries_parser.go:107.27,108.45 1 2
github.com/vmware-tanzu/graph-framework-for-microservices/compiler/pkg/parser/graphql_queries_parser.go:109.25,110.43 1 4
github.com/vmware-tanzu/graph-framework-for-microservices/compiler/pkg/parser/graphql_queries_parser.go:111.12,112.45 1 0
github.com/vmware-tanzu/graph-framework-for-microservices/compiler/pkg/parser/graphql_queries_parser.go:124.61,126.34 2 6
github.com/vmware-tanzu/graph-framework-for-microservices/compiler/pkg/parser/graphql_queries_parser.go:143.2,143.13 1 6
github.com/vmware-tanzu/graph-framework-for-microservices/compiler/pkg/parser/graphql_queries_parser.go:126.34,127.35 1 178
github.com/vmware-tanzu/graph-framework-for-microservices/compiler/pkg/parser/graphql_queries_parser.go:127.35,129.42 2 220
github.com/vmware-tanzu/graph-framework-for-microservices/compiler/pkg/parser/graphql_queries_parser.go:132.4,132.43 1 6
github.com/vmware-tanzu/graph-framework-for-microservices/compiler/pkg/parser/graphql_queries_parser.go:129.42,130.13 1 214
github.com/vmware-tanzu/graph-framework-for-microservices/compiler/pkg/parser/graphql_queries_parser.go:132.43,133.30 1 26
github.com/vmware-tanzu/graph-framework-for-microservices/compiler/pkg/parser/graphql_queries_parser.go:136.5,139.7 1 26
github.com/vmware-tanzu/graph-framework-for-microservices/compiler/pkg/parser/graphql_queries_parser.go:133.30,135.6 1 0
github.com/vmware-tanzu/graph-framework-for-microservices/compiler/pkg/parser/node.go:42.45,45.42 2 142
github.com/vmware-tanzu/graph-framework-for-microservices/compiler/pkg/parser/node.go:49.2,49.40 1 142
github.com/vmware-tanzu/graph-framework-for-microservices/compiler/pkg/parser/node.go:45.42,47.3 1 34
github.com/vmware-tanzu/graph-framework-for-microservices/compiler/pkg/parser/node.go:49.40,51.3 1 91
github.com/vmware-tanzu/graph-framework-for-microservices/compiler/pkg/parser/node_config.go:15.76,17.2 1 1
github.com/vmware-tanzu/graph-framework-for-microservices/compiler/pkg/parser/node_config.go:19.77,21.2 1 0
github.com/vmware-tanzu/graph-framework-for-microservices/compiler/pkg/parser/node_config.go:23.73,25.2 1 170
github.com/vmware-tanzu/graph-framework-for-microservices/compiler/pkg/parser/node_config.go:27.89,31.28 3 171
github.com/vmware-tanzu/graph-framework-for-microservices/compiler/pkg/parser/node_config.go:40.2,40.27 1 171
github.com/vmware-tanzu/graph-framework-for-microservices/compiler/pkg/parser/node_config.go:49.2,49.31 1 166
github.com/vmware-tanzu/graph-framework-for-microservices/compiler/pkg/parser/node_config.go:31.28,32.21 1 690
github.com/vmware-tanzu/graph-framework-for-microservices/compiler/pkg/parser/node_config.go:32.21,33.47 1 33
github.com/vmware-tanzu/graph-framework-for-microservices/compiler/pkg/parser/node_config.go:33.47,36.5 2 5
github.com/vmware-tanzu/graph-framework-for-microservices/compiler/pkg/parser/node_config.go:40.27,42.20 2 5
github.com/vmware-tanzu/graph-framework-for-microservices/compiler/pkg/parser/node_config.go:46.3,46.32 1 0
github.com/vmware-tanzu/graph-framework-for-microservices/compiler/pkg/parser/node_config.go:42.20,44.4 1 5
github.com/vmware-tanzu/graph-framework-for-microservices/compiler/pkg/parser/node_parser.go:21.68,27.87 5 15
github.com/vmware-tanzu/graph-framework-for-microservices/compiler/pkg/parser/node_parser.go:107.2,107.16 1 15
github.com/vmware-tanzu/graph-framework-for-microservices/compiler/pkg/parser/node_parser.go:113.2,115.26 2 15
github.com/vmware-tanzu/graph-framework-for-microservices/compiler/pkg/parser/node_parser.go:136.2,136.52 1 15
github.com/vmware-tanzu/graph-framework-for-microservices/compiler/pkg/parser/node_parser.go:27.87,28.19 1 210
github.com/vmware-tanzu/graph-framework-for-microservices/compiler/pkg/parser/node_parser.go:105.3,105.13 1 200
github.com/vmware-tanzu/graph-framework-for-microservices/compiler/pkg/parser/node_parser.go:28.19,29.30 1 70
github.com/vmware-tanzu/graph-framework-for-microservices/compiler/pkg/parser/node_parser.go:33.4,33.31 1 60
github.com/vmware-tanzu/graph-framework-for-microservices/compiler/pkg/parser/node_parser.go:37.4,39.18 3 60
github.com/vmware-tanzu/graph-framework-for-microservices/compiler/pkg/parser/node_parser.go:42.4,42.27 1 60
github.com/vmware-tanzu/graph-framework-for-microservices/compiler/pkg/parser/node_parser.go:29.30,32.5 2 10
github.com/vmware-tanzu/graph-framework-for-microservices/compiler/pkg/parser/node_parser.go:33.31,36.5 2 0
github.com/vmware-tanzu/graph-framework-for-microservices/compiler/pkg/parser/node_parser.go:39.18,41.5 1 0
github.com/vmware-tanzu/graph-framework-for-microservices/compiler/pkg/parser/node_parser.go:42.27,43.21 1 60
github.com/vmware-tanzu/graph-framework-for-microservices/compiler/pkg/parser/node_parser.go:46.5,46.37 1 60
github.com/vmware-tanzu/graph-framework-for-microservices/compiler/pkg/parser/node_parser.go:50.5,52.34 3 60
github.com/vmware-tanzu/graph-framework-for-microservices/compiler/pkg/parser/node_parser.go:43.21,45.6 1 0
github.com/vmware-tanzu/graph-framework-for-microservices/compiler/pkg/parser/node_parser.go:46.37,48.6 1 1
github.com/vmware-tanzu/graph-framework-for-microservices/compiler/pkg/parser/node_parser.go:52.34,53.38 1 100
github.com/vmware-tanzu/graph-framework-for-microservices/compiler/pkg/parser/node_parser.go:53.38,55.13 2 1018
github.com/vmware-tanzu/graph-framework-for-microservices/compiler/pkg/parser/node_parser.go:55.13,56.43 1 1018
github.com/vmware-tanzu/graph-framework-for-microservices/compiler/pkg/parser/node_parser.go:56.43,57.53 1 1242
github.com/vmware-tanzu/graph-framework-for-microservices/compiler/pkg/parser/node_parser.go:57.53,58.58 1 741
github.com/vmware-tanzu/graph-framework-for-microservices/compiler/pkg/parser/node_parser.go:58.58,61.36 3 477
github.com/vmware-tanzu/graph-framework-for-microservices/compiler/pkg/parser/node_parser.go:61.36,63.33 1 170
github.com/vmware-tanzu/graph-framework-for-microservices/compiler/pkg/parser/node_parser.go:67.12,81.34 2 170
github.com/vmware-tanzu/graph-framework-for-microservices/compiler/pkg/parser/node_parser.go:84.12,85.22 2 170
github.com/vmware-tanzu/graph-framework-for-microservices/compiler/pkg/parser/node_parser.go:95.12,95.33 1 170
github.com/vmware-tanzu/graph-framework-for-microservices/compiler/pkg/parser/node_parser.go:63.33,65.13 1 16
github.com/vmware-tanzu/graph-framework-for-microservices/compiler/pkg/parser/node_parser.go:81.34,83.13 1 0
github.com/vmware-tanzu/graph-framework-for-microservices/compiler/pkg/parser/node_parser.go:85.22,86.51 1 4
github.com/vmware-tanzu/graph-framework-for-microservices/compiler/pkg/parser/node_parser.go:90.13,91.19 2 4
github.com/vmware-tanzu/graph-framework-for-microservices/compiler/pkg/parser/node_parser.go:86.51,89.14 1 2
github.com/vmware-tanzu/graph-framework-for-microservices/compiler/pkg/parser/node_parser.go:91.19,93.14 1 4
github.com/vmware-tanzu/graph-framework-for-microservices/compiler/pkg/parser/node_parser.go:107.16,109.3 1 0
github.com/vmware-tanzu/graph-framework-for-microservices/compiler/pkg/parser/node_parser.go:115.26,116.27 1 16
github.com/vmware-tanzu/graph-framework-for-microservices/compiler/pkg/parser/node_parser.go:116.27,118.45 1 130
github.com/vmware-tanzu/graph-framework-for-microservices/compiler/pkg/parser/node_parser.go:118.45,120.47 2 132
github.com/vmware-tanzu/graph-framework-for-microservices/compiler/pkg/parser/node_parser.go:126.5,126.49 1 132
github.com/vmware-tanzu/graph-framework-for-microservices/compiler/pkg/parser/node_parser.go:120.47,122.35 1 83
github.com/vmware-tanzu/graph-framework-for-microservices/compiler/pkg/parser/node_parser.go:122.35,124.7 1 0
github.com/vmware-tanzu/graph-framework-for-microservices/compiler/pkg/parser/node_parser.go:126.49,128.35 1 32
github.com/vmware-tanzu/graph-framework-for-microservices/compiler/pkg/parser/node_parser.go:128.35,130.7 1 1
github.com/vmware-tanzu/graph-framework-for-microservices/compiler/pkg/parser/node_parser.go:139.98,141.33 2 30
github.com/vmware-tanzu/graph-framework-for-microservices/compiler/pkg/parser/node_parser.go:146.2,146.14 1 30
github.com/vmware-tanzu/graph-framework-for-microservices/compiler/pkg/parser/node_parser.go:141.33,145.3 3 31
github.com/vmware-tanzu/graph-framework-for-microservices/compiler/pkg/parser/node_parser.go:149.68,151.29 2 0
github.com/vmware-tanzu/graph-framework-for-microservices/compiler/pkg/parser/node_parser.go:213.2,213.16 1 0
github.com/vmware-tanzu/graph-framework-for-microservices/compiler/pkg/parser/node_parser.go:151.29,152.30 1 0
github.com/vmware-tanzu/graph-framework-for-microservices/compiler/pkg/parser/node_parser.go:152.30,154.48 2 0
github.com/vmware-tanzu/graph-framework-for-microservices/compiler/pkg/parser/node_parser.go:165.4,165.50 1 0
github.com/vmware-tanzu/graph-framework-for-microservices/compiler/pkg/parser/node_parser.go:175.4,176.43 2 0
github.com/vmware-tanzu/graph-framework-for-microservices/compiler/pkg/parser/node_parser.go:187.4,187.45 1 0
github.com/vmware-tanzu/graph-framework-for-microservices/compiler/pkg/parser/node_parser.go:198.4,198.26 1 0
github.com/vmware-tanzu/graph-framework-for-microservices/compiler/pkg/parser/node_parser.go:202.4,210.5 1 0
github.com/vmware-tanzu/graph-framework-for-microservices/compiler/pkg/parser/node_parser.go:154.48,155.28 1 0
github.com/vmware-tanzu/graph-framework-for-microservices/compiler/pkg/parser/node_parser.go:158.5,162.6 1 0
github.com/vmware-tanzu/graph-framework-for-microservices/compiler/pkg/parser/node_parser.go:155.28,157.6 1 0
github.com/vmware-tanzu/graph-framework-for-microservices/compiler/pkg/parser/node_parser.go:165.50,166.28 1 0
github.com/vmware-tanzu/graph-framework-for-microservices/compiler/pkg/parser/node_parser.go:169.5,173.6 1 0
github.com/vmware-tanzu/graph-framework-for-microservices/compiler/pkg/parser/node_parser.go:166.28,168.6 1 0
github.com/vmware-tanzu/graph-framework-for-microservices/compiler/pkg/parser/node_parser.go:176.43,177.27 1 0
github.com/vmware-tanzu/graph-framework-for-microservices/compiler/pkg/parser/node_parser.go:180.5,184.6 1 0
github.com/vmware-tanzu/graph-framework-for-microservices/compiler/pkg/parser/node_parser.go:177.27,179.6 1 0
github.com/vmware-tanzu/graph-framework-for-microservices/compiler/pkg/parser/node_parser.go:187.45,188.27 1 0
github.com/vmware-tanzu/graph-framework-for-microservices/compiler/pkg/parser/node_parser.go:191.5,195.6 1 0
github.com/vmware-tanzu/graph-framework-for-microservices/compiler/pkg/parser/node_parser.go:188.27,190.6 1 0
github.com/vmware-tanzu/graph-framework-for-microservices/compiler/pkg/parser/node_parser.go:198.26,200.5 1 0
github.com/vmware-tanzu/graph-framework-for-microservices/compiler/pkg/parser/node_parser.go:216.75,220.64 3 259
github.com/vmware-tanzu/graph-framework-for-microservices/compiler/pkg/parser/node_parser.go:278.2,278.36 1 259
github.com/vmware-tanzu/graph-framework-for-microservices/compiler/pkg/parser/node_parser.go:282.2,282.34 1 259
github.com/vmware-tanzu/graph-framework-for-microservices/compiler/pkg/parser/node_parser.go:220.64,221.24 1 308
github.com/vmware-tanzu/graph-framework-for-microservices/compiler/pkg/parser/node_parser.go:229.3,229.24 1 308
github.com/vmware-tanzu/graph-framework-for-microservices/compiler/pkg/parser/node_parser.go:233.3,235.14 2 308
github.com/vmware-tanzu/graph-framework-for-microservices/compiler/pkg/parser/node_parser.go:245.3,246.22 2 308
github.com/vmware-tanzu/graph-framework-for-microservices/compiler/pkg/parser/node_parser.go:249.3,250.16 2 308
github.com/vmware-tanzu/graph-framework-for-microservices/compiler/pkg/parser/node_parser.go:253.3,253.14 1 308
github.com/vmware-tanzu/graph-framework-for-microservices/compiler/pkg/parser/node_parser.go:269.3,269.13 1 308
github.com/vmware-tanzu/graph-framework-for-microservices/compiler/pkg/parser/node_parser.go:221.24,222.23 1 308
github.com/vmware-tanzu/graph-framework-for-microservices/compiler/pkg/parser/node_parser.go:222.23,226.5 1 2
github.com/vmware-tanzu/graph-framework-for-microservices/compiler/pkg/parser/node_parser.go:229.24,231.4 1 2
github.com/vmware-tanzu/graph-framework-for-microservices/compiler/pkg/parser/node_parser.go:235.14,237.24 2 122
github.com/vmware-tanzu/graph-framework-for-microservices/compiler/pkg/parser/node_parser.go:240.4,240.43 1 122
github.com/vmware-tanzu/graph-framework-for-microservices/compiler/pkg/parser/node_parser.go:237.24,239.5 1 0
github.com/vmware-tanzu/graph-framework-for-microservices/compiler/pkg/parser/node_parser.go:240.43,243.5 1 2
github.com/vmware-tanzu/graph-framework-for-microservices/compiler/pkg/parser/node_parser.go:246.22,248.4 1 0
github.com/vmware-tanzu/graph-framework-for-microservices/compiler/pkg/parser/node_parser.go:250.16,252.4 1 0
github.com/vmware-tanzu/graph-framework-for-microservices/compiler/pkg/parser/node_parser.go:253.14,255.11 2 228
github.com/vmware-tanzu/graph-framework-for-microservices/compiler/pkg/parser/node_parser.go:258.4,262.15 4 228
github.com/vmware-tanzu/graph-framework-for-microservices/compiler/pkg/parser/node_parser.go:255.11,257.5 1 2
github.com/vmware-tanzu/graph-framework-for-microservices/compiler/pkg/parser/node_parser.go:262.15,264.5 1 62
github.com/vmware-tanzu/graph-framework-for-microservices/compiler/pkg/parser/node_parser.go:264.10,266.5 1 166
github.com/vmware-tanzu/graph-framework-for-microservices/compiler/pkg/parser/node_parser.go:269.13,270.15 1 80
github.com/vmware-tanzu/graph-framework-for-microservices/compiler/pkg/parser/node_parser.go:270.15,272.5 1 60
github.com/vmware-tanzu/graph-framework-for-microservices/compiler/pkg/parser/node_parser.go:272.10,274.5 1 20
github.com/vmware-tanzu/graph-framework-for-microservices/compiler/pkg/parser/node_parser.go:278.36,280.3 1 228
github.com/vmware-tanzu/graph-framework-for-microservices/compiler/pkg/parser/node_parser.go:282.34,284.3 1 80
github.com/vmware-tanzu/graph-framework-for-microservices/compiler/pkg/parser/node_parser.go:287.110,290.25 3 308
github.com/vmware-tanzu/graph-framework-for-microservices/compiler/pkg/parser/node_parser.go:315.2,315.8 1 0
github.com/vmware-tanzu/graph-framework-for-microservices/compiler/pkg/parser/node_parser.go:290.25,293.3 2 124
github.com/vmware-tanzu/graph-framework-for-microservices/compiler/pkg/parser/node_parser.go:293.8,293.32 1 184
github.com/vmware-tanzu/graph-framework-for-microservices/compiler/pkg/parser/node_parser.go:293.32,294.43 1 184
github.com/vmware-tanzu/graph-framework-for-microservices/compiler/pkg/parser/node_parser.go:294.43,296.18 2 368
github.com/vmware-tanzu/graph-framework-for-microservices/compiler/pkg/parser/node_parser.go:299.4,302.60 3 368
github.com/vmware-tanzu/graph-framework-for-microservices/compiler/pkg/parser/node_parser.go:296.18,298.5 1 0
github.com/vmware-tanzu/graph-framework-for-microservices/compiler/pkg/parser/node_parser.go:302.60,305.5 2 0
github.com/vmware-tanzu/graph-framework-for-microservices/compiler/pkg/parser/node_parser.go:305.10,306.29 1 368
github.com/vmware-tanzu/graph-framework-for-microservices/compiler/pkg/parser/node_parser.go:306.29,307.60 1 4437
github.com/vmware-tanzu/graph-framework-for-microservices/compiler/pkg/parser/node_parser.go:307.60,310.7 2 184
github.com/vmware-tanzu/graph-framework-for-microservices/compiler/pkg/parser/node_parser.go:318.88,323.25 5 122
github.com/vmware-tanzu/graph-framework-for-microservices/compiler/pkg/parser/node_parser.go:330.2,330.29 1 122
github.com/vmware-tanzu/graph-framework-for-microservices/compiler/pkg/parser/node_parser.go:335.2,335.12 1 0
github.com/vmware-tanzu/graph-framework-for-microservices/compiler/pkg/parser/node_parser.go:323.25,326.3 2 42
github.com/vmware-tanzu/graph-framework-for-microservices/compiler/pkg/parser/node_parser.go:326.8,326.32 1 80
github.com/vmware-tanzu/graph-framework-for-microservices/compiler/pkg/parser/node_parser.go:326.32,329.3 2 80
github.com/vmware-tanzu/graph-framework-for-microservices/compiler/pkg/parser/node_parser.go:330.29,331.59 1 1040
github.com/vmware-tanzu/graph-framework-for-microservices/compiler/pkg/parser/node_parser.go:331.59,333.4 1 122
github.com/vmware-tanzu/graph-framework-for-microservices/compiler/pkg/parser/node_parser.go:338.102,339.37 1 80
github.com/vmware-tanzu/graph-framework-for-microservices/compiler/pkg/parser/node_parser.go:356.2,356.11 1 0
github.com/vmware-tanzu/graph-framework-for-microservices/compiler/pkg/parser/node_parser.go:339.37,341.17 2 120
github.com/vmware-tanzu/graph-framework-for-microservices/compiler/pkg/parser/node_parser.go:344.3,346.55 3 120
github.com/vmware-tanzu/graph-framework-for-microservices/compiler/pkg/parser/node_parser.go:341.17,343.4 1 0
github.com/vmware-tanzu/graph-framework-for-microservices/compiler/pkg/parser/node_parser.go:346.55,348.4 1 0
github.com/vmware-tanzu/graph-framework-for-microservices/compiler/pkg/parser/node_parser.go:348.9,349.31 1 120
github.com/vmware-tanzu/graph-framework-for-microservices/compiler/pkg/parser/node_parser.go:349.31,350.55 1 1388
github.com/vmware-tanzu/graph-framework-for-microservices/compiler/pkg/parser/node_parser.go:350.55,352.6 1 80
github.com/vmware-tanzu/graph-framework-for-microservices/compiler/pkg/parser/node_parser.go:359.35,360.49 1 477
github.com/vmware-tanzu/graph-framework-for-microservices/compiler/pkg/parser/node_parser.go:360.49,361.27 1 4293
github.com/vmware-tanzu/graph-framework-for-microservices/compiler/pkg/parser/node_parser.go:361.27,363.4 1 1
