mode: atomic
github.com/vmware-tanzu/graph-framework-for-microservices/compiler/pkg/parser/rest/httpmethodsresponses.go:24.184,25.37 1 5
github.com/vmware-tanzu/graph-framework-for-microservices/compiler/pkg/parser/rest/httpmethodsresponses.go:51.2,51.21 1 5
github.com/vmware-tanzu/graph-framework-for-microservices/compiler/pkg/parser/rest/httpmethodsresponses.go:25.37,26.38 1 76
github.com/vmware-tanzu/graph-framework-for-microservices/compiler/pkg/parser/rest/httpmethodsresponses.go:26.38,27.50 1 98
github.com/vmware-tanzu/graph-framework-for-microservices/compiler/pkg/parser/rest/httpmethodsresponses.go:27.50,29.32 2 28
github.com/vmware-tanzu/graph-framework-for-microservices/compiler/pkg/parser/rest/httpmethodsresponses.go:33.5,33.65 1 27
github.com/vmware-tanzu/graph-framework-for-microservices/compiler/pkg/parser/rest/httpmethodsresponses.go:29.32,30.14 1 1
github.com/vmware-tanzu/graph-framework-for-microservices/compiler/pkg/parser/rest/httpmethodsresponses.go:33.65,34.70 1 7
github.com/vmware-tanzu/graph-framework-for-microservices/compiler/pkg/parser/rest/httpmethodsresponses.go:38.6,39.37 2 3
github.com/vmware-tanzu/graph-framework-for-microservices/compiler/pkg/parser/rest/httpmethodsresponses.go:45.6,45.35 1 3
github.com/vmware-tanzu/graph-framework-for-microservices/compiler/pkg/parser/rest/httpmethodsresponses.go:34.70,35.15 1 4
github.com/vmware-tanzu/graph-framework-for-microservices/compiler/pkg/parser/rest/httpmethodsresponses.go:39.37,44.7 4 3
github.com/vmware-tanzu/graph-framework-for-microservices/compiler/pkg/parser/rest/httpmethodsresponses.go:54.59,55.25 1 3
github.com/vmware-tanzu/graph-framework-for-microservices/compiler/pkg/parser/rest/httpmethodsresponses.go:60.2,60.11 1 0
github.com/vmware-tanzu/graph-framework-for-microservices/compiler/pkg/parser/rest/httpmethodsresponses.go:56.25,57.55 1 3
github.com/vmware-tanzu/graph-framework-for-microservices/compiler/pkg/parser/rest/httpmethodsresponses.go:63.116,64.29 1 3
github.com/vmware-tanzu/graph-framework-for-microservices/compiler/pkg/parser/rest/httpmethodsresponses.go:73.2,73.12 1 0
github.com/vmware-tanzu/graph-framework-for-microservices/compiler/pkg/parser/rest/httpmethodsresponses.go:65.18,66.33 1 2
github.com/vmware-tanzu/graph-framework-for-microservices/compiler/pkg/parser/rest/httpmethodsresponses.go:67.25,68.37 1 0
github.com/vmware-tanzu/graph-framework-for-microservices/compiler/pkg/parser/rest/httpmethodsresponses.go:69.25,70.39 1 1
github.com/vmware-tanzu/graph-framework-for-microservices/compiler/pkg/parser/rest/rest.go:19.119,24.27 3 1
github.com/vmware-tanzu/graph-framework-for-microservices/compiler/pkg/parser/rest/rest.go:29.2,29.27 1 1
github.com/vmware-tanzu/graph-framework-for-microservices/compiler/pkg/parser/rest/rest.go:33.2,33.23 1 1
github.com/vmware-tanzu/graph-framework-for-microservices/compiler/pkg/parser/rest/rest.go:24.27,26.3 1 5
github.com/vmware-tanzu/graph-framework-for-microservices/compiler/pkg/parser/rest/rest.go:29.27,31.3 1 5
github.com/vmware-tanzu/graph-framework-for-microservices/compiler/pkg/parser/rest/apispec.go:15.118,18.37 2 1
github.com/vmware-tanzu/graph-framework-for-microservices/compiler/pkg/parser/rest/apispec.go:46.2,46.17 1 1
github.com/vmware-tanzu/graph-framework-for-microservices/compiler/pkg/parser/rest/apispec.go:18.37,19.38 1 31
github.com/vmware-tanzu/graph-framework-for-microservices/compiler/pkg/parser/rest/apispec.go:19.38,20.50 1 41
github.com/vmware-tanzu/graph-framework-for-microservices/compiler/pkg/parser/rest/apispec.go:20.50,22.32 2 14
github.com/vmware-tanzu/graph-framework-for-microservices/compiler/pkg/parser/rest/apispec.go:25.5,25.65 1 14
github.com/vmware-tanzu/graph-framework-for-microservices/compiler/pkg/parser/rest/apispec.go:22.32,23.14 1 0
github.com/vmware-tanzu/graph-framework-for-microservices/compiler/pkg/parser/rest/apispec.go:25.65,26.61 1 5
github.com/vmware-tanzu/graph-framework-for-microservices/compiler/pkg/parser/rest/apispec.go:30.6,31.37 2 2
github.com/vmware-tanzu/graph-framework-for-microservices/compiler/pkg/parser/rest/apispec.go:40.6,40.30 1 2
github.com/vmware-tanzu/graph-framework-for-microservices/compiler/pkg/parser/rest/apispec.go:26.61,27.15 1 3
github.com/vmware-tanzu/graph-framework-for-microservices/compiler/pkg/parser/rest/apispec.go:31.37,34.63 2 2
github.com/vmware-tanzu/graph-framework-for-microservices/compiler/pkg/parser/rest/apispec.go:34.63,37.8 2 6
github.com/vmware-tanzu/graph-framework-for-microservices/compiler/pkg/parser/rest/apispec.go:49.163,51.31 2 6
github.com/vmware-tanzu/graph-framework-for-microservices/compiler/pkg/parser/rest/apispec.go:68.2,68.16 1 6
github.com/vmware-tanzu/graph-framework-for-microservices/compiler/pkg/parser/rest/apispec.go:51.31,54.35 2 18
github.com/vmware-tanzu/graph-framework-for-microservices/compiler/pkg/parser/rest/apispec.go:55.14,57.18 2 6
github.com/vmware-tanzu/graph-framework-for-microservices/compiler/pkg/parser/rest/apispec.go:60.4,60.21 1 6
github.com/vmware-tanzu/graph-framework-for-microservices/compiler/pkg/parser/rest/apispec.go:61.22,62.55 1 6
github.com/vmware-tanzu/graph-framework-for-microservices/compiler/pkg/parser/rest/apispec.go:63.18,64.71 1 6
github.com/vmware-tanzu/graph-framework-for-microservices/compiler/pkg/parser/rest/apispec.go:57.18,59.5 1 0
github.com/vmware-tanzu/graph-framework-for-microservices/compiler/pkg/parser/rest/apispec.go:71.179,72.37 1 6
github.com/vmware-tanzu/graph-framework-for-microservices/compiler/pkg/parser/rest/apispec.go:87.2,87.12 1 0
github.com/vmware-tanzu/graph-framework-for-microservices/compiler/pkg/parser/rest/apispec.go:73.18,74.31 1 2
github.com/vmware-tanzu/graph-framework-for-microservices/compiler/pkg/parser/rest/apispec.go:75.25,76.39 1 4
github.com/vmware-tanzu/graph-framework-for-microservices/compiler/pkg/parser/rest/apispec.go:77.25,79.32 2 0
github.com/vmware-tanzu/graph-framework-for-microservices/compiler/pkg/parser/rest/apispec.go:85.3,85.13 1 0
github.com/vmware-tanzu/graph-framework-for-microservices/compiler/pkg/parser/rest/apispec.go:79.32,84.4 4 0
github.com/vmware-tanzu/graph-framework-for-microservices/compiler/pkg/parser/rest/apispec.go:90.63,92.32 2 6
github.com/vmware-tanzu/graph-framework-for-microservices/compiler/pkg/parser/rest/apispec.go:104.2,104.15 1 6
github.com/vmware-tanzu/graph-framework-for-microservices/compiler/pkg/parser/rest/apispec.go:93.25,94.30 1 6
github.com/vmware-tanzu/graph-framework-for-microservices/compiler/pkg/parser/rest/apispec.go:94.30,98.18 3 7
github.com/vmware-tanzu/graph-framework-for-microservices/compiler/pkg/parser/rest/apispec.go:101.4,101.34 1 7
github.com/vmware-tanzu/graph-framework-for-microservices/compiler/pkg/parser/rest/apispec.go:98.18,100.5 1 0
github.com/vmware-tanzu/graph-framework-for-microservices/compiler/pkg/parser/rest/apispec.go:107.110,111.35 3 2
github.com/vmware-tanzu/graph-framework-for-microservices/compiler/pkg/parser/rest/apispec.go:111.35,114.39 2 2
github.com/vmware-tanzu/graph-framework-for-microservices/compiler/pkg/parser/rest/apispec.go:122.3,122.103 1 2
github.com/vmware-tanzu/graph-framework-for-microservices/compiler/pkg/parser/rest/apispec.go:126.3,126.47 1 2
github.com/vmware-tanzu/graph-framework-for-microservices/compiler/pkg/parser/rest/apispec.go:114.39,115.104 1 2
github.com/vmware-tanzu/graph-framework-for-microservices/compiler/pkg/parser/rest/apispec.go:115.104,117.5 1 1
github.com/vmware-tanzu/graph-framework-for-microservices/compiler/pkg/parser/rest/apispec.go:122.103,124.4 1 0
github.com/vmware-tanzu/graph-framework-for-microservices/compiler/pkg/parser/rest/apispec.go:126.47,130.35 3 4
github.com/vmware-tanzu/graph-framework-for-microservices/compiler/pkg/parser/rest/apispec.go:134.4,134.88 1 2
github.com/vmware-tanzu/graph-framework-for-microservices/compiler/pkg/parser/rest/apispec.go:138.4,138.90 1 2
github.com/vmware-tanzu/graph-framework-for-microservices/compiler/pkg/parser/rest/apispec.go:130.35,131.13 1 2
github.com/vmware-tanzu/graph-framework-for-microservices/compiler/pkg/parser/rest/apispec.go:134.88,136.5 1 0
github.com/vmware-tanzu/graph-framework-for-microservices/compiler/pkg/parser/rest/apispec.go:138.90,140.5 1 0
github.com/vmware-tanzu/graph-framework-for-microservices/compiler/pkg/parser/rest/apispec.go:145.53,146.27 1 8
github.com/vmware-tanzu/graph-framework-for-microservices/compiler/pkg/parser/rest/apispec.go:152.2,152.14 1 6
github.com/vmware-tanzu/graph-framework-for-microservices/compiler/pkg/parser/rest/apispec.go:146.27,147.19 1 4
github.com/vmware-tanzu/graph-framework-for-microservices/compiler/pkg/parser/rest/apispec.go:147.19,149.4 1 2
github.com/vmware-tanzu/graph-framework-for-microservices/compiler/pkg/parser/rest/apispec.go:155.57,156.27 1 4
github.com/vmware-tanzu/graph-framework-for-microservices/compiler/pkg/parser/rest/apispec.go:162.2,162.14 1 2
github.com/vmware-tanzu/graph-framework-for-microservices/compiler/pkg/parser/rest/apispec.go:156.27,157.16 1 4
github.com/vmware-tanzu/graph-framework-for-microservices/compiler/pkg/parser/rest/apispec.go:157.16,159.4 1 2
github.com/vmware-tanzu/graph-framework-for-microservices/compiler/pkg/parser/rest/httpcodesresponse.go:80.130,81.37 1 5
github.com/vmware-tanzu/graph-framework-for-microservices/compiler/pkg/parser/rest/httpcodesresponse.go:100.2,100.21 1 5
github.com/vmware-tanzu/graph-framework-for-microservices/compiler/pkg/parser/rest/httpcodesresponse.go:81.37,82.38 1 76
github.com/vmware-tanzu/graph-framework-for-microservices/compiler/pkg/parser/rest/httpcodesresponse.go:82.38,83.50 1 98
github.com/vmware-tanzu/graph-framework-for-microservices/compiler/pkg/parser/rest/httpcodesresponse.go:83.50,85.32 2 28
github.com/vmware-tanzu/graph-framework-for-microservices/compiler/pkg/parser/rest/httpcodesresponse.go:89.5,89.65 1 27
github.com/vmware-tanzu/graph-framework-for-microservices/compiler/pkg/parser/rest/httpcodesresponse.go:85.32,86.14 1 1
github.com/vmware-tanzu/graph-framework-for-microservices/compiler/pkg/parser/rest/httpcodesresponse.go:89.65,90.67 1 7
github.com/vmware-tanzu/graph-framework-for-microservices/compiler/pkg/parser/rest/httpcodesresponse.go:94.6,94.58 1 2
github.com/vmware-tanzu/graph-framework-for-microservices/compiler/pkg/parser/rest/httpcodesresponse.go:90.67,91.15 1 5
github.com/vmware-tanzu/graph-framework-for-microservices/compiler/pkg/parser/rest/httpcodesresponse.go:103.78,105.31 2 3
github.com/vmware-tanzu/graph-framework-for-microservices/compiler/pkg/parser/rest/httpcodesresponse.go:112.2,112.17 1 3
github.com/vmware-tanzu/graph-framework-for-microservices/compiler/pkg/parser/rest/httpcodesresponse.go:105.31,110.3 4 5
github.com/vmware-tanzu/graph-framework-for-microservices/compiler/pkg/parser/rest/httpcodesresponse.go:115.59,116.25 1 5
github.com/vmware-tanzu/graph-framework-for-microservices/compiler/pkg/parser/rest/httpcodesresponse.go:125.2,125.10 1 0
github.com/vmware-tanzu/graph-framework-for-microservices/compiler/pkg/parser/rest/httpcodesresponse.go:117.25,118.47 1 5
github.com/vmware-tanzu/graph-framework-for-microservices/compiler/pkg/parser/rest/httpcodesresponse.go:122.3,122.61 1 4
github.com/vmware-tanzu/graph-framework-for-microservices/compiler/pkg/parser/rest/httpcodesresponse.go:118.47,120.4 1 1
github.com/vmware-tanzu/graph-framework-for-microservices/compiler/pkg/parser/rest/httpcodesresponse.go:128.63,130.29 2 5
github.com/vmware-tanzu/graph-framework-for-microservices/compiler/pkg/parser/rest/httpcodesresponse.go:153.2,153.12 1 5
github.com/vmware-tanzu/graph-framework-for-microservices/compiler/pkg/parser/rest/httpcodesresponse.go:131.25,132.54 1 4
github.com/vmware-tanzu/graph-framework-for-microservices/compiler/pkg/parser/rest/httpcodesresponse.go:147.25,148.45 1 1
github.com/vmware-tanzu/graph-framework-for-microservices/compiler/pkg/parser/rest/httpcodesresponse.go:132.54,133.40 1 4
github.com/vmware-tanzu/graph-framework-for-microservices/compiler/pkg/parser/rest/httpcodesresponse.go:134.23,136.19 2 3
github.com/vmware-tanzu/graph-framework-for-microservices/compiler/pkg/parser/rest/httpcodesresponse.go:139.5,139.33 1 3
github.com/vmware-tanzu/graph-framework-for-microservices/compiler/pkg/parser/rest/httpcodesresponse.go:140.23,141.69 1 1
github.com/vmware-tanzu/graph-framework-for-microservices/compiler/pkg/parser/rest/httpcodesresponse.go:136.19,137.16 1 0
github.com/vmware-tanzu/graph-framework-for-microservices/compiler/pkg/parser/rest/httpcodesresponse.go:141.69,144.6 2 1
github.com/vmware-tanzu/graph-framework-for-microservices/compiler/pkg/parser/rest/httpcodesresponse.go:148.45,150.4 1 1
