mode: atomic
github.com/vmware-tanzu/graph-framework-for-microservices/compiler/pkg/parser/rest/rest.go:19.119,24.27 3 1
github.com/vmware-tanzu/graph-framework-for-microservices/compiler/pkg/parser/rest/rest.go:29.2,29.27 1 1
github.com/vmware-tanzu/graph-framework-for-microservices/compiler/pkg/parser/rest/rest.go:33.2,33.23 1 1
github.com/vmware-tanzu/graph-framework-for-microservices/compiler/pkg/parser/rest/rest.go:24.27,26.3 1 5
github.com/vmware-tanzu/graph-framework-for-microservices/compiler/pkg/parser/rest/rest.go:29.27,31.3 1 5
github.com/vmware-tanzu/graph-framework-for-microservices/compiler/pkg/parser/rest/apispec.go:15.118,18.68 2 1
github.com/vmware-tanzu/graph-framework-for-microservices/compiler/pkg/parser/rest/apispec.go:32.2,32.17 1 1
github.com/vmware-tanzu/graph-framework-for-microservices/compiler/pkg/parser/rest/apispec.go:18.68,20.39 2 2
github.com/vmware-tanzu/graph-framework-for-microservices/compiler/pkg/parser/rest/apispec.go:29.3,29.32 1 2
github.com/vmware-tanzu/graph-framework-for-microservices/compiler/pkg/parser/rest/apispec.go:20.39,23.60 2 2
github.com/vmware-tanzu/graph-framework-for-microservices/compiler/pkg/parser/rest/apispec.go:23.60,26.5 2 6
github.com/vmware-tanzu/graph-framework-for-microservices/compiler/pkg/parser/rest/apispec.go:35.163,37.31 2 6
github.com/vmware-tanzu/graph-framework-for-microservices/compiler/pkg/parser/rest/apispec.go:54.2,54.16 1 6
github.com/vmware-tanzu/graph-framework-for-microservices/compiler/pkg/parser/rest/apispec.go:37.31,40.35 2 18
github.com/vmware-tanzu/graph-framework-for-microservices/compiler/pkg/parser/rest/apispec.go:41.14,43.18 2 6
github.com/vmware-tanzu/graph-framework-for-microservices/compiler/pkg/parser/rest/apispec.go:46.4,46.21 1 6
github.com/vmware-tanzu/graph-framework-for-microservices/compiler/pkg/parser/rest/apispec.go:47.22,48.55 1 6
github.com/vmware-tanzu/graph-framework-for-microservices/compiler/pkg/parser/rest/apispec.go:49.18,50.71 1 6
github.com/vmware-tanzu/graph-framework-for-microservices/compiler/pkg/parser/rest/apispec.go:43.18,45.5 1 0
github.com/vmware-tanzu/graph-framework-for-microservices/compiler/pkg/parser/rest/apispec.go:57.179,58.37 1 6
github.com/vmware-tanzu/graph-framework-for-microservices/compiler/pkg/parser/rest/apispec.go:73.2,73.12 1 0
github.com/vmware-tanzu/graph-framework-for-microservices/compiler/pkg/parser/rest/apispec.go:59.18,60.31 1 2
github.com/vmware-tanzu/graph-framework-for-microservices/compiler/pkg/parser/rest/apispec.go:61.25,62.39 1 4
github.com/vmware-tanzu/graph-framework-for-microservices/compiler/pkg/parser/rest/apispec.go:63.25,65.32 2 0
github.com/vmware-tanzu/graph-framework-for-microservices/compiler/pkg/parser/rest/apispec.go:71.3,71.13 1 0
github.com/vmware-tanzu/graph-framework-for-microservices/compiler/pkg/parser/rest/apispec.go:65.32,70.4 4 0
github.com/vmware-tanzu/graph-framework-for-microservices/compiler/pkg/parser/rest/apispec.go:76.63,78.32 2 6
github.com/vmware-tanzu/graph-framework-for-microservices/compiler/pkg/parser/rest/apispec.go:90.2,90.15 1 6
github.com/vmware-tanzu/graph-framework-for-microservices/compiler/pkg/parser/rest/apispec.go:79.25,80.30 1 6
github.com/vmware-tanzu/graph-framework-for-microservices/compiler/pkg/parser/rest/apispec.go:80.30,84.18 3 7
github.com/vmware-tanzu/graph-framework-for-microservices/compiler/pkg/parser/rest/apispec.go:87.4,87.34 1 7
github.com/vmware-tanzu/graph-framework-for-microservices/compiler/pkg/parser/rest/apispec.go:84.18,86.5 1 0
github.com/vmware-tanzu/graph-framework-for-microservices/compiler/pkg/parser/rest/apispec.go:93.110,97.35 3 2
github.com/vmware-tanzu/graph-framework-for-microservices/compiler/pkg/parser/rest/apispec.go:97.35,100.39 2 2
github.com/vmware-tanzu/graph-framework-for-microservices/compiler/pkg/parser/rest/apispec.go:108.3,108.103 1 2
github.com/vmware-tanzu/graph-framework-for-microservices/compiler/pkg/parser/rest/apispec.go:112.3,112.47 1 2
github.com/vmware-tanzu/graph-framework-for-microservices/compiler/pkg/parser/rest/apispec.go:100.39,101.104 1 2
github.com/vmware-tanzu/graph-framework-for-microservices/compiler/pkg/parser/rest/apispec.go:101.104,103.5 1 1
github.com/vmware-tanzu/graph-framework-for-microservices/compiler/pkg/parser/rest/apispec.go:108.103,110.4 1 0
github.com/vmware-tanzu/graph-framework-for-microservices/compiler/pkg/parser/rest/apispec.go:112.47,116.35 3 4
github.com/vmware-tanzu/graph-framework-for-microservices/compiler/pkg/parser/rest/apispec.go:120.4,120.88 1 2
github.com/vmware-tanzu/graph-framework-for-microservices/compiler/pkg/parser/rest/apispec.go:124.4,124.90 1 2
github.com/vmware-tanzu/graph-framework-for-microservices/compiler/pkg/parser/rest/apispec.go:116.35,117.13 1 2
github.com/vmware-tanzu/graph-framework-for-microservices/compiler/pkg/parser/rest/apispec.go:120.88,122.5 1 0
github.com/vmware-tanzu/graph-framework-for-microservices/compiler/pkg/parser/rest/apispec.go:124.90,126.5 1 0
github.com/vmware-tanzu/graph-framework-for-microservices/compiler/pkg/parser/rest/apispec.go:131.53,132.27 1 8
github.com/vmware-tanzu/graph-framework-for-microservices/compiler/pkg/parser/rest/apispec.go:138.2,138.14 1 6
github.com/vmware-tanzu/graph-framework-for-microservices/compiler/pkg/parser/rest/apispec.go:132.27,133.19 1 4
github.com/vmware-tanzu/graph-framework-for-microservices/compiler/pkg/parser/rest/apispec.go:133.19,135.4 1 2
github.com/vmware-tanzu/graph-framework-for-microservices/compiler/pkg/parser/rest/apispec.go:141.57,142.27 1 4
github.com/vmware-tanzu/graph-framework-for-microservices/compiler/pkg/parser/rest/apispec.go:148.2,148.14 1 2
github.com/vmware-tanzu/graph-framework-for-microservices/compiler/pkg/parser/rest/apispec.go:142.27,143.16 1 4
github.com/vmware-tanzu/graph-framework-for-microservices/compiler/pkg/parser/rest/apispec.go:143.16,145.4 1 2
github.com/vmware-tanzu/graph-framework-for-microservices/compiler/pkg/parser/rest/httpcodesresponse.go:79.130,80.74 1 5
github.com/vmware-tanzu/graph-framework-for-microservices/compiler/pkg/parser/rest/httpcodesresponse.go:83.2,83.21 1 5
github.com/vmware-tanzu/graph-framework-for-microservices/compiler/pkg/parser/rest/httpcodesresponse.go:80.74,82.3 1 2
github.com/vmware-tanzu/graph-framework-for-microservices/compiler/pkg/parser/rest/httpcodesresponse.go:86.78,88.31 2 3
github.com/vmware-tanzu/graph-framework-for-microservices/compiler/pkg/parser/rest/httpcodesresponse.go:95.2,95.17 1 3
github.com/vmware-tanzu/graph-framework-for-microservices/compiler/pkg/parser/rest/httpcodesresponse.go:88.31,93.3 4 5
github.com/vmware-tanzu/graph-framework-for-microservices/compiler/pkg/parser/rest/httpcodesresponse.go:98.59,99.25 1 5
github.com/vmware-tanzu/graph-framework-for-microservices/compiler/pkg/parser/rest/httpcodesresponse.go:108.2,108.10 1 0
github.com/vmware-tanzu/graph-framework-for-microservices/compiler/pkg/parser/rest/httpcodesresponse.go:100.25,101.47 1 5
github.com/vmware-tanzu/graph-framework-for-microservices/compiler/pkg/parser/rest/httpcodesresponse.go:105.3,105.61 1 4
github.com/vmware-tanzu/graph-framework-for-microservices/compiler/pkg/parser/rest/httpcodesresponse.go:101.47,103.4 1 1
github.com/vmware-tanzu/graph-framework-for-microservices/compiler/pkg/parser/rest/httpcodesresponse.go:111.63,113.29 2 5
github.com/vmware-tanzu/graph-framework-for-microservices/compiler/pkg/parser/rest/httpcodesresponse.go:136.2,136.12 1 5
github.com/vmware-tanzu/graph-framework-for-microservices/compiler/pkg/parser/rest/httpcodesresponse.go:114.25,115.54 1 4
github.com/vmware-tanzu/graph-framework-for-microservices/compiler/pkg/parser/rest/httpcodesresponse.go:130.25,131.45 1 1
github.com/vmware-tanzu/graph-framework-for-microservices/compiler/pkg/parser/rest/httpcodesresponse.go:115.54,116.40 1 4
github.com/vmware-tanzu/graph-framework-for-microservices/compiler/pkg/parser/rest/httpcodesresponse.go:117.23,119.19 2 3
github.com/vmware-tanzu/graph-framework-for-microservices/compiler/pkg/parser/rest/httpcodesresponse.go:122.5,122.33 1 3
github.com/vmware-tanzu/graph-framework-for-microservices/compiler/pkg/parser/rest/httpcodesresponse.go:123.23,124.69 1 1
github.com/vmware-tanzu/graph-framework-for-microservices/compiler/pkg/parser/rest/httpcodesresponse.go:119.19,120.16 1 0
github.com/vmware-tanzu/graph-framework-for-microservices/compiler/pkg/parser/rest/httpcodesresponse.go:124.69,127.6 2 1
github.com/vmware-tanzu/graph-framework-for-microservices/compiler/pkg/parser/rest/httpcodesresponse.go:131.45,133.4 1 1
github.com/vmware-tanzu/graph-framework-for-microservices/compiler/pkg/parser/rest/httpmethodsresponses.go:24.184,25.37 1 5
github.com/vmware-tanzu/graph-framework-for-microservices/compiler/pkg/parser/rest/httpmethodsresponses.go:51.2,51.21 1 5
github.com/vmware-tanzu/graph-framework-for-microservices/compiler/pkg/parser/rest/httpmethodsresponses.go:25.37,26.38 1 98
github.com/vmware-tanzu/graph-framework-for-microservices/compiler/pkg/parser/rest/httpmethodsresponses.go:26.38,27.50 1 120
github.com/vmware-tanzu/graph-framework-for-microservices/compiler/pkg/parser/rest/httpmethodsresponses.go:27.50,28.42 1 30
github.com/vmware-tanzu/graph-framework-for-microservices/compiler/pkg/parser/rest/httpmethodsresponses.go:31.5,33.65 2 29
github.com/vmware-tanzu/graph-framework-for-microservices/compiler/pkg/parser/rest/httpmethodsresponses.go:28.42,29.14 1 1
github.com/vmware-tanzu/graph-framework-for-microservices/compiler/pkg/parser/rest/httpmethodsresponses.go:33.65,34.70 1 9
github.com/vmware-tanzu/graph-framework-for-microservices/compiler/pkg/parser/rest/httpmethodsresponses.go:38.6,39.37 2 3
github.com/vmware-tanzu/graph-framework-for-microservices/compiler/pkg/parser/rest/httpmethodsresponses.go:45.6,45.35 1 3
github.com/vmware-tanzu/graph-framework-for-microservices/compiler/pkg/parser/rest/httpmethodsresponses.go:34.70,35.15 1 6
github.com/vmware-tanzu/graph-framework-for-microservices/compiler/pkg/parser/rest/httpmethodsresponses.go:39.37,44.7 4 3
github.com/vmware-tanzu/graph-framework-for-microservices/compiler/pkg/parser/rest/httpmethodsresponses.go:54.59,55.25 1 3
github.com/vmware-tanzu/graph-framework-for-microservices/compiler/pkg/parser/rest/httpmethodsresponses.go:60.2,60.11 1 0
github.com/vmware-tanzu/graph-framework-for-microservices/compiler/pkg/parser/rest/httpmethodsresponses.go:56.25,57.55 1 3
github.com/vmware-tanzu/graph-framework-for-microservices/compiler/pkg/parser/rest/httpmethodsresponses.go:63.116,64.29 1 3
github.com/vmware-tanzu/graph-framework-for-microservices/compiler/pkg/parser/rest/httpmethodsresponses.go:73.2,73.12 1 0
github.com/vmware-tanzu/graph-framework-for-microservices/compiler/pkg/parser/rest/httpmethodsresponses.go:65.18,66.33 1 2
github.com/vmware-tanzu/graph-framework-for-microservices/compiler/pkg/parser/rest/httpmethodsresponses.go:67.25,68.37 1 0
github.com/vmware-tanzu/graph-framework-for-microservices/compiler/pkg/parser/rest/httpmethodsresponses.go:69.25,70.39 1 1
