mode: atomic
gitlab.eng.vmware.com/nexus/compiler/pkg/crd-generator/template_renderers.go:33.107,35.27 2 0
gitlab.eng.vmware.com/nexus/compiler/pkg/crd-generator/template_renderers.go:93.2,97.16 5 0
gitlab.eng.vmware.com/nexus/compiler/pkg/crd-generator/template_renderers.go:100.2,100.12 1 0
gitlab.eng.vmware.com/nexus/compiler/pkg/crd-generator/template_renderers.go:35.27,42.17 7 0
gitlab.eng.vmware.com/nexus/compiler/pkg/crd-generator/template_renderers.go:45.3,46.17 2 0
gitlab.eng.vmware.com/nexus/compiler/pkg/crd-generator/template_renderers.go:49.3,51.17 3 0
gitlab.eng.vmware.com/nexus/compiler/pkg/crd-generator/template_renderers.go:54.3,55.17 2 0
gitlab.eng.vmware.com/nexus/compiler/pkg/crd-generator/template_renderers.go:58.3,60.17 3 0
gitlab.eng.vmware.com/nexus/compiler/pkg/crd-generator/template_renderers.go:63.3,64.17 2 0
gitlab.eng.vmware.com/nexus/compiler/pkg/crd-generator/template_renderers.go:67.3,69.17 3 0
gitlab.eng.vmware.com/nexus/compiler/pkg/crd-generator/template_renderers.go:72.3,73.17 2 0
gitlab.eng.vmware.com/nexus/compiler/pkg/crd-generator/template_renderers.go:76.3,78.17 3 0
gitlab.eng.vmware.com/nexus/compiler/pkg/crd-generator/template_renderers.go:81.3,82.17 2 0
gitlab.eng.vmware.com/nexus/compiler/pkg/crd-generator/template_renderers.go:85.3,85.30 1 0
gitlab.eng.vmware.com/nexus/compiler/pkg/crd-generator/template_renderers.go:42.17,44.4 1 0
gitlab.eng.vmware.com/nexus/compiler/pkg/crd-generator/template_renderers.go:46.17,48.4 1 0
gitlab.eng.vmware.com/nexus/compiler/pkg/crd-generator/template_renderers.go:51.17,53.4 1 0
gitlab.eng.vmware.com/nexus/compiler/pkg/crd-generator/template_renderers.go:55.17,57.4 1 0
gitlab.eng.vmware.com/nexus/compiler/pkg/crd-generator/template_renderers.go:60.17,62.4 1 0
gitlab.eng.vmware.com/nexus/compiler/pkg/crd-generator/template_renderers.go:64.17,66.4 1 0
gitlab.eng.vmware.com/nexus/compiler/pkg/crd-generator/template_renderers.go:69.17,71.4 1 0
gitlab.eng.vmware.com/nexus/compiler/pkg/crd-generator/template_renderers.go:73.17,75.4 1 0
gitlab.eng.vmware.com/nexus/compiler/pkg/crd-generator/template_renderers.go:78.17,80.4 1 0
gitlab.eng.vmware.com/nexus/compiler/pkg/crd-generator/template_renderers.go:82.17,84.4 1 0
gitlab.eng.vmware.com/nexus/compiler/pkg/crd-generator/template_renderers.go:85.30,88.18 3 0
gitlab.eng.vmware.com/nexus/compiler/pkg/crd-generator/template_renderers.go:88.18,90.5 1 0
gitlab.eng.vmware.com/nexus/compiler/pkg/crd-generator/template_renderers.go:97.16,99.3 1 0
gitlab.eng.vmware.com/nexus/compiler/pkg/crd-generator/template_renderers.go:103.41,105.16 2 0
gitlab.eng.vmware.com/nexus/compiler/pkg/crd-generator/template_renderers.go:108.2,108.12 1 0
gitlab.eng.vmware.com/nexus/compiler/pkg/crd-generator/template_renderers.go:105.16,107.3 1 0
gitlab.eng.vmware.com/nexus/compiler/pkg/crd-generator/template_renderers.go:111.93,114.16 3 0
gitlab.eng.vmware.com/nexus/compiler/pkg/crd-generator/template_renderers.go:120.2,121.16 2 0
gitlab.eng.vmware.com/nexus/compiler/pkg/crd-generator/template_renderers.go:124.2,124.12 1 0
gitlab.eng.vmware.com/nexus/compiler/pkg/crd-generator/template_renderers.go:114.16,116.17 2 0
gitlab.eng.vmware.com/nexus/compiler/pkg/crd-generator/template_renderers.go:116.17,118.4 1 0
gitlab.eng.vmware.com/nexus/compiler/pkg/crd-generator/template_renderers.go:121.16,123.3 1 0
gitlab.eng.vmware.com/nexus/compiler/pkg/crd-generator/template_renderers.go:127.71,129.2 1 6
gitlab.eng.vmware.com/nexus/compiler/pkg/crd-generator/template_renderers.go:131.87,132.17 1 11
gitlab.eng.vmware.com/nexus/compiler/pkg/crd-generator/template_renderers.go:135.2,137.47 2 11
gitlab.eng.vmware.com/nexus/compiler/pkg/crd-generator/template_renderers.go:142.2,142.16 1 11
gitlab.eng.vmware.com/nexus/compiler/pkg/crd-generator/template_renderers.go:132.17,134.3 1 0
gitlab.eng.vmware.com/nexus/compiler/pkg/crd-generator/template_renderers.go:137.47,140.3 2 0
gitlab.eng.vmware.com/nexus/compiler/pkg/crd-generator/template_renderers.go:151.89,158.52 2 1
gitlab.eng.vmware.com/nexus/compiler/pkg/crd-generator/template_renderers.go:162.2,163.16 2 1
gitlab.eng.vmware.com/nexus/compiler/pkg/crd-generator/template_renderers.go:167.2,167.42 1 1
gitlab.eng.vmware.com/nexus/compiler/pkg/crd-generator/template_renderers.go:158.52,160.3 1 0
gitlab.eng.vmware.com/nexus/compiler/pkg/crd-generator/template_renderers.go:163.16,165.3 1 0
gitlab.eng.vmware.com/nexus/compiler/pkg/crd-generator/template_renderers.go:175.99,182.52 3 1
gitlab.eng.vmware.com/nexus/compiler/pkg/crd-generator/template_renderers.go:186.2,187.16 2 1
gitlab.eng.vmware.com/nexus/compiler/pkg/crd-generator/template_renderers.go:191.2,191.52 1 1
gitlab.eng.vmware.com/nexus/compiler/pkg/crd-generator/template_renderers.go:182.52,184.3 1 0
gitlab.eng.vmware.com/nexus/compiler/pkg/crd-generator/template_renderers.go:187.16,189.3 1 0
gitlab.eng.vmware.com/nexus/compiler/pkg/crd-generator/template_renderers.go:201.112,203.43 2 1
gitlab.eng.vmware.com/nexus/compiler/pkg/crd-generator/template_renderers.go:207.2,218.30 3 1
gitlab.eng.vmware.com/nexus/compiler/pkg/crd-generator/template_renderers.go:222.2,223.16 2 1
gitlab.eng.vmware.com/nexus/compiler/pkg/crd-generator/template_renderers.go:226.2,226.50 1 1
gitlab.eng.vmware.com/nexus/compiler/pkg/crd-generator/template_renderers.go:203.43,205.3 1 2
gitlab.eng.vmware.com/nexus/compiler/pkg/crd-generator/template_renderers.go:218.30,220.3 1 0
gitlab.eng.vmware.com/nexus/compiler/pkg/crd-generator/template_renderers.go:223.16,225.3 1 0
gitlab.eng.vmware.com/nexus/compiler/pkg/crd-generator/template_renderers.go:236.69,244.16 7 1
gitlab.eng.vmware.com/nexus/compiler/pkg/crd-generator/template_renderers.go:248.2,249.16 2 1
gitlab.eng.vmware.com/nexus/compiler/pkg/crd-generator/template_renderers.go:253.2,254.16 2 1
gitlab.eng.vmware.com/nexus/compiler/pkg/crd-generator/template_renderers.go:258.2,258.34 1 1
gitlab.eng.vmware.com/nexus/compiler/pkg/crd-generator/template_renderers.go:244.16,246.3 1 0
gitlab.eng.vmware.com/nexus/compiler/pkg/crd-generator/template_renderers.go:249.16,251.3 1 0
gitlab.eng.vmware.com/nexus/compiler/pkg/crd-generator/template_renderers.go:254.16,256.3 1 0
gitlab.eng.vmware.com/nexus/compiler/pkg/crd-generator/template_renderers.go:275.93,277.43 2 1
gitlab.eng.vmware.com/nexus/compiler/pkg/crd-generator/template_renderers.go:323.2,323.18 1 1
gitlab.eng.vmware.com/nexus/compiler/pkg/crd-generator/template_renderers.go:277.43,283.40 6 2
gitlab.eng.vmware.com/nexus/compiler/pkg/crd-generator/template_renderers.go:291.3,306.31 2 2
gitlab.eng.vmware.com/nexus/compiler/pkg/crd-generator/template_renderers.go:309.3,310.17 2 2
gitlab.eng.vmware.com/nexus/compiler/pkg/crd-generator/template_renderers.go:313.3,314.17 2 2
gitlab.eng.vmware.com/nexus/compiler/pkg/crd-generator/template_renderers.go:317.3,321.27 2 2
gitlab.eng.vmware.com/nexus/compiler/pkg/crd-generator/template_renderers.go:283.40,285.4 1 2
gitlab.eng.vmware.com/nexus/compiler/pkg/crd-generator/template_renderers.go:285.9,285.47 1 0
gitlab.eng.vmware.com/nexus/compiler/pkg/crd-generator/template_renderers.go:285.47,287.4 1 0
gitlab.eng.vmware.com/nexus/compiler/pkg/crd-generator/template_renderers.go:287.9,289.4 1 0
gitlab.eng.vmware.com/nexus/compiler/pkg/crd-generator/template_renderers.go:306.31,308.4 1 0
gitlab.eng.vmware.com/nexus/compiler/pkg/crd-generator/template_renderers.go:310.17,312.4 1 0
gitlab.eng.vmware.com/nexus/compiler/pkg/crd-generator/template_renderers.go:314.17,316.4 1 0
gitlab.eng.vmware.com/nexus/compiler/pkg/crd-generator/types_generator.go:21.50,23.43 2 1
gitlab.eng.vmware.com/nexus/compiler/pkg/crd-generator/types_generator.go:27.2,27.15 1 1
gitlab.eng.vmware.com/nexus/compiler/pkg/crd-generator/types_generator.go:23.43,25.3 1 2
gitlab.eng.vmware.com/nexus/compiler/pkg/crd-generator/types_generator.go:30.46,37.2 5 2
gitlab.eng.vmware.com/nexus/compiler/pkg/crd-generator/types_generator.go:39.55,47.39 3 2
gitlab.eng.vmware.com/nexus/compiler/pkg/crd-generator/types_generator.go:51.2,53.24 3 2
gitlab.eng.vmware.com/nexus/compiler/pkg/crd-generator/types_generator.go:58.2,59.18 2 2
gitlab.eng.vmware.com/nexus/compiler/pkg/crd-generator/types_generator.go:63.2,74.16 3 2
gitlab.eng.vmware.com/nexus/compiler/pkg/crd-generator/types_generator.go:77.2,78.16 2 2
gitlab.eng.vmware.com/nexus/compiler/pkg/crd-generator/types_generator.go:81.2,81.19 1 2
gitlab.eng.vmware.com/nexus/compiler/pkg/crd-generator/types_generator.go:47.39,49.3 1 1
gitlab.eng.vmware.com/nexus/compiler/pkg/crd-generator/types_generator.go:53.24,56.3 2 1
gitlab.eng.vmware.com/nexus/compiler/pkg/crd-generator/types_generator.go:59.18,61.3 1 0
gitlab.eng.vmware.com/nexus/compiler/pkg/crd-generator/types_generator.go:74.16,76.3 1 0
gitlab.eng.vmware.com/nexus/compiler/pkg/crd-generator/types_generator.go:78.16,80.3 1 0
gitlab.eng.vmware.com/nexus/compiler/pkg/crd-generator/types_generator.go:84.63,87.15 3 6
gitlab.eng.vmware.com/nexus/compiler/pkg/crd-generator/types_generator.go:91.2,92.49 2 6
gitlab.eng.vmware.com/nexus/compiler/pkg/crd-generator/types_generator.go:101.2,101.33 1 6
gitlab.eng.vmware.com/nexus/compiler/pkg/crd-generator/types_generator.go:87.15,89.3 1 3
gitlab.eng.vmware.com/nexus/compiler/pkg/crd-generator/types_generator.go:92.49,94.43 2 3
gitlab.eng.vmware.com/nexus/compiler/pkg/crd-generator/types_generator.go:94.43,96.4 1 3
gitlab.eng.vmware.com/nexus/compiler/pkg/crd-generator/types_generator.go:96.9,98.4 1 0
gitlab.eng.vmware.com/nexus/compiler/pkg/crd-generator/types_generator.go:104.50,112.40 2 2
gitlab.eng.vmware.com/nexus/compiler/pkg/crd-generator/types_generator.go:115.2,121.51 3 1
gitlab.eng.vmware.com/nexus/compiler/pkg/crd-generator/types_generator.go:132.2,132.52 1 1
gitlab.eng.vmware.com/nexus/compiler/pkg/crd-generator/types_generator.go:145.2,145.50 1 1
gitlab.eng.vmware.com/nexus/compiler/pkg/crd-generator/types_generator.go:158.2,159.16 2 1
gitlab.eng.vmware.com/nexus/compiler/pkg/crd-generator/types_generator.go:162.2,163.16 2 1
gitlab.eng.vmware.com/nexus/compiler/pkg/crd-generator/types_generator.go:166.2,166.19 1 1
gitlab.eng.vmware.com/nexus/compiler/pkg/crd-generator/types_generator.go:112.40,114.3 1 1
gitlab.eng.vmware.com/nexus/compiler/pkg/crd-generator/types_generator.go:121.51,123.17 2 3
gitlab.eng.vmware.com/nexus/compiler/pkg/crd-generator/types_generator.go:126.3,129.60 4 3
gitlab.eng.vmware.com/nexus/compiler/pkg/crd-generator/types_generator.go:123.17,125.4 1 0
gitlab.eng.vmware.com/nexus/compiler/pkg/crd-generator/types_generator.go:132.52,134.17 2 2
gitlab.eng.vmware.com/nexus/compiler/pkg/crd-generator/types_generator.go:137.3,137.31 1 2
gitlab.eng.vmware.com/nexus/compiler/pkg/crd-generator/types_generator.go:142.3,142.59 1 2
gitlab.eng.vmware.com/nexus/compiler/pkg/crd-generator/types_generator.go:134.17,135.12 1 0
gitlab.eng.vmware.com/nexus/compiler/pkg/crd-generator/types_generator.go:137.31,139.4 1 1
gitlab.eng.vmware.com/nexus/compiler/pkg/crd-generator/types_generator.go:139.9,141.4 1 1
gitlab.eng.vmware.com/nexus/compiler/pkg/crd-generator/types_generator.go:145.50,147.17 2 1
gitlab.eng.vmware.com/nexus/compiler/pkg/crd-generator/types_generator.go:150.3,150.30 1 1
gitlab.eng.vmware.com/nexus/compiler/pkg/crd-generator/types_generator.go:155.3,155.58 1 1
gitlab.eng.vmware.com/nexus/compiler/pkg/crd-generator/types_generator.go:147.17,149.4 1 0
gitlab.eng.vmware.com/nexus/compiler/pkg/crd-generator/types_generator.go:150.30,152.4 1 0
gitlab.eng.vmware.com/nexus/compiler/pkg/crd-generator/types_generator.go:152.9,154.4 1 1
gitlab.eng.vmware.com/nexus/compiler/pkg/crd-generator/types_generator.go:159.16,161.3 1 0
gitlab.eng.vmware.com/nexus/compiler/pkg/crd-generator/types_generator.go:163.16,165.3 1 0
gitlab.eng.vmware.com/nexus/compiler/pkg/crd-generator/types_generator.go:170.49,183.18 4 2
gitlab.eng.vmware.com/nexus/compiler/pkg/crd-generator/types_generator.go:186.2,187.16 2 2
gitlab.eng.vmware.com/nexus/compiler/pkg/crd-generator/types_generator.go:190.2,191.16 2 2
gitlab.eng.vmware.com/nexus/compiler/pkg/crd-generator/types_generator.go:194.2,194.19 1 2
gitlab.eng.vmware.com/nexus/compiler/pkg/crd-generator/types_generator.go:183.18,185.3 1 0
gitlab.eng.vmware.com/nexus/compiler/pkg/crd-generator/types_generator.go:187.16,189.3 1 0
gitlab.eng.vmware.com/nexus/compiler/pkg/crd-generator/types_generator.go:191.16,193.3 1 0
gitlab.eng.vmware.com/nexus/compiler/pkg/crd-generator/types_generator.go:197.53,199.38 2 1
gitlab.eng.vmware.com/nexus/compiler/pkg/crd-generator/types_generator.go:207.2,207.15 1 1
gitlab.eng.vmware.com/nexus/compiler/pkg/crd-generator/types_generator.go:199.38,201.17 2 2
gitlab.eng.vmware.com/nexus/compiler/pkg/crd-generator/types_generator.go:204.3,204.53 1 2
gitlab.eng.vmware.com/nexus/compiler/pkg/crd-generator/types_generator.go:201.17,203.4 1 0
gitlab.eng.vmware.com/nexus/compiler/pkg/crd-generator/types_generator.go:210.51,212.38 2 1
gitlab.eng.vmware.com/nexus/compiler/pkg/crd-generator/types_generator.go:220.2,220.15 1 1
gitlab.eng.vmware.com/nexus/compiler/pkg/crd-generator/types_generator.go:212.38,214.17 2 0
gitlab.eng.vmware.com/nexus/compiler/pkg/crd-generator/types_generator.go:217.3,217.21 1 0
gitlab.eng.vmware.com/nexus/compiler/pkg/crd-generator/types_generator.go:214.17,216.4 1 0
gitlab.eng.vmware.com/nexus/compiler/pkg/crd-generator/types_generator.go:223.53,225.45 2 1
gitlab.eng.vmware.com/nexus/compiler/pkg/crd-generator/types_generator.go:228.2,228.15 1 1
gitlab.eng.vmware.com/nexus/compiler/pkg/crd-generator/types_generator.go:225.45,227.3 1 3
