mode: atomic
github.com/vmware-tanzu/graph-framework-for-microservices/compiler/pkg/openapi_generator/generator.go:24.38,26.2 1 413
github.com/vmware-tanzu/graph-framework-for-microservices/compiler/pkg/openapi_generator/generator.go:31.66,32.55 1 472
github.com/vmware-tanzu/graph-framework-for-microservices/compiler/pkg/openapi_generator/generator.go:66.2,66.38 1 472
github.com/vmware-tanzu/graph-framework-for-microservices/compiler/pkg/openapi_generator/generator.go:71.2,72.33 2 472
github.com/vmware-tanzu/graph-framework-for-microservices/compiler/pkg/openapi_generator/generator.go:77.2,78.28 2 472
github.com/vmware-tanzu/graph-framework-for-microservices/compiler/pkg/openapi_generator/generator.go:32.55,35.31 2 6
github.com/vmware-tanzu/graph-framework-for-microservices/compiler/pkg/openapi_generator/generator.go:40.3,40.29 1 6
github.com/vmware-tanzu/graph-framework-for-microservices/compiler/pkg/openapi_generator/generator.go:35.31,39.4 3 4
github.com/vmware-tanzu/graph-framework-for-microservices/compiler/pkg/openapi_generator/generator.go:40.29,41.27 1 2
github.com/vmware-tanzu/graph-framework-for-microservices/compiler/pkg/openapi_generator/generator.go:41.27,42.35 1 2
github.com/vmware-tanzu/graph-framework-for-microservices/compiler/pkg/openapi_generator/generator.go:50.5,50.43 1 2
github.com/vmware-tanzu/graph-framework-for-microservices/compiler/pkg/openapi_generator/generator.go:42.35,43.47 1 1
github.com/vmware-tanzu/graph-framework-for-microservices/compiler/pkg/openapi_generator/generator.go:48.6,48.48 1 1
github.com/vmware-tanzu/graph-framework-for-microservices/compiler/pkg/openapi_generator/generator.go:43.47,47.7 3 1
github.com/vmware-tanzu/graph-framework-for-microservices/compiler/pkg/openapi_generator/generator.go:50.43,52.49 2 1
github.com/vmware-tanzu/graph-framework-for-microservices/compiler/pkg/openapi_generator/generator.go:61.6,61.42 1 1
github.com/vmware-tanzu/graph-framework-for-microservices/compiler/pkg/openapi_generator/generator.go:52.49,53.30 1 1
github.com/vmware-tanzu/graph-framework-for-microservices/compiler/pkg/openapi_generator/generator.go:58.7,59.23 2 1
github.com/vmware-tanzu/graph-framework-for-microservices/compiler/pkg/openapi_generator/generator.go:53.30,57.8 3 1
github.com/vmware-tanzu/graph-framework-for-microservices/compiler/pkg/openapi_generator/generator.go:66.38,70.3 3 53
github.com/vmware-tanzu/graph-framework-for-microservices/compiler/pkg/openapi_generator/generator.go:72.33,73.41 1 3
github.com/vmware-tanzu/graph-framework-for-microservices/compiler/pkg/openapi_generator/generator.go:73.41,75.4 1 3
github.com/vmware-tanzu/graph-framework-for-microservices/compiler/pkg/openapi_generator/generator.go:78.28,79.36 1 1
github.com/vmware-tanzu/graph-framework-for-microservices/compiler/pkg/openapi_generator/generator.go:79.36,81.4 1 1
github.com/vmware-tanzu/graph-framework-for-microservices/compiler/pkg/openapi_generator/generator.go:88.91,89.37 1 9
github.com/vmware-tanzu/graph-framework-for-microservices/compiler/pkg/openapi_generator/generator.go:92.2,93.43 2 9
github.com/vmware-tanzu/graph-framework-for-microservices/compiler/pkg/openapi_generator/generator.go:101.2,105.8 1 9
github.com/vmware-tanzu/graph-framework-for-microservices/compiler/pkg/openapi_generator/generator.go:89.37,91.3 1 396
github.com/vmware-tanzu/graph-framework-for-microservices/compiler/pkg/openapi_generator/generator.go:93.43,95.17 2 413
github.com/vmware-tanzu/graph-framework-for-microservices/compiler/pkg/openapi_generator/generator.go:98.3,99.50 2 413
github.com/vmware-tanzu/graph-framework-for-microservices/compiler/pkg/openapi_generator/generator.go:95.17,97.4 1 0
github.com/vmware-tanzu/graph-framework-for-microservices/compiler/pkg/openapi_generator/generator.go:108.77,110.16 2 415
github.com/vmware-tanzu/graph-framework-for-microservices/compiler/pkg/openapi_generator/generator.go:113.2,115.16 3 415
github.com/vmware-tanzu/graph-framework-for-microservices/compiler/pkg/openapi_generator/generator.go:118.2,119.41 2 415
github.com/vmware-tanzu/graph-framework-for-microservices/compiler/pkg/openapi_generator/generator.go:122.2,125.8 1 415
github.com/vmware-tanzu/graph-framework-for-microservices/compiler/pkg/openapi_generator/generator.go:110.16,112.3 1 0
github.com/vmware-tanzu/graph-framework-for-microservices/compiler/pkg/openapi_generator/generator.go:115.16,117.3 1 0
github.com/vmware-tanzu/graph-framework-for-microservices/compiler/pkg/openapi_generator/generator.go:119.41,121.3 1 9
github.com/vmware-tanzu/graph-framework-for-microservices/compiler/pkg/openapi_generator/generator.go:135.62,137.2 1 0
github.com/vmware-tanzu/graph-framework-for-microservices/compiler/pkg/openapi_generator/generator.go:141.54,143.2 1 1
github.com/vmware-tanzu/graph-framework-for-microservices/compiler/pkg/openapi_generator/generator.go:147.87,149.16 2 2
github.com/vmware-tanzu/graph-framework-for-microservices/compiler/pkg/openapi_generator/generator.go:152.2,153.12 2 2
github.com/vmware-tanzu/graph-framework-for-microservices/compiler/pkg/openapi_generator/generator.go:149.16,151.3 1 0
github.com/vmware-tanzu/graph-framework-for-microservices/compiler/pkg/openapi_generator/generator.go:158.41,159.41 1 9
github.com/vmware-tanzu/graph-framework-for-microservices/compiler/pkg/openapi_generator/generator.go:168.2,168.12 1 9
github.com/vmware-tanzu/graph-framework-for-microservices/compiler/pkg/openapi_generator/generator.go:159.41,160.22 1 415
github.com/vmware-tanzu/graph-framework-for-microservices/compiler/pkg/openapi_generator/generator.go:163.3,164.17 2 412
github.com/vmware-tanzu/graph-framework-for-microservices/compiler/pkg/openapi_generator/generator.go:160.22,161.12 1 3
github.com/vmware-tanzu/graph-framework-for-microservices/compiler/pkg/openapi_generator/generator.go:164.17,166.4 1 0
github.com/vmware-tanzu/graph-framework-for-microservices/compiler/pkg/openapi_generator/generator.go:171.61,173.24 2 421
github.com/vmware-tanzu/graph-framework-for-microservices/compiler/pkg/openapi_generator/generator.go:178.2,178.45 1 415
github.com/vmware-tanzu/graph-framework-for-microservices/compiler/pkg/openapi_generator/generator.go:185.2,187.64 2 415
github.com/vmware-tanzu/graph-framework-for-microservices/compiler/pkg/openapi_generator/generator.go:199.2,204.12 5 415
github.com/vmware-tanzu/graph-framework-for-microservices/compiler/pkg/openapi_generator/generator.go:173.24,175.3 1 6
github.com/vmware-tanzu/graph-framework-for-microservices/compiler/pkg/openapi_generator/generator.go:178.45,180.17 2 9
github.com/vmware-tanzu/graph-framework-for-microservices/compiler/pkg/openapi_generator/generator.go:180.17,182.4 1 0
github.com/vmware-tanzu/graph-framework-for-microservices/compiler/pkg/openapi_generator/generator.go:187.64,188.38 1 65
github.com/vmware-tanzu/graph-framework-for-microservices/compiler/pkg/openapi_generator/generator.go:192.3,193.54 2 65
github.com/vmware-tanzu/graph-framework-for-microservices/compiler/pkg/openapi_generator/generator.go:196.3,196.40 1 65
github.com/vmware-tanzu/graph-framework-for-microservices/compiler/pkg/openapi_generator/generator.go:188.38,191.4 2 28
github.com/vmware-tanzu/graph-framework-for-microservices/compiler/pkg/openapi_generator/generator.go:193.54,195.4 1 37
github.com/vmware-tanzu/graph-framework-for-microservices/compiler/pkg/openapi_generator/generator.go:207.59,210.9 3 443
github.com/vmware-tanzu/graph-framework-for-microservices/compiler/pkg/openapi_generator/generator.go:215.2,217.12 3 443
github.com/vmware-tanzu/graph-framework-for-microservices/compiler/pkg/openapi_generator/generator.go:210.9,214.3 2 0
github.com/vmware-tanzu/graph-framework-for-microservices/compiler/pkg/openapi_generator/generator.go:225.88,226.98 1 657
github.com/vmware-tanzu/graph-framework-for-microservices/compiler/pkg/openapi_generator/generator.go:230.2,230.27 1 657
github.com/vmware-tanzu/graph-framework-for-microservices/compiler/pkg/openapi_generator/generator.go:233.2,233.44 1 657
github.com/vmware-tanzu/graph-framework-for-microservices/compiler/pkg/openapi_generator/generator.go:237.2,237.25 1 657
github.com/vmware-tanzu/graph-framework-for-microservices/compiler/pkg/openapi_generator/generator.go:226.98,229.3 2 312
github.com/vmware-tanzu/graph-framework-for-microservices/compiler/pkg/openapi_generator/generator.go:230.27,232.3 1 33
github.com/vmware-tanzu/graph-framework-for-microservices/compiler/pkg/openapi_generator/generator.go:233.44,236.3 2 196
github.com/vmware-tanzu/graph-framework-for-microservices/compiler/pkg/openapi_generator/generator.go:237.25,238.33 1 14
github.com/vmware-tanzu/graph-framework-for-microservices/compiler/pkg/openapi_generator/generator.go:241.3,241.60 1 14
github.com/vmware-tanzu/graph-framework-for-microservices/compiler/pkg/openapi_generator/generator.go:238.33,240.4 1 8
github.com/vmware-tanzu/graph-framework-for-microservices/compiler/pkg/openapi_generator/generator.go:241.60,244.4 2 10
github.com/vmware-tanzu/graph-framework-for-microservices/compiler/pkg/openapi_generator/generator.go:250.83,253.54 3 478
github.com/vmware-tanzu/graph-framework-for-microservices/compiler/pkg/openapi_generator/generator.go:270.2,270.29 1 478
github.com/vmware-tanzu/graph-framework-for-microservices/compiler/pkg/openapi_generator/generator.go:273.2,273.26 1 478
github.com/vmware-tanzu/graph-framework-for-microservices/compiler/pkg/openapi_generator/generator.go:276.2,277.36 2 478
github.com/vmware-tanzu/graph-framework-for-microservices/compiler/pkg/openapi_generator/generator.go:283.2,283.28 1 478
github.com/vmware-tanzu/graph-framework-for-microservices/compiler/pkg/openapi_generator/generator.go:253.54,254.28 1 59
github.com/vmware-tanzu/graph-framework-for-microservices/compiler/pkg/openapi_generator/generator.go:266.3,268.51 3 59
github.com/vmware-tanzu/graph-framework-for-microservices/compiler/pkg/openapi_generator/generator.go:254.28,256.49 2 9
github.com/vmware-tanzu/graph-framework-for-microservices/compiler/pkg/openapi_generator/generator.go:256.49,258.44 2 2
github.com/vmware-tanzu/graph-framework-for-microservices/compiler/pkg/openapi_generator/generator.go:261.5,261.36 1 2
github.com/vmware-tanzu/graph-framework-for-microservices/compiler/pkg/openapi_generator/generator.go:258.44,260.6 1 6
github.com/vmware-tanzu/graph-framework-for-microservices/compiler/pkg/openapi_generator/generator.go:262.10,264.5 1 7
github.com/vmware-tanzu/graph-framework-for-microservices/compiler/pkg/openapi_generator/generator.go:270.29,272.3 1 6
github.com/vmware-tanzu/graph-framework-for-microservices/compiler/pkg/openapi_generator/generator.go:273.26,275.3 1 4
github.com/vmware-tanzu/graph-framework-for-microservices/compiler/pkg/openapi_generator/generator.go:277.36,278.31 1 5
github.com/vmware-tanzu/graph-framework-for-microservices/compiler/pkg/openapi_generator/generator.go:281.3,281.33 1 3
github.com/vmware-tanzu/graph-framework-for-microservices/compiler/pkg/openapi_generator/generator.go:278.31,279.12 1 2
github.com/vmware-tanzu/graph-framework-for-microservices/compiler/pkg/openapi_generator/generator.go:288.93,290.33 2 478
github.com/vmware-tanzu/graph-framework-for-microservices/compiler/pkg/openapi_generator/generator.go:301.2,302.28 2 478
github.com/vmware-tanzu/graph-framework-for-microservices/compiler/pkg/openapi_generator/generator.go:290.33,291.41 1 3
github.com/vmware-tanzu/graph-framework-for-microservices/compiler/pkg/openapi_generator/generator.go:291.41,292.46 1 3
github.com/vmware-tanzu/graph-framework-for-microservices/compiler/pkg/openapi_generator/generator.go:295.4,297.68 3 3
github.com/vmware-tanzu/graph-framework-for-microservices/compiler/pkg/openapi_generator/generator.go:292.46,294.5 1 0
github.com/vmware-tanzu/graph-framework-for-microservices/compiler/pkg/openapi_generator/generator.go:302.28,303.36 1 1
github.com/vmware-tanzu/graph-framework-for-microservices/compiler/pkg/openapi_generator/generator.go:303.36,304.41 1 1
github.com/vmware-tanzu/graph-framework-for-microservices/compiler/pkg/openapi_generator/generator.go:307.4,309.63 3 1
github.com/vmware-tanzu/graph-framework-for-microservices/compiler/pkg/openapi_generator/generator.go:304.41,306.5 1 0
github.com/vmware-tanzu/graph-framework-for-microservices/compiler/pkg/openapi_generator/generator.go:316.85,317.29 1 478
github.com/vmware-tanzu/graph-framework-for-microservices/compiler/pkg/openapi_generator/generator.go:317.29,320.37 1 6
github.com/vmware-tanzu/graph-framework-for-microservices/compiler/pkg/openapi_generator/generator.go:325.3,326.55 2 6
github.com/vmware-tanzu/graph-framework-for-microservices/compiler/pkg/openapi_generator/generator.go:333.3,333.44 1 6
github.com/vmware-tanzu/graph-framework-for-microservices/compiler/pkg/openapi_generator/generator.go:320.37,321.42 1 3
github.com/vmware-tanzu/graph-framework-for-microservices/compiler/pkg/openapi_generator/generator.go:321.42,323.5 1 1
github.com/vmware-tanzu/graph-framework-for-microservices/compiler/pkg/openapi_generator/generator.go:326.55,327.25 1 5
github.com/vmware-tanzu/graph-framework-for-microservices/compiler/pkg/openapi_generator/generator.go:331.4,331.56 1 2
github.com/vmware-tanzu/graph-framework-for-microservices/compiler/pkg/openapi_generator/generator.go:327.25,329.13 2 3
github.com/vmware-tanzu/graph-framework-for-microservices/compiler/pkg/openapi_generator/generator.go:337.57,338.87 1 9
github.com/vmware-tanzu/graph-framework-for-microservices/compiler/pkg/openapi_generator/generator.go:338.87,339.17 1 18
github.com/vmware-tanzu/graph-framework-for-microservices/compiler/pkg/openapi_generator/generator.go:343.3,343.19 1 18
github.com/vmware-tanzu/graph-framework-for-microservices/compiler/pkg/openapi_generator/generator.go:348.3,349.17 2 9
github.com/vmware-tanzu/graph-framework-for-microservices/compiler/pkg/openapi_generator/generator.go:353.3,355.30 3 9
github.com/vmware-tanzu/graph-framework-for-microservices/compiler/pkg/openapi_generator/generator.go:379.3,380.17 2 9
github.com/vmware-tanzu/graph-framework-for-microservices/compiler/pkg/openapi_generator/generator.go:383.3,384.28 2 9
github.com/vmware-tanzu/graph-framework-for-microservices/compiler/pkg/openapi_generator/generator.go:403.3,403.13 1 9
github.com/vmware-tanzu/graph-framework-for-microservices/compiler/pkg/openapi_generator/generator.go:339.17,341.4 1 0
github.com/vmware-tanzu/graph-framework-for-microservices/compiler/pkg/openapi_generator/generator.go:343.19,346.4 2 9
github.com/vmware-tanzu/graph-framework-for-microservices/compiler/pkg/openapi_generator/generator.go:349.17,351.4 1 0
github.com/vmware-tanzu/graph-framework-for-microservices/compiler/pkg/openapi_generator/generator.go:355.30,356.18 1 19
github.com/vmware-tanzu/graph-framework-for-microservices/compiler/pkg/openapi_generator/generator.go:359.4,361.18 3 10
github.com/vmware-tanzu/graph-framework-for-microservices/compiler/pkg/openapi_generator/generator.go:366.4,366.35 1 10
github.com/vmware-tanzu/graph-framework-for-microservices/compiler/pkg/openapi_generator/generator.go:371.4,373.18 3 10
github.com/vmware-tanzu/graph-framework-for-microservices/compiler/pkg/openapi_generator/generator.go:376.4,376.28 1 10
github.com/vmware-tanzu/graph-framework-for-microservices/compiler/pkg/openapi_generator/generator.go:356.18,357.13 1 9
github.com/vmware-tanzu/graph-framework-for-microservices/compiler/pkg/openapi_generator/generator.go:361.18,363.5 1 0
github.com/vmware-tanzu/graph-framework-for-microservices/compiler/pkg/openapi_generator/generator.go:366.35,368.5 1 0
github.com/vmware-tanzu/graph-framework-for-microservices/compiler/pkg/openapi_generator/generator.go:373.18,375.5 1 0
github.com/vmware-tanzu/graph-framework-for-microservices/compiler/pkg/openapi_generator/generator.go:380.17,382.4 1 0
github.com/vmware-tanzu/graph-framework-for-microservices/compiler/pkg/openapi_generator/generator.go:384.28,386.22 1 29
github.com/vmware-tanzu/graph-framework-for-microservices/compiler/pkg/openapi_generator/generator.go:389.4,391.18 3 10
github.com/vmware-tanzu/graph-framework-for-microservices/compiler/pkg/openapi_generator/generator.go:394.4,395.18 2 10
github.com/vmware-tanzu/graph-framework-for-microservices/compiler/pkg/openapi_generator/generator.go:398.4,399.18 2 10
github.com/vmware-tanzu/graph-framework-for-microservices/compiler/pkg/openapi_generator/generator.go:386.22,387.13 1 19
github.com/vmware-tanzu/graph-framework-for-microservices/compiler/pkg/openapi_generator/generator.go:391.18,393.5 1 0
github.com/vmware-tanzu/graph-framework-for-microservices/compiler/pkg/openapi_generator/generator.go:395.18,397.5 1 0
github.com/vmware-tanzu/graph-framework-for-microservices/compiler/pkg/openapi_generator/generator.go:399.18,401.5 1 0
github.com/vmware-tanzu/graph-framework-for-microservices/compiler/pkg/openapi_generator/generator.go:407.99,411.48 4 10
github.com/vmware-tanzu/graph-framework-for-microservices/compiler/pkg/openapi_generator/generator.go:418.2,423.38 2 10
github.com/vmware-tanzu/graph-framework-for-microservices/compiler/pkg/openapi_generator/generator.go:426.2,432.12 4 10
github.com/vmware-tanzu/graph-framework-for-microservices/compiler/pkg/openapi_generator/generator.go:411.48,414.47 1 3
github.com/vmware-tanzu/graph-framework-for-microservices/compiler/pkg/openapi_generator/generator.go:414.47,416.4 1 0
github.com/vmware-tanzu/graph-framework-for-microservices/compiler/pkg/openapi_generator/generator.go:423.38,425.3 1 1
github.com/vmware-tanzu/graph-framework-for-microservices/compiler/pkg/openapi_generator/generator.go:435.71,437.2 1 10
github.com/vmware-tanzu/graph-framework-for-microservices/compiler/pkg/openapi_generator/generator.go:439.46,440.35 1 65
github.com/vmware-tanzu/graph-framework-for-microservices/compiler/pkg/openapi_generator/generator.go:443.2,445.30 3 29
github.com/vmware-tanzu/graph-framework-for-microservices/compiler/pkg/openapi_generator/generator.go:449.2,449.22 1 29
github.com/vmware-tanzu/graph-framework-for-microservices/compiler/pkg/openapi_generator/generator.go:440.35,442.3 1 36
github.com/vmware-tanzu/graph-framework-for-microservices/compiler/pkg/openapi_generator/generator.go:445.30,448.3 2 35
github.com/vmware-tanzu/graph-framework-for-microservices/compiler/pkg/openapi_generator/default_schemas.go:26.59,330.2 1 9
github.com/vmware-tanzu/graph-framework-for-microservices/compiler/pkg/openapi_generator/default_schemas.go:332.40,334.2 1 72
github.com/vmware-tanzu/graph-framework-for-microservices/compiler/pkg/openapi_generator/default_schemas.go:336.41,338.2 1 234
github.com/vmware-tanzu/graph-framework-for-microservices/compiler/pkg/openapi_generator/default_schemas.go:340.50,342.2 1 45
github.com/vmware-tanzu/graph-framework-for-microservices/compiler/pkg/openapi_generator/default_schemas.go:344.41,346.2 1 0
github.com/vmware-tanzu/graph-framework-for-microservices/compiler/pkg/openapi_generator/default_schemas.go:348.40,350.2 1 18
github.com/vmware-tanzu/graph-framework-for-microservices/compiler/pkg/openapi_generator/default_schemas.go:352.83,360.30 2 27
github.com/vmware-tanzu/graph-framework-for-microservices/compiler/pkg/openapi_generator/default_schemas.go:363.2,363.10 1 27
github.com/vmware-tanzu/graph-framework-for-microservices/compiler/pkg/openapi_generator/default_schemas.go:360.30,362.3 1 54
github.com/vmware-tanzu/graph-framework-for-microservices/compiler/pkg/openapi_generator/default_schemas.go:369.87,377.30 2 423
github.com/vmware-tanzu/graph-framework-for-microservices/compiler/pkg/openapi_generator/default_schemas.go:380.2,380.10 1 423
github.com/vmware-tanzu/graph-framework-for-microservices/compiler/pkg/openapi_generator/default_schemas.go:377.30,379.3 1 0
